

<!DOCTYPE html>
<html>

<head>
	<meta charset='UTF-8' /> 
	<meta name='description' content='' />
	<meta name='robots' content='noodp, noydir' />
	<meta name='viewport' content='width=device-width, initial-scale=1' />

	<link href='https://fonts.googleapis.com/css?family=Source+Sans+Pro:400,600' rel='stylesheet' type='text/css'>
	<link href="https://fonts.googleapis.com/icon?family=Material+Icons" rel="stylesheet">
	<link href='https://cdn.rawgit.com/anshooarora/extentreports-java/master/dist/css/extent.css' type='text/css' rel='stylesheet' />

	<title>Automation Testing Report</title>
	
</head>
	<body class='extent dark default hide-overflow '>
		<div id='theme-selector' alt='Click to toggle theme. To enable by default, use theme configuration.' title='Click to toggle theme. To enable by default, use theme configuration.'>
			<span><i class='material-icons'>desktop_windows</i></span>
		</div>

<nav>
	<div class="nav-wrapper">
		<a href="http://extentreports.relevantcodes.com" class="brand-logo blue darken-3">Extent</a>

		<!-- slideout menu -->
		<ul id='slide-out' class='side-nav fixed hide-on-med-and-down'>
			<li class='waves-effect active'><a href='#!' view='test-view' onclick="configureView(0);chartsView('test');"><i class='material-icons'>dashboard</i></a></li>
						<li class='waves-effect'><a href='#!' view='exception-view' onclick="configureView(2)"><i class='material-icons'>bug_report</i></a></li>
			<li class='waves-effect'><a href='#!' onclick="configureView(-1);chartsView('dashboard');" view='dashboard-view'><i class='material-icons'>track_changes</i></i></a></li>
		</ul>

		<!-- report name -->
		<span class='report-name'>CRM Report</span>
		
		<!-- report headline -->
		<span class='report-headline'></span>

		<!-- nav-right -->
		<ul id='nav-mobile' class='right hide-on-med-and-down nav-right'>
			<a>
				<span class='suite-start-time'>Nov 5, 2019, 2:45:47 PM</span>
			</a>
			<a>
				<span>v3.0.0</span>
			</a>
		</ul>
	</div>
</nav>
		<!-- container -->
		<div class='container'>

<div id='test-view' class='view'>
				
	<section id='controls'>
		<div class='controls grey lighten-4'>
			<!-- test toggle -->
			<div class='chip transparent'>
				<a class='dropdown-button tests-toggle' data-activates='tests-toggle' data-constrainwidth='true' data-beloworigin='true' data-hover='true' href='#'>
					<i class='material-icons'>warning</i> Status
				</a>
				<ul id='tests-toggle' class='dropdown-content'>
					<li status='pass'><a href='#!'>Pass <i class='material-icons green-text'>check_circle</i></a></li>
					<li status='fail'><a href='#!'>Fail <i class='material-icons red-text'>cancel</i></a></li>
					<li status='error'><a href='#!'>Error <i class='material-icons red-text lighten-2'>error</i></a></li>
					<li status='warning'><a href='#!'>Warning <i class='material-icons orange-text'>warning</i></a></li>
					<li status='skip'><a href='#!'>Skip <i class='material-icons cyan-text'>redo</i></a></li>
					<li class='divider'></li>
					<li status='clear' clear='true'><a href='#!'>Clear Filters <i class='material-icons'>clear</i></a></li>
				</ul>
			</div>
			<!-- test toggle -->

			<!-- category toggle -->
						<div class='chip transparent'>
				<a class='dropdown-button category-toggle' data-activates='category-toggle' data-constrainwidth='false' data-beloworigin='true' data-hover='true' href='#'>
					<i class='material-icons'>local_offer</i> Category
				</a>
				<ul id='category-toggle' class='dropdown-content'>
					<li class='divider'></li>
					<li class='clear'><a href='#!' clear='true'>Clear Filters</a></li>
				</ul>
			</div>
			<!-- category toggle -->

			<!-- clear filters -->
			<div class='chip transparent hide'>
				<a class='' id='clear-filters' alt='Clear Filters' title='Clear Filters'>
					<i class='material-icons'>close</i> Clear
				</a>
			</div>
			<!-- clear filters -->

			<!-- enable dashboard -->
			<div id='toggle-test-view-charts' class='chip transparent'>
				<a class='pink-text' id='enable-dashboard' alt='Enable Dashboard' title='Enable Dashboard'>
					<i class='material-icons'>track_changes</i> Dashboard
				</a>
			</div>
			<!-- enable dashboard -->

			<!-- search -->
			<div class='chip transparent' alt='Search Tests' title='Search Tests'>
				<a href="#" class='search-div'>
					<i class='material-icons'>search</i> Search
				</a>

				<div class='input-field left hide'>
					<input id='search-tests' type='text' class='validate browser-default' placeholder='Search Tests...'>
				</div>
				
			</div>
			<!-- search -->
		</div>
	</section>


<div id='test-view-charts' class='subview-full'>
	<div id='charts-row' class='row nm-v nm-h'>
		<div class='col s12 m6 l6 np-h'>
			<div class='card-panel nm-v'>
				<div class='left panel-name'>Tests</div>
				<div class='chart-box'>
					<canvas id='parent-analysis' width='100' height='80'></canvas>
				</div>
				<div class='block text-small'>
					<span><span class='strong'>79</span> test(s) passed</span>
				</div>
				<div class='block text-small'>
					<span class='strong'>7</span> test(s) failed, <span class='strong'>0</span> others
				</div>
			</div>
		</div>
		
		<div class='col s12 m6 l6 np-h'>
			<div class='card-panel nm-v'>
				<div class='left panel-name'>Steps</div>
				<div class='chart-box'>
					<canvas id='child-analysis' width='100' height='80'></canvas>
				</div>
				<div class='block text-small'>
					<span><span class='strong'>240</span> step(s) passed</span>
				</div>
				<div class='block text-small'>
					<span class='strong'>14</span> step(s) failed, <span class='strong'>0</span> others
				</div>
			</div>
		</div>
		
	</div>
</div>

	<div class='subview-left left'>
		
		<div class='view-summary'>
			<h5>Tests</h5>

			<ul id='test-collection' class='test-collection'>
				
				
				<li class='test displayed active  pass' status='pass' bdd='false' test-id='1'>
					<div class='test-heading'>
						<span class='test-name'>LoginIdaho</span>
						<span class='test-time'>Nov 5, 2019, 2:45:57 PM</span>
						<span class='test-status right pass'>pass</span>
					</div>
					<div class='test-content hide'>
<div class='test-time-info'>
	<span class='label start-time'>Nov 5, 2019, 2:45:57 PM</span>
	<span class='label end-time'>Nov 5, 2019, 3:18:29 PM</span>
	<span class='label time-taken grey lighten-1 white-text'>0h 32m 31s+636ms</span>
</div>
	<div class='test-steps'>
		<table class='bordered table-results'>
			<thead>
				<tr>
					<th>Status</th>
					<th>Timestamp</th>
					<th>Details</th>
				</tr>
			</thead>
			<tbody>
				<tr class='log' status='pass'>
					<td class='status pass' title='pass' alt='pass'><i class='material-icons'>check_circle</i></td>
					<td class='timestamp'>2:46:01 PM</td>
					<td class='step-details'></td>
				</tr>
				<tr class='log' status='pass'>
					<td class='status pass' title='pass' alt='pass'><i class='material-icons'>check_circle</i></td>
					<td class='timestamp'>2:46:01 PM</td>
					<td class='step-details'><span class='label white-text green'>LoginIdaho Test Case is Passed</span></td>
				</tr>
				<tr class='log' status='pass'>
					<td class='status pass' title='pass' alt='pass'><i class='material-icons'>check_circle</i></td>
					<td class='timestamp'>2:46:01 PM</td>
					<td class='step-details'>Please see attached screenshot</td>
				</tr>
			</tbody>
		</table>
	</div>
							<ul class='screenshots'>
								<li><img data-featherlight='D:/Automation/CRMandOrder/Screenshot/LoginIdaho.jpg' width='25%' src='D:/Automation/CRMandOrder/Screenshot/LoginIdaho.jpg'></li>
							</ul>
					</div>
				</li>
				
				
				<li class='test displayed active  pass' status='pass' bdd='false' test-id='2'>
					<div class='test-heading'>
						<span class='test-name'>VerifyOrdersDomain</span>
						<span class='test-time'>Nov 5, 2019, 2:46:02 PM</span>
						<span class='test-status right pass'>pass</span>
					</div>
					<div class='test-content hide'>
<div class='test-time-info'>
	<span class='label start-time'>Nov 5, 2019, 2:46:02 PM</span>
	<span class='label end-time'>Nov 5, 2019, 3:18:29 PM</span>
	<span class='label time-taken grey lighten-1 white-text'>0h 32m 27s+30ms</span>
</div>
	<div class='test-steps'>
		<table class='bordered table-results'>
			<thead>
				<tr>
					<th>Status</th>
					<th>Timestamp</th>
					<th>Details</th>
				</tr>
			</thead>
			<tbody>
				<tr class='log' status='pass'>
					<td class='status pass' title='pass' alt='pass'><i class='material-icons'>check_circle</i></td>
					<td class='timestamp'>2:46:23 PM</td>
					<td class='step-details'></td>
				</tr>
				<tr class='log' status='pass'>
					<td class='status pass' title='pass' alt='pass'><i class='material-icons'>check_circle</i></td>
					<td class='timestamp'>2:46:23 PM</td>
					<td class='step-details'><span class='label white-text green'>VerifyOrdersDomain Test Case is Passed</span></td>
				</tr>
				<tr class='log' status='pass'>
					<td class='status pass' title='pass' alt='pass'><i class='material-icons'>check_circle</i></td>
					<td class='timestamp'>2:46:23 PM</td>
					<td class='step-details'>Please see attached screenshot</td>
				</tr>
			</tbody>
		</table>
	</div>
							<ul class='screenshots'>
								<li><img data-featherlight='D:/Automation/CRMandOrder/Screenshot/VerifyOrdersDomain.jpg' width='25%' src='D:/Automation/CRMandOrder/Screenshot/VerifyOrdersDomain.jpg'></li>
							</ul>
					</div>
				</li>
				
				
				<li class='test displayed active  pass' status='pass' bdd='false' test-id='3'>
					<div class='test-heading'>
						<span class='test-name'>ValidatingCompanyRequiredField</span>
						<span class='test-time'>Nov 5, 2019, 2:46:23 PM</span>
						<span class='test-status right pass'>pass</span>
					</div>
					<div class='test-content hide'>
<div class='test-time-info'>
	<span class='label start-time'>Nov 5, 2019, 2:46:23 PM</span>
	<span class='label end-time'>Nov 5, 2019, 3:18:29 PM</span>
	<span class='label time-taken grey lighten-1 white-text'>0h 32m 5s+589ms</span>
</div>
	<div class='test-steps'>
		<table class='bordered table-results'>
			<thead>
				<tr>
					<th>Status</th>
					<th>Timestamp</th>
					<th>Details</th>
				</tr>
			</thead>
			<tbody>
				<tr class='log' status='pass'>
					<td class='status pass' title='pass' alt='pass'><i class='material-icons'>check_circle</i></td>
					<td class='timestamp'>2:46:32 PM</td>
					<td class='step-details'></td>
				</tr>
				<tr class='log' status='pass'>
					<td class='status pass' title='pass' alt='pass'><i class='material-icons'>check_circle</i></td>
					<td class='timestamp'>2:46:32 PM</td>
					<td class='step-details'><span class='label white-text green'>ValidatingCompanyRequiredField Test Case is Passed</span></td>
				</tr>
				<tr class='log' status='pass'>
					<td class='status pass' title='pass' alt='pass'><i class='material-icons'>check_circle</i></td>
					<td class='timestamp'>2:46:32 PM</td>
					<td class='step-details'>Please see attached screenshot</td>
				</tr>
			</tbody>
		</table>
	</div>
							<ul class='screenshots'>
								<li><img data-featherlight='D:/Automation/CRMandOrder/Screenshot/ValidatingCompanyRequiredField.jpg' width='25%' src='D:/Automation/CRMandOrder/Screenshot/ValidatingCompanyRequiredField.jpg'></li>
							</ul>
					</div>
				</li>
				
				
				<li class='test displayed active  pass' status='pass' bdd='false' test-id='4'>
					<div class='test-heading'>
						<span class='test-name'>VerifyStateDDwrtCountry</span>
						<span class='test-time'>Nov 5, 2019, 2:46:33 PM</span>
						<span class='test-status right pass'>pass</span>
					</div>
					<div class='test-content hide'>
<div class='test-time-info'>
	<span class='label start-time'>Nov 5, 2019, 2:46:33 PM</span>
	<span class='label end-time'>Nov 5, 2019, 3:18:29 PM</span>
	<span class='label time-taken grey lighten-1 white-text'>0h 31m 56s+33ms</span>
</div>
	<div class='test-steps'>
		<table class='bordered table-results'>
			<thead>
				<tr>
					<th>Status</th>
					<th>Timestamp</th>
					<th>Details</th>
				</tr>
			</thead>
			<tbody>
				<tr class='log' status='pass'>
					<td class='status pass' title='pass' alt='pass'><i class='material-icons'>check_circle</i></td>
					<td class='timestamp'>2:46:47 PM</td>
					<td class='step-details'></td>
				</tr>
				<tr class='log' status='pass'>
					<td class='status pass' title='pass' alt='pass'><i class='material-icons'>check_circle</i></td>
					<td class='timestamp'>2:46:47 PM</td>
					<td class='step-details'><span class='label white-text green'>VerifyStateDDwrtCountry Test Case is Passed</span></td>
				</tr>
				<tr class='log' status='pass'>
					<td class='status pass' title='pass' alt='pass'><i class='material-icons'>check_circle</i></td>
					<td class='timestamp'>2:46:47 PM</td>
					<td class='step-details'>Please see attached screenshot</td>
				</tr>
			</tbody>
		</table>
	</div>
							<ul class='screenshots'>
								<li><img data-featherlight='D:/Automation/CRMandOrder/Screenshot/VerifyStateDDwrtCountry.jpg' width='25%' src='D:/Automation/CRMandOrder/Screenshot/VerifyStateDDwrtCountry.jpg'></li>
							</ul>
					</div>
				</li>
				
				
				<li class='test displayed active  pass' status='pass' bdd='false' test-id='5'>
					<div class='test-heading'>
						<span class='test-name'>CreateCustomerCompany</span>
						<span class='test-time'>Nov 5, 2019, 2:47:02 PM</span>
						<span class='test-status right pass'>pass</span>
					</div>
					<div class='test-content hide'>
<div class='test-time-info'>
	<span class='label start-time'>Nov 5, 2019, 2:47:02 PM</span>
	<span class='label end-time'>Nov 5, 2019, 3:18:29 PM</span>
	<span class='label time-taken grey lighten-1 white-text'>0h 31m 26s+298ms</span>
</div>
	<div class='test-steps'>
		<table class='bordered table-results'>
			<thead>
				<tr>
					<th>Status</th>
					<th>Timestamp</th>
					<th>Details</th>
				</tr>
			</thead>
			<tbody>
				<tr class='log' status='pass'>
					<td class='status pass' title='pass' alt='pass'><i class='material-icons'>check_circle</i></td>
					<td class='timestamp'>2:47:41 PM</td>
					<td class='step-details'></td>
				</tr>
				<tr class='log' status='pass'>
					<td class='status pass' title='pass' alt='pass'><i class='material-icons'>check_circle</i></td>
					<td class='timestamp'>2:47:41 PM</td>
					<td class='step-details'><span class='label white-text green'>CreateCustomerCompany Test Case is Passed</span></td>
				</tr>
				<tr class='log' status='pass'>
					<td class='status pass' title='pass' alt='pass'><i class='material-icons'>check_circle</i></td>
					<td class='timestamp'>2:47:41 PM</td>
					<td class='step-details'>Please see attached screenshot</td>
				</tr>
			</tbody>
		</table>
	</div>
							<ul class='screenshots'>
								<li><img data-featherlight='D:/Automation/CRMandOrder/Screenshot/CreateCustomerCompany.jpg' width='25%' src='D:/Automation/CRMandOrder/Screenshot/CreateCustomerCompany.jpg'></li>
							</ul>
					</div>
				</li>
				
				
				<li class='test displayed active  pass' status='pass' bdd='false' test-id='6'>
					<div class='test-heading'>
						<span class='test-name'>CreateContactUnderCompany</span>
						<span class='test-time'>Nov 5, 2019, 2:47:41 PM</span>
						<span class='test-status right pass'>pass</span>
					</div>
					<div class='test-content hide'>
<div class='test-time-info'>
	<span class='label start-time'>Nov 5, 2019, 2:47:41 PM</span>
	<span class='label end-time'>Nov 5, 2019, 3:18:29 PM</span>
	<span class='label time-taken grey lighten-1 white-text'>0h 30m 47s+571ms</span>
</div>
	<div class='test-steps'>
		<table class='bordered table-results'>
			<thead>
				<tr>
					<th>Status</th>
					<th>Timestamp</th>
					<th>Details</th>
				</tr>
			</thead>
			<tbody>
				<tr class='log' status='pass'>
					<td class='status pass' title='pass' alt='pass'><i class='material-icons'>check_circle</i></td>
					<td class='timestamp'>2:48:06 PM</td>
					<td class='step-details'></td>
				</tr>
				<tr class='log' status='pass'>
					<td class='status pass' title='pass' alt='pass'><i class='material-icons'>check_circle</i></td>
					<td class='timestamp'>2:48:06 PM</td>
					<td class='step-details'><span class='label white-text green'>CreateContactUnderCompany Test Case is Passed</span></td>
				</tr>
				<tr class='log' status='pass'>
					<td class='status pass' title='pass' alt='pass'><i class='material-icons'>check_circle</i></td>
					<td class='timestamp'>2:48:06 PM</td>
					<td class='step-details'>Please see attached screenshot</td>
				</tr>
				<tr class='log' status='pass'>
					<td class='status pass' title='pass' alt='pass'><i class='material-icons'>check_circle</i></td>
					<td class='timestamp'>2:48:28 PM</td>
					<td class='step-details'></td>
				</tr>
				<tr class='log' status='pass'>
					<td class='status pass' title='pass' alt='pass'><i class='material-icons'>check_circle</i></td>
					<td class='timestamp'>2:48:28 PM</td>
					<td class='step-details'><span class='label white-text green'>VerifyPrimaryEmailInOrder Test Case is Passed</span></td>
				</tr>
				<tr class='log' status='pass'>
					<td class='status pass' title='pass' alt='pass'><i class='material-icons'>check_circle</i></td>
					<td class='timestamp'>2:48:28 PM</td>
					<td class='step-details'>Please see attached screenshot</td>
				</tr>
			</tbody>
		</table>
	</div>
							<ul class='screenshots'>
								<li><img data-featherlight='D:/Automation/CRMandOrder/Screenshot/CreateContactUnderCompany.jpg' width='25%' src='D:/Automation/CRMandOrder/Screenshot/CreateContactUnderCompany.jpg'></li>
								<li><img data-featherlight='D:/Automation/CRMandOrder/Screenshot/VerifyPrimaryEmailInOrder.jpg' width='25%' src='D:/Automation/CRMandOrder/Screenshot/VerifyPrimaryEmailInOrder.jpg'></li>
							</ul>
					</div>
				</li>
				
				
				<li class='test displayed active  pass' status='pass' bdd='false' test-id='7'>
					<div class='test-heading'>
						<span class='test-name'>DeleteCustomerCompany</span>
						<span class='test-time'>Nov 5, 2019, 2:48:28 PM</span>
						<span class='test-status right pass'>pass</span>
					</div>
					<div class='test-content hide'>
<div class='test-time-info'>
	<span class='label start-time'>Nov 5, 2019, 2:48:28 PM</span>
	<span class='label end-time'>Nov 5, 2019, 3:18:29 PM</span>
	<span class='label time-taken grey lighten-1 white-text'>0h 30m 0s+700ms</span>
</div>
	<div class='test-steps'>
		<table class='bordered table-results'>
			<thead>
				<tr>
					<th>Status</th>
					<th>Timestamp</th>
					<th>Details</th>
				</tr>
			</thead>
			<tbody>
				<tr class='log' status='pass'>
					<td class='status pass' title='pass' alt='pass'><i class='material-icons'>check_circle</i></td>
					<td class='timestamp'>2:48:48 PM</td>
					<td class='step-details'></td>
				</tr>
				<tr class='log' status='pass'>
					<td class='status pass' title='pass' alt='pass'><i class='material-icons'>check_circle</i></td>
					<td class='timestamp'>2:48:48 PM</td>
					<td class='step-details'><span class='label white-text green'>DeleteCustomerCompany Test Case is Passed</span></td>
				</tr>
				<tr class='log' status='pass'>
					<td class='status pass' title='pass' alt='pass'><i class='material-icons'>check_circle</i></td>
					<td class='timestamp'>2:48:48 PM</td>
					<td class='step-details'>Please see attached screenshot</td>
				</tr>
			</tbody>
		</table>
	</div>
							<ul class='screenshots'>
								<li><img data-featherlight='D:/Automation/CRMandOrder/Screenshot/DeleteCustomerCompany.jpg' width='25%' src='D:/Automation/CRMandOrder/Screenshot/DeleteCustomerCompany.jpg'></li>
							</ul>
					</div>
				</li>
				
				
				<li class='test displayed active  pass' status='pass' bdd='false' test-id='8'>
					<div class='test-heading'>
						<span class='test-name'>CreateSupplierCompany</span>
						<span class='test-time'>Nov 5, 2019, 2:49:03 PM</span>
						<span class='test-status right pass'>pass</span>
					</div>
					<div class='test-content hide'>
<div class='test-time-info'>
	<span class='label start-time'>Nov 5, 2019, 2:49:03 PM</span>
	<span class='label end-time'>Nov 5, 2019, 3:18:29 PM</span>
	<span class='label time-taken grey lighten-1 white-text'>0h 29m 25s+226ms</span>
</div>
	<div class='test-steps'>
		<table class='bordered table-results'>
			<thead>
				<tr>
					<th>Status</th>
					<th>Timestamp</th>
					<th>Details</th>
				</tr>
			</thead>
			<tbody>
				<tr class='log' status='pass'>
					<td class='status pass' title='pass' alt='pass'><i class='material-icons'>check_circle</i></td>
					<td class='timestamp'>2:49:42 PM</td>
					<td class='step-details'></td>
				</tr>
				<tr class='log' status='pass'>
					<td class='status pass' title='pass' alt='pass'><i class='material-icons'>check_circle</i></td>
					<td class='timestamp'>2:49:42 PM</td>
					<td class='step-details'><span class='label white-text green'>CreateSupplierCompany Test Case is Passed</span></td>
				</tr>
				<tr class='log' status='pass'>
					<td class='status pass' title='pass' alt='pass'><i class='material-icons'>check_circle</i></td>
					<td class='timestamp'>2:49:42 PM</td>
					<td class='step-details'>Please see attached screenshot</td>
				</tr>
			</tbody>
		</table>
	</div>
							<ul class='screenshots'>
								<li><img data-featherlight='D:/Automation/CRMandOrder/Screenshot/CreateSupplierCompany.jpg' width='25%' src='D:/Automation/CRMandOrder/Screenshot/CreateSupplierCompany.jpg'></li>
							</ul>
					</div>
				</li>
				
				
				<li class='test displayed active  pass' status='pass' bdd='false' test-id='9'>
					<div class='test-heading'>
						<span class='test-name'>DeleteSupplierCompany</span>
						<span class='test-time'>Nov 5, 2019, 2:49:42 PM</span>
						<span class='test-status right pass'>pass</span>
					</div>
					<div class='test-content hide'>
<div class='test-time-info'>
	<span class='label start-time'>Nov 5, 2019, 2:49:42 PM</span>
	<span class='label end-time'>Nov 5, 2019, 3:18:29 PM</span>
	<span class='label time-taken grey lighten-1 white-text'>0h 28m 46s+689ms</span>
</div>
	<div class='test-steps'>
		<table class='bordered table-results'>
			<thead>
				<tr>
					<th>Status</th>
					<th>Timestamp</th>
					<th>Details</th>
				</tr>
			</thead>
			<tbody>
				<tr class='log' status='pass'>
					<td class='status pass' title='pass' alt='pass'><i class='material-icons'>check_circle</i></td>
					<td class='timestamp'>2:49:55 PM</td>
					<td class='step-details'></td>
				</tr>
				<tr class='log' status='pass'>
					<td class='status pass' title='pass' alt='pass'><i class='material-icons'>check_circle</i></td>
					<td class='timestamp'>2:49:55 PM</td>
					<td class='step-details'><span class='label white-text green'>DeleteSupplierCompany Test Case is Passed</span></td>
				</tr>
				<tr class='log' status='pass'>
					<td class='status pass' title='pass' alt='pass'><i class='material-icons'>check_circle</i></td>
					<td class='timestamp'>2:49:55 PM</td>
					<td class='step-details'>Please see attached screenshot</td>
				</tr>
			</tbody>
		</table>
	</div>
							<ul class='screenshots'>
								<li><img data-featherlight='D:/Automation/CRMandOrder/Screenshot/DeleteSupplierCompany.jpg' width='25%' src='D:/Automation/CRMandOrder/Screenshot/DeleteSupplierCompany.jpg'></li>
							</ul>
					</div>
				</li>
				
				
				<li class='test displayed active  pass' status='pass' bdd='false' test-id='10'>
					<div class='test-heading'>
						<span class='test-name'>CreateDecoratorCompany</span>
						<span class='test-time'>Nov 5, 2019, 2:50:10 PM</span>
						<span class='test-status right pass'>pass</span>
					</div>
					<div class='test-content hide'>
<div class='test-time-info'>
	<span class='label start-time'>Nov 5, 2019, 2:50:10 PM</span>
	<span class='label end-time'>Nov 5, 2019, 3:18:29 PM</span>
	<span class='label time-taken grey lighten-1 white-text'>0h 28m 18s+153ms</span>
</div>
	<div class='test-steps'>
		<table class='bordered table-results'>
			<thead>
				<tr>
					<th>Status</th>
					<th>Timestamp</th>
					<th>Details</th>
				</tr>
			</thead>
			<tbody>
				<tr class='log' status='pass'>
					<td class='status pass' title='pass' alt='pass'><i class='material-icons'>check_circle</i></td>
					<td class='timestamp'>2:50:48 PM</td>
					<td class='step-details'></td>
				</tr>
				<tr class='log' status='pass'>
					<td class='status pass' title='pass' alt='pass'><i class='material-icons'>check_circle</i></td>
					<td class='timestamp'>2:50:48 PM</td>
					<td class='step-details'><span class='label white-text green'>CreateDecoratorCompany Test Case is Passed</span></td>
				</tr>
				<tr class='log' status='pass'>
					<td class='status pass' title='pass' alt='pass'><i class='material-icons'>check_circle</i></td>
					<td class='timestamp'>2:50:48 PM</td>
					<td class='step-details'>Please see attached screenshot</td>
				</tr>
			</tbody>
		</table>
	</div>
							<ul class='screenshots'>
								<li><img data-featherlight='D:/Automation/CRMandOrder/Screenshot/CreateDecoratorCompany.jpg' width='25%' src='D:/Automation/CRMandOrder/Screenshot/CreateDecoratorCompany.jpg'></li>
							</ul>
					</div>
				</li>
				
				
				<li class='test displayed active  pass' status='pass' bdd='false' test-id='11'>
					<div class='test-heading'>
						<span class='test-name'>DeleteDecoraorCompany</span>
						<span class='test-time'>Nov 5, 2019, 2:50:48 PM</span>
						<span class='test-status right pass'>pass</span>
					</div>
					<div class='test-content hide'>
<div class='test-time-info'>
	<span class='label start-time'>Nov 5, 2019, 2:50:48 PM</span>
	<span class='label end-time'>Nov 5, 2019, 3:18:29 PM</span>
	<span class='label time-taken grey lighten-1 white-text'>0h 27m 40s+238ms</span>
</div>
	<div class='test-steps'>
		<table class='bordered table-results'>
			<thead>
				<tr>
					<th>Status</th>
					<th>Timestamp</th>
					<th>Details</th>
				</tr>
			</thead>
			<tbody>
				<tr class='log' status='pass'>
					<td class='status pass' title='pass' alt='pass'><i class='material-icons'>check_circle</i></td>
					<td class='timestamp'>2:51:02 PM</td>
					<td class='step-details'></td>
				</tr>
				<tr class='log' status='pass'>
					<td class='status pass' title='pass' alt='pass'><i class='material-icons'>check_circle</i></td>
					<td class='timestamp'>2:51:02 PM</td>
					<td class='step-details'><span class='label white-text green'>DeleteDecoraorCompany Test Case is Passed</span></td>
				</tr>
				<tr class='log' status='pass'>
					<td class='status pass' title='pass' alt='pass'><i class='material-icons'>check_circle</i></td>
					<td class='timestamp'>2:51:02 PM</td>
					<td class='step-details'>Please see attached screenshot</td>
				</tr>
			</tbody>
		</table>
	</div>
							<ul class='screenshots'>
								<li><img data-featherlight='D:/Automation/CRMandOrder/Screenshot/DeleteDecoraorCompany.jpg' width='25%' src='D:/Automation/CRMandOrder/Screenshot/DeleteDecoraorCompany.jpg'></li>
							</ul>
					</div>
				</li>
				
				
				<li class='test displayed active  pass' status='pass' bdd='false' test-id='12'>
					<div class='test-heading'>
						<span class='test-name'>CreateProspectCompany</span>
						<span class='test-time'>Nov 5, 2019, 2:51:17 PM</span>
						<span class='test-status right pass'>pass</span>
					</div>
					<div class='test-content hide'>
<div class='test-time-info'>
	<span class='label start-time'>Nov 5, 2019, 2:51:17 PM</span>
	<span class='label end-time'>Nov 5, 2019, 3:18:29 PM</span>
	<span class='label time-taken grey lighten-1 white-text'>0h 27m 11s+594ms</span>
</div>
	<div class='test-steps'>
		<table class='bordered table-results'>
			<thead>
				<tr>
					<th>Status</th>
					<th>Timestamp</th>
					<th>Details</th>
				</tr>
			</thead>
			<tbody>
				<tr class='log' status='pass'>
					<td class='status pass' title='pass' alt='pass'><i class='material-icons'>check_circle</i></td>
					<td class='timestamp'>2:51:55 PM</td>
					<td class='step-details'></td>
				</tr>
				<tr class='log' status='pass'>
					<td class='status pass' title='pass' alt='pass'><i class='material-icons'>check_circle</i></td>
					<td class='timestamp'>2:51:55 PM</td>
					<td class='step-details'><span class='label white-text green'>CreateProspectCompany Test Case is Passed</span></td>
				</tr>
				<tr class='log' status='pass'>
					<td class='status pass' title='pass' alt='pass'><i class='material-icons'>check_circle</i></td>
					<td class='timestamp'>2:51:55 PM</td>
					<td class='step-details'>Please see attached screenshot</td>
				</tr>
			</tbody>
		</table>
	</div>
							<ul class='screenshots'>
								<li><img data-featherlight='D:/Automation/CRMandOrder/Screenshot/CreateProspectCompany.jpg' width='25%' src='D:/Automation/CRMandOrder/Screenshot/CreateProspectCompany.jpg'></li>
							</ul>
					</div>
				</li>
				
				
				<li class='test displayed active  pass' status='pass' bdd='false' test-id='13'>
					<div class='test-heading'>
						<span class='test-name'>DeleteProspectCompany</span>
						<span class='test-time'>Nov 5, 2019, 2:51:55 PM</span>
						<span class='test-status right pass'>pass</span>
					</div>
					<div class='test-content hide'>
<div class='test-time-info'>
	<span class='label start-time'>Nov 5, 2019, 2:51:55 PM</span>
	<span class='label end-time'>Nov 5, 2019, 3:18:29 PM</span>
	<span class='label time-taken grey lighten-1 white-text'>0h 26m 33s+723ms</span>
</div>
	<div class='test-steps'>
		<table class='bordered table-results'>
			<thead>
				<tr>
					<th>Status</th>
					<th>Timestamp</th>
					<th>Details</th>
				</tr>
			</thead>
			<tbody>
				<tr class='log' status='pass'>
					<td class='status pass' title='pass' alt='pass'><i class='material-icons'>check_circle</i></td>
					<td class='timestamp'>2:52:08 PM</td>
					<td class='step-details'></td>
				</tr>
				<tr class='log' status='pass'>
					<td class='status pass' title='pass' alt='pass'><i class='material-icons'>check_circle</i></td>
					<td class='timestamp'>2:52:08 PM</td>
					<td class='step-details'><span class='label white-text green'>DeleteProspectCompany Test Case is Passed</span></td>
				</tr>
				<tr class='log' status='pass'>
					<td class='status pass' title='pass' alt='pass'><i class='material-icons'>check_circle</i></td>
					<td class='timestamp'>2:52:08 PM</td>
					<td class='step-details'>Please see attached screenshot</td>
				</tr>
			</tbody>
		</table>
	</div>
							<ul class='screenshots'>
								<li><img data-featherlight='D:/Automation/CRMandOrder/Screenshot/DeleteProspectCompany.jpg' width='25%' src='D:/Automation/CRMandOrder/Screenshot/DeleteProspectCompany.jpg'></li>
							</ul>
					</div>
				</li>
				
				
				<li class='test displayed active  pass' status='pass' bdd='false' test-id='14'>
					<div class='test-heading'>
						<span class='test-name'>CreateCompany</span>
						<span class='test-time'>Nov 5, 2019, 2:52:08 PM</span>
						<span class='test-status right pass'>pass</span>
					</div>
					<div class='test-content hide'>
<div class='test-time-info'>
	<span class='label start-time'>Nov 5, 2019, 2:52:08 PM</span>
	<span class='label end-time'>Nov 5, 2019, 3:18:29 PM</span>
	<span class='label time-taken grey lighten-1 white-text'>0h 26m 20s+209ms</span>
</div>
	<div class='test-steps'>
		<table class='bordered table-results'>
			<thead>
				<tr>
					<th>Status</th>
					<th>Timestamp</th>
					<th>Details</th>
				</tr>
			</thead>
			<tbody>
				<tr class='log' status='pass'>
					<td class='status pass' title='pass' alt='pass'><i class='material-icons'>check_circle</i></td>
					<td class='timestamp'>2:52:47 PM</td>
					<td class='step-details'></td>
				</tr>
				<tr class='log' status='pass'>
					<td class='status pass' title='pass' alt='pass'><i class='material-icons'>check_circle</i></td>
					<td class='timestamp'>2:52:47 PM</td>
					<td class='step-details'><span class='label white-text green'>CreateCompany Test Case is Passed</span></td>
				</tr>
				<tr class='log' status='pass'>
					<td class='status pass' title='pass' alt='pass'><i class='material-icons'>check_circle</i></td>
					<td class='timestamp'>2:52:47 PM</td>
					<td class='step-details'>Please see attached screenshot</td>
				</tr>
			</tbody>
		</table>
	</div>
							<ul class='screenshots'>
								<li><img data-featherlight='D:/Automation/CRMandOrder/Screenshot/CreateCompany.jpg' width='25%' src='D:/Automation/CRMandOrder/Screenshot/CreateCompany.jpg'></li>
							</ul>
					</div>
				</li>
				
				
				<li class='test displayed active  pass' status='pass' bdd='false' test-id='15'>
					<div class='test-heading'>
						<span class='test-name'>VerifyBillingInfoInOrder</span>
						<span class='test-time'>Nov 5, 2019, 2:52:47 PM</span>
						<span class='test-status right pass'>pass</span>
					</div>
					<div class='test-content hide'>
<div class='test-time-info'>
	<span class='label start-time'>Nov 5, 2019, 2:52:47 PM</span>
	<span class='label end-time'>Nov 5, 2019, 3:18:29 PM</span>
	<span class='label time-taken grey lighten-1 white-text'>0h 25m 41s+164ms</span>
</div>
	<div class='test-steps'>
		<table class='bordered table-results'>
			<thead>
				<tr>
					<th>Status</th>
					<th>Timestamp</th>
					<th>Details</th>
				</tr>
			</thead>
			<tbody>
				<tr class='log' status='pass'>
					<td class='status pass' title='pass' alt='pass'><i class='material-icons'>check_circle</i></td>
					<td class='timestamp'>2:53:05 PM</td>
					<td class='step-details'></td>
				</tr>
				<tr class='log' status='pass'>
					<td class='status pass' title='pass' alt='pass'><i class='material-icons'>check_circle</i></td>
					<td class='timestamp'>2:53:05 PM</td>
					<td class='step-details'><span class='label white-text green'>VerifyBillingInfoInOrder Test Case is Passed</span></td>
				</tr>
				<tr class='log' status='pass'>
					<td class='status pass' title='pass' alt='pass'><i class='material-icons'>check_circle</i></td>
					<td class='timestamp'>2:53:05 PM</td>
					<td class='step-details'>Please see attached screenshot</td>
				</tr>
			</tbody>
		</table>
	</div>
							<ul class='screenshots'>
								<li><img data-featherlight='D:/Automation/CRMandOrder/Screenshot/VerifyBillingInfoInOrder.jpg' width='25%' src='D:/Automation/CRMandOrder/Screenshot/VerifyBillingInfoInOrder.jpg'></li>
							</ul>
					</div>
				</li>
				
				
				<li class='test displayed active  pass' status='pass' bdd='false' test-id='16'>
					<div class='test-heading'>
						<span class='test-name'>VerifyRecordOwn</span>
						<span class='test-time'>Nov 5, 2019, 2:53:15 PM</span>
						<span class='test-status right pass'>pass</span>
					</div>
					<div class='test-content hide'>
<div class='test-time-info'>
	<span class='label start-time'>Nov 5, 2019, 2:53:15 PM</span>
	<span class='label end-time'>Nov 5, 2019, 3:18:29 PM</span>
	<span class='label time-taken grey lighten-1 white-text'>0h 25m 13s+186ms</span>
</div>
	<div class='test-steps'>
		<table class='bordered table-results'>
			<thead>
				<tr>
					<th>Status</th>
					<th>Timestamp</th>
					<th>Details</th>
				</tr>
			</thead>
			<tbody>
				<tr class='log' status='pass'>
					<td class='status pass' title='pass' alt='pass'><i class='material-icons'>check_circle</i></td>
					<td class='timestamp'>2:53:16 PM</td>
					<td class='step-details'></td>
				</tr>
				<tr class='log' status='pass'>
					<td class='status pass' title='pass' alt='pass'><i class='material-icons'>check_circle</i></td>
					<td class='timestamp'>2:53:16 PM</td>
					<td class='step-details'><span class='label white-text green'>VerifyRecordOwn Test Case is Passed</span></td>
				</tr>
				<tr class='log' status='pass'>
					<td class='status pass' title='pass' alt='pass'><i class='material-icons'>check_circle</i></td>
					<td class='timestamp'>2:53:16 PM</td>
					<td class='step-details'>Please see attached screenshot</td>
				</tr>
			</tbody>
		</table>
	</div>
							<ul class='screenshots'>
								<li><img data-featherlight='D:/Automation/CRMandOrder/Screenshot/VerifyRecordOwn.jpg' width='25%' src='D:/Automation/CRMandOrder/Screenshot/VerifyRecordOwn.jpg'></li>
							</ul>
					</div>
				</li>
				
				
				<li class='test displayed active  pass' status='pass' bdd='false' test-id='17'>
					<div class='test-heading'>
						<span class='test-name'>VerifyCompanyDefaultVisibility</span>
						<span class='test-time'>Nov 5, 2019, 2:53:16 PM</span>
						<span class='test-status right pass'>pass</span>
					</div>
					<div class='test-content hide'>
<div class='test-time-info'>
	<span class='label start-time'>Nov 5, 2019, 2:53:16 PM</span>
	<span class='label end-time'>Nov 5, 2019, 3:18:29 PM</span>
	<span class='label time-taken grey lighten-1 white-text'>0h 25m 13s+61ms</span>
</div>
	<div class='test-steps'>
		<table class='bordered table-results'>
			<thead>
				<tr>
					<th>Status</th>
					<th>Timestamp</th>
					<th>Details</th>
				</tr>
			</thead>
			<tbody>
				<tr class='log' status='pass'>
					<td class='status pass' title='pass' alt='pass'><i class='material-icons'>check_circle</i></td>
					<td class='timestamp'>2:53:18 PM</td>
					<td class='step-details'></td>
				</tr>
				<tr class='log' status='pass'>
					<td class='status pass' title='pass' alt='pass'><i class='material-icons'>check_circle</i></td>
					<td class='timestamp'>2:53:18 PM</td>
					<td class='step-details'><span class='label white-text green'>VerifyCompanyDefaultVisibility Test Case is Passed</span></td>
				</tr>
				<tr class='log' status='pass'>
					<td class='status pass' title='pass' alt='pass'><i class='material-icons'>check_circle</i></td>
					<td class='timestamp'>2:53:18 PM</td>
					<td class='step-details'>Please see attached screenshot</td>
				</tr>
			</tbody>
		</table>
	</div>
							<ul class='screenshots'>
								<li><img data-featherlight='D:/Automation/CRMandOrder/Screenshot/VerifyCompanyDefaultVisibility.jpg' width='25%' src='D:/Automation/CRMandOrder/Screenshot/VerifyCompanyDefaultVisibility.jpg'></li>
							</ul>
					</div>
				</li>
				
				
				<li class='test displayed active  pass' status='pass' bdd='false' test-id='18'>
					<div class='test-heading'>
						<span class='test-name'>CompanyUpdatedVisibility</span>
						<span class='test-time'>Nov 5, 2019, 2:53:18 PM</span>
						<span class='test-status right pass'>pass</span>
					</div>
					<div class='test-content hide'>
<div class='test-time-info'>
	<span class='label start-time'>Nov 5, 2019, 2:53:18 PM</span>
	<span class='label end-time'>Nov 5, 2019, 3:18:29 PM</span>
	<span class='label time-taken grey lighten-1 white-text'>0h 25m 10s+317ms</span>
</div>
	<div class='test-steps'>
		<table class='bordered table-results'>
			<thead>
				<tr>
					<th>Status</th>
					<th>Timestamp</th>
					<th>Details</th>
				</tr>
			</thead>
			<tbody>
				<tr class='log' status='pass'>
					<td class='status pass' title='pass' alt='pass'><i class='material-icons'>check_circle</i></td>
					<td class='timestamp'>2:53:25 PM</td>
					<td class='step-details'></td>
				</tr>
				<tr class='log' status='pass'>
					<td class='status pass' title='pass' alt='pass'><i class='material-icons'>check_circle</i></td>
					<td class='timestamp'>2:53:25 PM</td>
					<td class='step-details'><span class='label white-text green'>CompanyUpdatedVisibility Test Case is Passed</span></td>
				</tr>
				<tr class='log' status='pass'>
					<td class='status pass' title='pass' alt='pass'><i class='material-icons'>check_circle</i></td>
					<td class='timestamp'>2:53:25 PM</td>
					<td class='step-details'>Please see attached screenshot</td>
				</tr>
			</tbody>
		</table>
	</div>
							<ul class='screenshots'>
								<li><img data-featherlight='D:/Automation/CRMandOrder/Screenshot/CompanyUpdatedVisibility.jpg' width='25%' src='D:/Automation/CRMandOrder/Screenshot/CompanyUpdatedVisibility.jpg'></li>
							</ul>
					</div>
				</li>
				
				
				<li class='test displayed active  pass' status='pass' bdd='false' test-id='19'>
					<div class='test-heading'>
						<span class='test-name'>VerifyCompanyDetails</span>
						<span class='test-time'>Nov 5, 2019, 2:53:25 PM</span>
						<span class='test-status right pass'>pass</span>
					</div>
					<div class='test-content hide'>
<div class='test-time-info'>
	<span class='label start-time'>Nov 5, 2019, 2:53:25 PM</span>
	<span class='label end-time'>Nov 5, 2019, 3:18:29 PM</span>
	<span class='label time-taken grey lighten-1 white-text'>0h 25m 3s+182ms</span>
</div>
	<div class='test-steps'>
		<table class='bordered table-results'>
			<thead>
				<tr>
					<th>Status</th>
					<th>Timestamp</th>
					<th>Details</th>
				</tr>
			</thead>
			<tbody>
				<tr class='log' status='pass'>
					<td class='status pass' title='pass' alt='pass'><i class='material-icons'>check_circle</i></td>
					<td class='timestamp'>2:53:31 PM</td>
					<td class='step-details'></td>
				</tr>
				<tr class='log' status='pass'>
					<td class='status pass' title='pass' alt='pass'><i class='material-icons'>check_circle</i></td>
					<td class='timestamp'>2:53:31 PM</td>
					<td class='step-details'><span class='label white-text green'>VerifyCompanyDetails Test Case is Passed</span></td>
				</tr>
				<tr class='log' status='pass'>
					<td class='status pass' title='pass' alt='pass'><i class='material-icons'>check_circle</i></td>
					<td class='timestamp'>2:53:31 PM</td>
					<td class='step-details'>Please see attached screenshot</td>
				</tr>
			</tbody>
		</table>
	</div>
							<ul class='screenshots'>
								<li><img data-featherlight='D:/Automation/CRMandOrder/Screenshot/VerifyCompanyDetails.jpg' width='25%' src='D:/Automation/CRMandOrder/Screenshot/VerifyCompanyDetails.jpg'></li>
							</ul>
					</div>
				</li>
				
				
				<li class='test displayed active  pass' status='pass' bdd='false' test-id='20'>
					<div class='test-heading'>
						<span class='test-name'>AddCompanyAddress</span>
						<span class='test-time'>Nov 5, 2019, 2:53:31 PM</span>
						<span class='test-status right pass'>pass</span>
					</div>
					<div class='test-content hide'>
<div class='test-time-info'>
	<span class='label start-time'>Nov 5, 2019, 2:53:31 PM</span>
	<span class='label end-time'>Nov 5, 2019, 3:18:29 PM</span>
	<span class='label time-taken grey lighten-1 white-text'>0h 24m 57s+754ms</span>
</div>
	<div class='test-steps'>
		<table class='bordered table-results'>
			<thead>
				<tr>
					<th>Status</th>
					<th>Timestamp</th>
					<th>Details</th>
				</tr>
			</thead>
			<tbody>
				<tr class='log' status='pass'>
					<td class='status pass' title='pass' alt='pass'><i class='material-icons'>check_circle</i></td>
					<td class='timestamp'>2:53:41 PM</td>
					<td class='step-details'></td>
				</tr>
				<tr class='log' status='pass'>
					<td class='status pass' title='pass' alt='pass'><i class='material-icons'>check_circle</i></td>
					<td class='timestamp'>2:53:41 PM</td>
					<td class='step-details'><span class='label white-text green'>AddCompanyAddress Test Case is Passed</span></td>
				</tr>
				<tr class='log' status='pass'>
					<td class='status pass' title='pass' alt='pass'><i class='material-icons'>check_circle</i></td>
					<td class='timestamp'>2:53:41 PM</td>
					<td class='step-details'>Please see attached screenshot</td>
				</tr>
			</tbody>
		</table>
	</div>
							<ul class='screenshots'>
								<li><img data-featherlight='D:/Automation/CRMandOrder/Screenshot/AddCompanyAddress.jpg' width='25%' src='D:/Automation/CRMandOrder/Screenshot/AddCompanyAddress.jpg'></li>
							</ul>
					</div>
				</li>
				
				
				<li class='test displayed active  pass' status='pass' bdd='false' test-id='21'>
					<div class='test-heading'>
						<span class='test-name'>AddCompanyNote</span>
						<span class='test-time'>Nov 5, 2019, 2:53:41 PM</span>
						<span class='test-status right pass'>pass</span>
					</div>
					<div class='test-content hide'>
<div class='test-time-info'>
	<span class='label start-time'>Nov 5, 2019, 2:53:41 PM</span>
	<span class='label end-time'>Nov 5, 2019, 3:18:29 PM</span>
	<span class='label time-taken grey lighten-1 white-text'>0h 24m 47s+891ms</span>
</div>
	<div class='test-steps'>
		<table class='bordered table-results'>
			<thead>
				<tr>
					<th>Status</th>
					<th>Timestamp</th>
					<th>Details</th>
				</tr>
			</thead>
			<tbody>
				<tr class='log' status='pass'>
					<td class='status pass' title='pass' alt='pass'><i class='material-icons'>check_circle</i></td>
					<td class='timestamp'>2:54:10 PM</td>
					<td class='step-details'></td>
				</tr>
				<tr class='log' status='pass'>
					<td class='status pass' title='pass' alt='pass'><i class='material-icons'>check_circle</i></td>
					<td class='timestamp'>2:54:10 PM</td>
					<td class='step-details'><span class='label white-text green'>AddCompanyNote Test Case is Passed</span></td>
				</tr>
				<tr class='log' status='pass'>
					<td class='status pass' title='pass' alt='pass'><i class='material-icons'>check_circle</i></td>
					<td class='timestamp'>2:54:10 PM</td>
					<td class='step-details'>Please see attached screenshot</td>
				</tr>
			</tbody>
		</table>
	</div>
							<ul class='screenshots'>
								<li><img data-featherlight='D:/Automation/CRMandOrder/Screenshot/AddCompanyNote.jpg' width='25%' src='D:/Automation/CRMandOrder/Screenshot/AddCompanyNote.jpg'></li>
							</ul>
					</div>
				</li>
				
				
				<li class='test displayed active  pass' status='pass' bdd='false' test-id='22'>
					<div class='test-heading'>
						<span class='test-name'>EditCompanyNote</span>
						<span class='test-time'>Nov 5, 2019, 2:54:10 PM</span>
						<span class='test-status right pass'>pass</span>
					</div>
					<div class='test-content hide'>
<div class='test-time-info'>
	<span class='label start-time'>Nov 5, 2019, 2:54:10 PM</span>
	<span class='label end-time'>Nov 5, 2019, 3:18:29 PM</span>
	<span class='label time-taken grey lighten-1 white-text'>0h 24m 18s+440ms</span>
</div>
	<div class='test-steps'>
		<table class='bordered table-results'>
			<thead>
				<tr>
					<th>Status</th>
					<th>Timestamp</th>
					<th>Details</th>
				</tr>
			</thead>
			<tbody>
				<tr class='log' status='pass'>
					<td class='status pass' title='pass' alt='pass'><i class='material-icons'>check_circle</i></td>
					<td class='timestamp'>2:54:32 PM</td>
					<td class='step-details'></td>
				</tr>
				<tr class='log' status='pass'>
					<td class='status pass' title='pass' alt='pass'><i class='material-icons'>check_circle</i></td>
					<td class='timestamp'>2:54:32 PM</td>
					<td class='step-details'><span class='label white-text green'>EditCompanyNote Test Case is Passed</span></td>
				</tr>
				<tr class='log' status='pass'>
					<td class='status pass' title='pass' alt='pass'><i class='material-icons'>check_circle</i></td>
					<td class='timestamp'>2:54:32 PM</td>
					<td class='step-details'>Please see attached screenshot</td>
				</tr>
			</tbody>
		</table>
	</div>
							<ul class='screenshots'>
								<li><img data-featherlight='D:/Automation/CRMandOrder/Screenshot/EditCompanyNote.jpg' width='25%' src='D:/Automation/CRMandOrder/Screenshot/EditCompanyNote.jpg'></li>
							</ul>
					</div>
				</li>
				
				
				<li class='test displayed active  fail' status='fail' bdd='false' test-id='23'>
					<div class='test-heading'>
						<span class='test-name'>DeleteCompanyNote</span>
						<span class='test-time'>Nov 5, 2019, 2:54:32 PM</span>
						<span class='test-status right fail'>fail</span>
					</div>
					<div class='test-content hide'>
<div class='test-time-info'>
	<span class='label start-time'>Nov 5, 2019, 2:54:32 PM</span>
	<span class='label end-time'>Nov 5, 2019, 3:18:29 PM</span>
	<span class='label time-taken grey lighten-1 white-text'>0h 23m 56s+298ms</span>
</div>
	<div class='test-steps'>
		<table class='bordered table-results'>
			<thead>
				<tr>
					<th>Status</th>
					<th>Timestamp</th>
					<th>Details</th>
				</tr>
			</thead>
			<tbody>
				<tr class='log' status='fail'>
					<td class='status fail' title='fail' alt='fail'><i class='material-icons'>cancel</i></td>
					<td class='timestamp'>2:55:02 PM</td>
					<td class='step-details'><span class='label white-text red'>DeleteCompanyNoteTest Case is Failed due to Below Issue</span></td>
				</tr>
				<tr class='log' status='fail'>
					<td class='status fail' title='fail' alt='fail'><i class='material-icons'>cancel</i></td>
					<td class='timestamp'>2:55:02 PM</td>
					<td class='step-details'>org.openqa.selenium.NoSuchElementException: no such element: Unable to locate element: {"method":"xpath","selector":"//button[contains(@ng-click, 'vm.removeNote(note)')]/i"}
  (Session info: chrome=78.0.3904.87)
For documentation on this error, please visit: http://seleniumhq.org/exceptions/no_such_element.html
Build info: version: '3.6.0', revision: '6fbf3ec767', time: '2017-09-27T15:28:36.4Z'
System info: host: 'MACPK-WKS-0132', ip: '192.168.8.193', os.name: 'Windows 10', os.arch: 'amd64', os.version: '10.0', java.version: '12.0.2'
Driver info: org.openqa.selenium.chrome.ChromeDriver
Capabilities [{networkConnectionEnabled=false, chrome={chromedriverVersion=78.0.3904.70 (edb9c9f3de0247fd912a77b7f6cae7447f6d3ad5-refs/branch-heads/3904@{#800}), userDataDir=C:\Users\MUHAMM~1.IFT\AppData\Local\Temp\scoped_dir14036_2068579387}, timeouts={implicit=0, pageLoad=300000, script=30000}, pageLoadStrategy=normal, unhandledPromptBehavior=dismiss and notify, strictFileInteractability=false, platform=XP, proxy=Proxy(), goog:chromeOptions={debuggerAddress=localhost:63958}, acceptInsecureCerts=false, browserVersion=78.0.3904.87, browserName=chrome, javascriptEnabled=true, platformName=XP, setWindowRect=true}]
Session ID: 6a5651c24dff6cfd47b92cdc74cad25c
*** Element info: {Using=xpath, value=//button[contains(@ng-click, 'vm.removeNote(note)')]/i}
	at java.base/jdk.internal.reflect.NativeConstructorAccessorImpl.newInstance0(Native Method)
	at java.base/jdk.internal.reflect.NativeConstructorAccessorImpl.newInstance(NativeConstructorAccessorImpl.java:62)
	at java.base/jdk.internal.reflect.DelegatingConstructorAccessorImpl.newInstance(DelegatingConstructorAccessorImpl.java:45)
	at java.base/java.lang.reflect.Constructor.newInstanceWithCaller(Constructor.java:500)
	at java.base/java.lang.reflect.Constructor.newInstance(Constructor.java:481)
	at org.openqa.selenium.remote.http.W3CHttpResponseCodec.createException(W3CHttpResponseCodec.java:185)
	at org.openqa.selenium.remote.http.W3CHttpResponseCodec.decode(W3CHttpResponseCodec.java:120)
	at org.openqa.selenium.remote.http.W3CHttpResponseCodec.decode(W3CHttpResponseCodec.java:49)
	at org.openqa.selenium.remote.HttpCommandExecutor.execute(HttpCommandExecutor.java:164)
	at org.openqa.selenium.remote.service.DriverCommandExecutor.execute(DriverCommandExecutor.java:83)
	at org.openqa.selenium.remote.RemoteWebDriver.execute(RemoteWebDriver.java:586)
	at org.openqa.selenium.remote.RemoteWebDriver.findElement(RemoteWebDriver.java:356)
	at org.openqa.selenium.remote.RemoteWebDriver.findElementByXPath(RemoteWebDriver.java:458)
	at org.openqa.selenium.By$ByXPath.findElement(By.java:361)
	at org.openqa.selenium.remote.RemoteWebDriver.findElement(RemoteWebDriver.java:348)
	at org.openqa.selenium.support.pagefactory.DefaultElementLocator.findElement(DefaultElementLocator.java:69)
	at org.openqa.selenium.support.pagefactory.internal.LocatingElementHandler.invoke(LocatingElementHandler.java:38)
	at com.sun.proxy.$Proxy11.getWrappedElement(Unknown Source)
	at org.openqa.selenium.remote.internal.WebElementToJsonConverter.apply(WebElementToJsonConverter.java:51)
	at com.google.common.collect.Iterators$6.transform(Iterators.java:820)
	at com.google.common.collect.TransformedIterator.next(TransformedIterator.java:48)
	at com.google.common.collect.Iterators.addAll(Iterators.java:373)
	at com.google.common.collect.Lists.newArrayList(Lists.java:165)
	at com.google.common.collect.Lists.newArrayList(Lists.java:150)
	at org.openqa.selenium.remote.RemoteWebDriver.executeScript(RemoteWebDriver.java:520)
	at PageFactoryandTestdata.HelpingFunction.Click(HelpingFunction.java:59)
	at CrmTestCases.Notes.DelNote(Notes.java:82)
	at Master.CRMExecution.DeleteCompanyNote(CRMExecution.java:204)
	at java.base/jdk.internal.reflect.NativeMethodAccessorImpl.invoke0(Native Method)
	at java.base/jdk.internal.reflect.NativeMethodAccessorImpl.invoke(NativeMethodAccessorImpl.java:62)
	at java.base/jdk.internal.reflect.DelegatingMethodAccessorImpl.invoke(DelegatingMethodAccessorImpl.java:43)
	at java.base/java.lang.reflect.Method.invoke(Method.java:567)
	at org.testng.internal.MethodInvocationHelper.invokeMethod(MethodInvocationHelper.java:124)
	at org.testng.internal.Invoker.invokeMethod(Invoker.java:583)
	at org.testng.internal.Invoker.invokeTestMethod(Invoker.java:719)
	at org.testng.internal.Invoker.invokeTestMethods(Invoker.java:989)
	at org.testng.internal.TestMethodWorker.invokeTestMethods(TestMethodWorker.java:125)
	at org.testng.internal.TestMethodWorker.run(TestMethodWorker.java:109)
	at org.testng.TestRunner.privateRun(TestRunner.java:648)
	at org.testng.TestRunner.run(TestRunner.java:505)
	at org.testng.SuiteRunner.runTest(SuiteRunner.java:455)
	at org.testng.SuiteRunner.runSequentially(SuiteRunner.java:450)
	at org.testng.SuiteRunner.privateRun(SuiteRunner.java:415)
	at org.testng.SuiteRunner.run(SuiteRunner.java:364)
	at org.testng.SuiteRunnerWorker.runSuite(SuiteRunnerWorker.java:52)
	at org.testng.SuiteRunnerWorker.run(SuiteRunnerWorker.java:84)
	at org.testng.TestNG.runSuitesSequentially(TestNG.java:1208)
	at org.testng.TestNG.runSuitesLocally(TestNG.java:1137)
	at org.testng.TestNG.runSuites(TestNG.java:1049)
	at org.testng.TestNG.run(TestNG.java:1017)
	at Master.TestRunner.main(TestRunner.java:13)</td>
				</tr>
			</tbody>
		</table>
	</div>
					</div>
				</li>
				
				
				<li class='test displayed active  pass' status='pass' bdd='false' test-id='24'>
					<div class='test-heading'>
						<span class='test-name'>AddTaskUnderCompany</span>
						<span class='test-time'>Nov 5, 2019, 2:55:03 PM</span>
						<span class='test-status right pass'>pass</span>
					</div>
					<div class='test-content hide'>
<div class='test-time-info'>
	<span class='label start-time'>Nov 5, 2019, 2:55:03 PM</span>
	<span class='label end-time'>Nov 5, 2019, 3:18:29 PM</span>
	<span class='label time-taken grey lighten-1 white-text'>0h 23m 26s+71ms</span>
</div>
	<div class='test-steps'>
		<table class='bordered table-results'>
			<thead>
				<tr>
					<th>Status</th>
					<th>Timestamp</th>
					<th>Details</th>
				</tr>
			</thead>
			<tbody>
				<tr class='log' status='pass'>
					<td class='status pass' title='pass' alt='pass'><i class='material-icons'>check_circle</i></td>
					<td class='timestamp'>2:55:27 PM</td>
					<td class='step-details'></td>
				</tr>
				<tr class='log' status='pass'>
					<td class='status pass' title='pass' alt='pass'><i class='material-icons'>check_circle</i></td>
					<td class='timestamp'>2:55:27 PM</td>
					<td class='step-details'><span class='label white-text green'>AddTaskUnderCompany Test Case is Passed</span></td>
				</tr>
				<tr class='log' status='pass'>
					<td class='status pass' title='pass' alt='pass'><i class='material-icons'>check_circle</i></td>
					<td class='timestamp'>2:55:27 PM</td>
					<td class='step-details'>Please see attached screenshot</td>
				</tr>
			</tbody>
		</table>
	</div>
							<ul class='screenshots'>
								<li><img data-featherlight='D:/Automation/CRMandOrder/Screenshot/AddTaskUnderCompany.jpg' width='25%' src='D:/Automation/CRMandOrder/Screenshot/AddTaskUnderCompany.jpg'></li>
							</ul>
					</div>
				</li>
				
				
				<li class='test displayed active  pass' status='pass' bdd='false' test-id='25'>
					<div class='test-heading'>
						<span class='test-name'>CompanyTaskDisplayingInAppointmentinAllViews</span>
						<span class='test-time'>Nov 5, 2019, 2:55:27 PM</span>
						<span class='test-status right pass'>pass</span>
					</div>
					<div class='test-content hide'>
<div class='test-time-info'>
	<span class='label start-time'>Nov 5, 2019, 2:55:27 PM</span>
	<span class='label end-time'>Nov 5, 2019, 3:18:29 PM</span>
	<span class='label time-taken grey lighten-1 white-text'>0h 23m 1s+963ms</span>
</div>
	<div class='test-steps'>
		<table class='bordered table-results'>
			<thead>
				<tr>
					<th>Status</th>
					<th>Timestamp</th>
					<th>Details</th>
				</tr>
			</thead>
			<tbody>
				<tr class='log' status='pass'>
					<td class='status pass' title='pass' alt='pass'><i class='material-icons'>check_circle</i></td>
					<td class='timestamp'>2:55:56 PM</td>
					<td class='step-details'></td>
				</tr>
				<tr class='log' status='pass'>
					<td class='status pass' title='pass' alt='pass'><i class='material-icons'>check_circle</i></td>
					<td class='timestamp'>2:55:56 PM</td>
					<td class='step-details'><span class='label white-text green'>CompanyTaskDisplayingInAppointmentinAllViews Test Case is Passed</span></td>
				</tr>
				<tr class='log' status='pass'>
					<td class='status pass' title='pass' alt='pass'><i class='material-icons'>check_circle</i></td>
					<td class='timestamp'>2:55:56 PM</td>
					<td class='step-details'>Please see attached screenshot</td>
				</tr>
			</tbody>
		</table>
	</div>
							<ul class='screenshots'>
								<li><img data-featherlight='D:/Automation/CRMandOrder/Screenshot/CompanyTaskDisplayingInAppointmentinAllViews.jpg' width='25%' src='D:/Automation/CRMandOrder/Screenshot/CompanyTaskDisplayingInAppointmentinAllViews.jpg'></li>
							</ul>
					</div>
				</li>
				
				
				<li class='test displayed active  pass' status='pass' bdd='false' test-id='26'>
					<div class='test-heading'>
						<span class='test-name'>EditTaskUnderCompany</span>
						<span class='test-time'>Nov 5, 2019, 2:55:56 PM</span>
						<span class='test-status right pass'>pass</span>
					</div>
					<div class='test-content hide'>
<div class='test-time-info'>
	<span class='label start-time'>Nov 5, 2019, 2:55:56 PM</span>
	<span class='label end-time'>Nov 5, 2019, 3:18:29 PM</span>
	<span class='label time-taken grey lighten-1 white-text'>0h 22m 32s+766ms</span>
</div>
	<div class='test-steps'>
		<table class='bordered table-results'>
			<thead>
				<tr>
					<th>Status</th>
					<th>Timestamp</th>
					<th>Details</th>
				</tr>
			</thead>
			<tbody>
				<tr class='log' status='pass'>
					<td class='status pass' title='pass' alt='pass'><i class='material-icons'>check_circle</i></td>
					<td class='timestamp'>2:56:04 PM</td>
					<td class='step-details'></td>
				</tr>
				<tr class='log' status='pass'>
					<td class='status pass' title='pass' alt='pass'><i class='material-icons'>check_circle</i></td>
					<td class='timestamp'>2:56:04 PM</td>
					<td class='step-details'><span class='label white-text green'>EditTaskUnderCompany Test Case is Passed</span></td>
				</tr>
				<tr class='log' status='pass'>
					<td class='status pass' title='pass' alt='pass'><i class='material-icons'>check_circle</i></td>
					<td class='timestamp'>2:56:04 PM</td>
					<td class='step-details'>Please see attached screenshot</td>
				</tr>
			</tbody>
		</table>
	</div>
							<ul class='screenshots'>
								<li><img data-featherlight='D:/Automation/CRMandOrder/Screenshot/EditTaskUnderCompany.jpg' width='25%' src='D:/Automation/CRMandOrder/Screenshot/EditTaskUnderCompany.jpg'></li>
							</ul>
					</div>
				</li>
				
				
				<li class='test displayed active  pass' status='pass' bdd='false' test-id='27'>
					<div class='test-heading'>
						<span class='test-name'>CompleteTaskUnderCompany</span>
						<span class='test-time'>Nov 5, 2019, 2:56:04 PM</span>
						<span class='test-status right pass'>pass</span>
					</div>
					<div class='test-content hide'>
<div class='test-time-info'>
	<span class='label start-time'>Nov 5, 2019, 2:56:04 PM</span>
	<span class='label end-time'>Nov 5, 2019, 3:18:29 PM</span>
	<span class='label time-taken grey lighten-1 white-text'>0h 22m 24s+755ms</span>
</div>
	<div class='test-steps'>
		<table class='bordered table-results'>
			<thead>
				<tr>
					<th>Status</th>
					<th>Timestamp</th>
					<th>Details</th>
				</tr>
			</thead>
			<tbody>
				<tr class='log' status='pass'>
					<td class='status pass' title='pass' alt='pass'><i class='material-icons'>check_circle</i></td>
					<td class='timestamp'>2:56:18 PM</td>
					<td class='step-details'></td>
				</tr>
				<tr class='log' status='pass'>
					<td class='status pass' title='pass' alt='pass'><i class='material-icons'>check_circle</i></td>
					<td class='timestamp'>2:56:18 PM</td>
					<td class='step-details'><span class='label white-text green'>CompleteTaskUnderCompany Test Case is Passed</span></td>
				</tr>
				<tr class='log' status='pass'>
					<td class='status pass' title='pass' alt='pass'><i class='material-icons'>check_circle</i></td>
					<td class='timestamp'>2:56:18 PM</td>
					<td class='step-details'>Please see attached screenshot</td>
				</tr>
			</tbody>
		</table>
	</div>
							<ul class='screenshots'>
								<li><img data-featherlight='D:/Automation/CRMandOrder/Screenshot/CompleteTaskUnderCompany.jpg' width='25%' src='D:/Automation/CRMandOrder/Screenshot/CompleteTaskUnderCompany.jpg'></li>
							</ul>
					</div>
				</li>
				
				
				<li class='test displayed active  pass' status='pass' bdd='false' test-id='28'>
					<div class='test-heading'>
						<span class='test-name'>VerifyCompletedDataAndCompleteBy</span>
						<span class='test-time'>Nov 5, 2019, 2:56:18 PM</span>
						<span class='test-status right pass'>pass</span>
					</div>
					<div class='test-content hide'>
<div class='test-time-info'>
	<span class='label start-time'>Nov 5, 2019, 2:56:18 PM</span>
	<span class='label end-time'>Nov 5, 2019, 3:18:29 PM</span>
	<span class='label time-taken grey lighten-1 white-text'>0h 22m 11s+79ms</span>
</div>
	<div class='test-steps'>
		<table class='bordered table-results'>
			<thead>
				<tr>
					<th>Status</th>
					<th>Timestamp</th>
					<th>Details</th>
				</tr>
			</thead>
			<tbody>
				<tr class='log' status='pass'>
					<td class='status pass' title='pass' alt='pass'><i class='material-icons'>check_circle</i></td>
					<td class='timestamp'>2:56:18 PM</td>
					<td class='step-details'></td>
				</tr>
				<tr class='log' status='pass'>
					<td class='status pass' title='pass' alt='pass'><i class='material-icons'>check_circle</i></td>
					<td class='timestamp'>2:56:18 PM</td>
					<td class='step-details'><span class='label white-text green'>VerifyCompletedDataAndCompleteBy Test Case is Passed</span></td>
				</tr>
				<tr class='log' status='pass'>
					<td class='status pass' title='pass' alt='pass'><i class='material-icons'>check_circle</i></td>
					<td class='timestamp'>2:56:18 PM</td>
					<td class='step-details'>Please see attached screenshot</td>
				</tr>
			</tbody>
		</table>
	</div>
							<ul class='screenshots'>
								<li><img data-featherlight='D:/Automation/CRMandOrder/Screenshot/VerifyCompletedDataAndCompleteBy.jpg' width='25%' src='D:/Automation/CRMandOrder/Screenshot/VerifyCompletedDataAndCompleteBy.jpg'></li>
							</ul>
					</div>
				</li>
				
				
				<li class='test displayed active  pass' status='pass' bdd='false' test-id='29'>
					<div class='test-heading'>
						<span class='test-name'>DeleteTaskUnderCompany</span>
						<span class='test-time'>Nov 5, 2019, 2:56:18 PM</span>
						<span class='test-status right pass'>pass</span>
					</div>
					<div class='test-content hide'>
<div class='test-time-info'>
	<span class='label start-time'>Nov 5, 2019, 2:56:18 PM</span>
	<span class='label end-time'>Nov 5, 2019, 3:18:29 PM</span>
	<span class='label time-taken grey lighten-1 white-text'>0h 22m 10s+863ms</span>
</div>
	<div class='test-steps'>
		<table class='bordered table-results'>
			<thead>
				<tr>
					<th>Status</th>
					<th>Timestamp</th>
					<th>Details</th>
				</tr>
			</thead>
			<tbody>
				<tr class='log' status='pass'>
					<td class='status pass' title='pass' alt='pass'><i class='material-icons'>check_circle</i></td>
					<td class='timestamp'>2:56:21 PM</td>
					<td class='step-details'></td>
				</tr>
				<tr class='log' status='pass'>
					<td class='status pass' title='pass' alt='pass'><i class='material-icons'>check_circle</i></td>
					<td class='timestamp'>2:56:21 PM</td>
					<td class='step-details'><span class='label white-text green'>DeleteTaskUnderCompany Test Case is Passed</span></td>
				</tr>
				<tr class='log' status='pass'>
					<td class='status pass' title='pass' alt='pass'><i class='material-icons'>check_circle</i></td>
					<td class='timestamp'>2:56:21 PM</td>
					<td class='step-details'>Please see attached screenshot</td>
				</tr>
			</tbody>
		</table>
	</div>
							<ul class='screenshots'>
								<li><img data-featherlight='D:/Automation/CRMandOrder/Screenshot/DeleteTaskUnderCompany.jpg' width='25%' src='D:/Automation/CRMandOrder/Screenshot/DeleteTaskUnderCompany.jpg'></li>
							</ul>
					</div>
				</li>
				
				
				<li class='test displayed active  pass' status='pass' bdd='false' test-id='30'>
					<div class='test-heading'>
						<span class='test-name'>AddContactUnderCompany</span>
						<span class='test-time'>Nov 5, 2019, 2:56:21 PM</span>
						<span class='test-status right pass'>pass</span>
					</div>
					<div class='test-content hide'>
<div class='test-time-info'>
	<span class='label start-time'>Nov 5, 2019, 2:56:21 PM</span>
	<span class='label end-time'>Nov 5, 2019, 3:18:29 PM</span>
	<span class='label time-taken grey lighten-1 white-text'>0h 22m 7s+813ms</span>
</div>
	<div class='test-steps'>
		<table class='bordered table-results'>
			<thead>
				<tr>
					<th>Status</th>
					<th>Timestamp</th>
					<th>Details</th>
				</tr>
			</thead>
			<tbody>
				<tr class='log' status='pass'>
					<td class='status pass' title='pass' alt='pass'><i class='material-icons'>check_circle</i></td>
					<td class='timestamp'>2:56:47 PM</td>
					<td class='step-details'></td>
				</tr>
				<tr class='log' status='pass'>
					<td class='status pass' title='pass' alt='pass'><i class='material-icons'>check_circle</i></td>
					<td class='timestamp'>2:56:47 PM</td>
					<td class='step-details'><span class='label white-text green'>AddContactUnderCompany Test Case is Passed</span></td>
				</tr>
				<tr class='log' status='pass'>
					<td class='status pass' title='pass' alt='pass'><i class='material-icons'>check_circle</i></td>
					<td class='timestamp'>2:56:47 PM</td>
					<td class='step-details'>Please see attached screenshot</td>
				</tr>
			</tbody>
		</table>
	</div>
							<ul class='screenshots'>
								<li><img data-featherlight='D:/Automation/CRMandOrder/Screenshot/AddContactUnderCompany.jpg' width='25%' src='D:/Automation/CRMandOrder/Screenshot/AddContactUnderCompany.jpg'></li>
							</ul>
					</div>
				</li>
				
				
				<li class='test displayed active  pass' status='pass' bdd='false' test-id='31'>
					<div class='test-heading'>
						<span class='test-name'>ContactRecordOwner</span>
						<span class='test-time'>Nov 5, 2019, 2:56:57 PM</span>
						<span class='test-status right pass'>pass</span>
					</div>
					<div class='test-content hide'>
<div class='test-time-info'>
	<span class='label start-time'>Nov 5, 2019, 2:56:57 PM</span>
	<span class='label end-time'>Nov 5, 2019, 3:18:29 PM</span>
	<span class='label time-taken grey lighten-1 white-text'>0h 21m 31s+810ms</span>
</div>
	<div class='test-steps'>
		<table class='bordered table-results'>
			<thead>
				<tr>
					<th>Status</th>
					<th>Timestamp</th>
					<th>Details</th>
				</tr>
			</thead>
			<tbody>
				<tr class='log' status='pass'>
					<td class='status pass' title='pass' alt='pass'><i class='material-icons'>check_circle</i></td>
					<td class='timestamp'>2:56:57 PM</td>
					<td class='step-details'></td>
				</tr>
				<tr class='log' status='pass'>
					<td class='status pass' title='pass' alt='pass'><i class='material-icons'>check_circle</i></td>
					<td class='timestamp'>2:56:57 PM</td>
					<td class='step-details'><span class='label white-text green'>ContactRecordOwner Test Case is Passed</span></td>
				</tr>
				<tr class='log' status='pass'>
					<td class='status pass' title='pass' alt='pass'><i class='material-icons'>check_circle</i></td>
					<td class='timestamp'>2:56:57 PM</td>
					<td class='step-details'>Please see attached screenshot</td>
				</tr>
			</tbody>
		</table>
	</div>
							<ul class='screenshots'>
								<li><img data-featherlight='D:/Automation/CRMandOrder/Screenshot/ContactRecordOwner.jpg' width='25%' src='D:/Automation/CRMandOrder/Screenshot/ContactRecordOwner.jpg'></li>
							</ul>
					</div>
				</li>
				
				
				<li class='test displayed active  pass' status='pass' bdd='false' test-id='32'>
					<div class='test-heading'>
						<span class='test-name'>CompanyContactRShipVerificaton</span>
						<span class='test-time'>Nov 5, 2019, 2:56:57 PM</span>
						<span class='test-status right pass'>pass</span>
					</div>
					<div class='test-content hide'>
<div class='test-time-info'>
	<span class='label start-time'>Nov 5, 2019, 2:56:57 PM</span>
	<span class='label end-time'>Nov 5, 2019, 3:18:29 PM</span>
	<span class='label time-taken grey lighten-1 white-text'>0h 21m 31s+591ms</span>
</div>
	<div class='test-steps'>
		<table class='bordered table-results'>
			<thead>
				<tr>
					<th>Status</th>
					<th>Timestamp</th>
					<th>Details</th>
				</tr>
			</thead>
			<tbody>
				<tr class='log' status='pass'>
					<td class='status pass' title='pass' alt='pass'><i class='material-icons'>check_circle</i></td>
					<td class='timestamp'>2:57:07 PM</td>
					<td class='step-details'></td>
				</tr>
				<tr class='log' status='pass'>
					<td class='status pass' title='pass' alt='pass'><i class='material-icons'>check_circle</i></td>
					<td class='timestamp'>2:57:07 PM</td>
					<td class='step-details'><span class='label white-text green'>CompanyContactRShipVerificaton Test Case is Passed</span></td>
				</tr>
				<tr class='log' status='pass'>
					<td class='status pass' title='pass' alt='pass'><i class='material-icons'>check_circle</i></td>
					<td class='timestamp'>2:57:07 PM</td>
					<td class='step-details'>Please see attached screenshot</td>
				</tr>
			</tbody>
		</table>
	</div>
							<ul class='screenshots'>
								<li><img data-featherlight='D:/Automation/CRMandOrder/Screenshot/CompanyContactRShipVerificaton.jpg' width='25%' src='D:/Automation/CRMandOrder/Screenshot/CompanyContactRShipVerificaton.jpg'></li>
							</ul>
					</div>
				</li>
				
				
				<li class='test displayed active  pass' status='pass' bdd='false' test-id='33'>
					<div class='test-heading'>
						<span class='test-name'>ContactDefaultVisibility</span>
						<span class='test-time'>Nov 5, 2019, 2:57:07 PM</span>
						<span class='test-status right pass'>pass</span>
					</div>
					<div class='test-content hide'>
<div class='test-time-info'>
	<span class='label start-time'>Nov 5, 2019, 2:57:07 PM</span>
	<span class='label end-time'>Nov 5, 2019, 3:18:29 PM</span>
	<span class='label time-taken grey lighten-1 white-text'>0h 21m 21s+178ms</span>
</div>
	<div class='test-steps'>
		<table class='bordered table-results'>
			<thead>
				<tr>
					<th>Status</th>
					<th>Timestamp</th>
					<th>Details</th>
				</tr>
			</thead>
			<tbody>
				<tr class='log' status='pass'>
					<td class='status pass' title='pass' alt='pass'><i class='material-icons'>check_circle</i></td>
					<td class='timestamp'>2:57:10 PM</td>
					<td class='step-details'></td>
				</tr>
				<tr class='log' status='pass'>
					<td class='status pass' title='pass' alt='pass'><i class='material-icons'>check_circle</i></td>
					<td class='timestamp'>2:57:10 PM</td>
					<td class='step-details'><span class='label white-text green'>ContactDefaultVisibility Test Case is Passed</span></td>
				</tr>
				<tr class='log' status='pass'>
					<td class='status pass' title='pass' alt='pass'><i class='material-icons'>check_circle</i></td>
					<td class='timestamp'>2:57:10 PM</td>
					<td class='step-details'>Please see attached screenshot</td>
				</tr>
			</tbody>
		</table>
	</div>
							<ul class='screenshots'>
								<li><img data-featherlight='D:/Automation/CRMandOrder/Screenshot/ContactDefaultVisibility.jpg' width='25%' src='D:/Automation/CRMandOrder/Screenshot/ContactDefaultVisibility.jpg'></li>
							</ul>
					</div>
				</li>
				
				
				<li class='test displayed active  pass' status='pass' bdd='false' test-id='34'>
					<div class='test-heading'>
						<span class='test-name'>ContactUpdatedVisibility</span>
						<span class='test-time'>Nov 5, 2019, 2:57:10 PM</span>
						<span class='test-status right pass'>pass</span>
					</div>
					<div class='test-content hide'>
<div class='test-time-info'>
	<span class='label start-time'>Nov 5, 2019, 2:57:10 PM</span>
	<span class='label end-time'>Nov 5, 2019, 3:18:29 PM</span>
	<span class='label time-taken grey lighten-1 white-text'>0h 21m 18s+434ms</span>
</div>
	<div class='test-steps'>
		<table class='bordered table-results'>
			<thead>
				<tr>
					<th>Status</th>
					<th>Timestamp</th>
					<th>Details</th>
				</tr>
			</thead>
			<tbody>
				<tr class='log' status='pass'>
					<td class='status pass' title='pass' alt='pass'><i class='material-icons'>check_circle</i></td>
					<td class='timestamp'>2:57:17 PM</td>
					<td class='step-details'></td>
				</tr>
				<tr class='log' status='pass'>
					<td class='status pass' title='pass' alt='pass'><i class='material-icons'>check_circle</i></td>
					<td class='timestamp'>2:57:17 PM</td>
					<td class='step-details'><span class='label white-text green'>ContactUpdatedVisibility Test Case is Passed</span></td>
				</tr>
				<tr class='log' status='pass'>
					<td class='status pass' title='pass' alt='pass'><i class='material-icons'>check_circle</i></td>
					<td class='timestamp'>2:57:17 PM</td>
					<td class='step-details'>Please see attached screenshot</td>
				</tr>
			</tbody>
		</table>
	</div>
							<ul class='screenshots'>
								<li><img data-featherlight='D:/Automation/CRMandOrder/Screenshot/ContactUpdatedVisibility.jpg' width='25%' src='D:/Automation/CRMandOrder/Screenshot/ContactUpdatedVisibility.jpg'></li>
							</ul>
					</div>
				</li>
				
				
				<li class='test displayed active  pass' status='pass' bdd='false' test-id='35'>
					<div class='test-heading'>
						<span class='test-name'>AddContactAddress</span>
						<span class='test-time'>Nov 5, 2019, 2:57:17 PM</span>
						<span class='test-status right pass'>pass</span>
					</div>
					<div class='test-content hide'>
<div class='test-time-info'>
	<span class='label start-time'>Nov 5, 2019, 2:57:17 PM</span>
	<span class='label end-time'>Nov 5, 2019, 3:18:29 PM</span>
	<span class='label time-taken grey lighten-1 white-text'>0h 21m 11s+532ms</span>
</div>
	<div class='test-steps'>
		<table class='bordered table-results'>
			<thead>
				<tr>
					<th>Status</th>
					<th>Timestamp</th>
					<th>Details</th>
				</tr>
			</thead>
			<tbody>
				<tr class='log' status='pass'>
					<td class='status pass' title='pass' alt='pass'><i class='material-icons'>check_circle</i></td>
					<td class='timestamp'>2:57:28 PM</td>
					<td class='step-details'></td>
				</tr>
				<tr class='log' status='pass'>
					<td class='status pass' title='pass' alt='pass'><i class='material-icons'>check_circle</i></td>
					<td class='timestamp'>2:57:28 PM</td>
					<td class='step-details'><span class='label white-text green'>AddContactAddress Test Case is Passed</span></td>
				</tr>
				<tr class='log' status='pass'>
					<td class='status pass' title='pass' alt='pass'><i class='material-icons'>check_circle</i></td>
					<td class='timestamp'>2:57:28 PM</td>
					<td class='step-details'>Please see attached screenshot</td>
				</tr>
			</tbody>
		</table>
	</div>
							<ul class='screenshots'>
								<li><img data-featherlight='D:/Automation/CRMandOrder/Screenshot/AddContactAddress.jpg' width='25%' src='D:/Automation/CRMandOrder/Screenshot/AddContactAddress.jpg'></li>
							</ul>
					</div>
				</li>
				
				
				<li class='test displayed active  pass' status='pass' bdd='false' test-id='36'>
					<div class='test-heading'>
						<span class='test-name'>AddContactNotes</span>
						<span class='test-time'>Nov 5, 2019, 2:57:28 PM</span>
						<span class='test-status right pass'>pass</span>
					</div>
					<div class='test-content hide'>
<div class='test-time-info'>
	<span class='label start-time'>Nov 5, 2019, 2:57:28 PM</span>
	<span class='label end-time'>Nov 5, 2019, 3:18:29 PM</span>
	<span class='label time-taken grey lighten-1 white-text'>0h 21m 0s+822ms</span>
</div>
	<div class='test-steps'>
		<table class='bordered table-results'>
			<thead>
				<tr>
					<th>Status</th>
					<th>Timestamp</th>
					<th>Details</th>
				</tr>
			</thead>
			<tbody>
				<tr class='log' status='pass'>
					<td class='status pass' title='pass' alt='pass'><i class='material-icons'>check_circle</i></td>
					<td class='timestamp'>2:57:57 PM</td>
					<td class='step-details'></td>
				</tr>
				<tr class='log' status='pass'>
					<td class='status pass' title='pass' alt='pass'><i class='material-icons'>check_circle</i></td>
					<td class='timestamp'>2:57:57 PM</td>
					<td class='step-details'><span class='label white-text green'>AddContactNotes Test Case is Passed</span></td>
				</tr>
				<tr class='log' status='pass'>
					<td class='status pass' title='pass' alt='pass'><i class='material-icons'>check_circle</i></td>
					<td class='timestamp'>2:57:57 PM</td>
					<td class='step-details'>Please see attached screenshot</td>
				</tr>
			</tbody>
		</table>
	</div>
							<ul class='screenshots'>
								<li><img data-featherlight='D:/Automation/CRMandOrder/Screenshot/AddContactNotes.jpg' width='25%' src='D:/Automation/CRMandOrder/Screenshot/AddContactNotes.jpg'></li>
							</ul>
					</div>
				</li>
				
				
				<li class='test displayed active  pass' status='pass' bdd='false' test-id='37'>
					<div class='test-heading'>
						<span class='test-name'>EditNoteContent</span>
						<span class='test-time'>Nov 5, 2019, 2:57:57 PM</span>
						<span class='test-status right pass'>pass</span>
					</div>
					<div class='test-content hide'>
<div class='test-time-info'>
	<span class='label start-time'>Nov 5, 2019, 2:57:57 PM</span>
	<span class='label end-time'>Nov 5, 2019, 3:18:29 PM</span>
	<span class='label time-taken grey lighten-1 white-text'>0h 20m 31s+321ms</span>
</div>
	<div class='test-steps'>
		<table class='bordered table-results'>
			<thead>
				<tr>
					<th>Status</th>
					<th>Timestamp</th>
					<th>Details</th>
				</tr>
			</thead>
			<tbody>
				<tr class='log' status='pass'>
					<td class='status pass' title='pass' alt='pass'><i class='material-icons'>check_circle</i></td>
					<td class='timestamp'>2:58:19 PM</td>
					<td class='step-details'></td>
				</tr>
				<tr class='log' status='pass'>
					<td class='status pass' title='pass' alt='pass'><i class='material-icons'>check_circle</i></td>
					<td class='timestamp'>2:58:19 PM</td>
					<td class='step-details'><span class='label white-text green'>EditNoteContent Test Case is Passed</span></td>
				</tr>
				<tr class='log' status='pass'>
					<td class='status pass' title='pass' alt='pass'><i class='material-icons'>check_circle</i></td>
					<td class='timestamp'>2:58:19 PM</td>
					<td class='step-details'>Please see attached screenshot</td>
				</tr>
			</tbody>
		</table>
	</div>
							<ul class='screenshots'>
								<li><img data-featherlight='D:/Automation/CRMandOrder/Screenshot/EditNoteContent.jpg' width='25%' src='D:/Automation/CRMandOrder/Screenshot/EditNoteContent.jpg'></li>
							</ul>
					</div>
				</li>
				
				
				<li class='test displayed active  fail' status='fail' bdd='false' test-id='38'>
					<div class='test-heading'>
						<span class='test-name'>DeleteContactNote</span>
						<span class='test-time'>Nov 5, 2019, 2:58:19 PM</span>
						<span class='test-status right fail'>fail</span>
					</div>
					<div class='test-content hide'>
<div class='test-time-info'>
	<span class='label start-time'>Nov 5, 2019, 2:58:19 PM</span>
	<span class='label end-time'>Nov 5, 2019, 3:18:29 PM</span>
	<span class='label time-taken grey lighten-1 white-text'>0h 20m 9s+493ms</span>
</div>
	<div class='test-steps'>
		<table class='bordered table-results'>
			<thead>
				<tr>
					<th>Status</th>
					<th>Timestamp</th>
					<th>Details</th>
				</tr>
			</thead>
			<tbody>
				<tr class='log' status='fail'>
					<td class='status fail' title='fail' alt='fail'><i class='material-icons'>cancel</i></td>
					<td class='timestamp'>2:58:49 PM</td>
					<td class='step-details'><span class='label white-text red'>DeleteContactNoteTest Case is Failed due to Below Issue</span></td>
				</tr>
				<tr class='log' status='fail'>
					<td class='status fail' title='fail' alt='fail'><i class='material-icons'>cancel</i></td>
					<td class='timestamp'>2:58:49 PM</td>
					<td class='step-details'>org.openqa.selenium.NoSuchElementException: no such element: Unable to locate element: {"method":"xpath","selector":"//button[contains(@ng-click, 'vm.removeNote(note)')]/i"}
  (Session info: chrome=78.0.3904.87)
For documentation on this error, please visit: http://seleniumhq.org/exceptions/no_such_element.html
Build info: version: '3.6.0', revision: '6fbf3ec767', time: '2017-09-27T15:28:36.4Z'
System info: host: 'MACPK-WKS-0132', ip: '192.168.8.193', os.name: 'Windows 10', os.arch: 'amd64', os.version: '10.0', java.version: '12.0.2'
Driver info: org.openqa.selenium.chrome.ChromeDriver
Capabilities [{networkConnectionEnabled=false, chrome={chromedriverVersion=78.0.3904.70 (edb9c9f3de0247fd912a77b7f6cae7447f6d3ad5-refs/branch-heads/3904@{#800}), userDataDir=C:\Users\MUHAMM~1.IFT\AppData\Local\Temp\scoped_dir14036_2068579387}, timeouts={implicit=0, pageLoad=300000, script=30000}, pageLoadStrategy=normal, unhandledPromptBehavior=dismiss and notify, strictFileInteractability=false, platform=XP, proxy=Proxy(), goog:chromeOptions={debuggerAddress=localhost:63958}, acceptInsecureCerts=false, browserVersion=78.0.3904.87, browserName=chrome, javascriptEnabled=true, platformName=XP, setWindowRect=true}]
Session ID: 6a5651c24dff6cfd47b92cdc74cad25c
*** Element info: {Using=xpath, value=//button[contains(@ng-click, 'vm.removeNote(note)')]/i}
	at java.base/jdk.internal.reflect.NativeConstructorAccessorImpl.newInstance0(Native Method)
	at java.base/jdk.internal.reflect.NativeConstructorAccessorImpl.newInstance(NativeConstructorAccessorImpl.java:62)
	at java.base/jdk.internal.reflect.DelegatingConstructorAccessorImpl.newInstance(DelegatingConstructorAccessorImpl.java:45)
	at java.base/java.lang.reflect.Constructor.newInstanceWithCaller(Constructor.java:500)
	at java.base/java.lang.reflect.Constructor.newInstance(Constructor.java:481)
	at org.openqa.selenium.remote.http.W3CHttpResponseCodec.createException(W3CHttpResponseCodec.java:185)
	at org.openqa.selenium.remote.http.W3CHttpResponseCodec.decode(W3CHttpResponseCodec.java:120)
	at org.openqa.selenium.remote.http.W3CHttpResponseCodec.decode(W3CHttpResponseCodec.java:49)
	at org.openqa.selenium.remote.HttpCommandExecutor.execute(HttpCommandExecutor.java:164)
	at org.openqa.selenium.remote.service.DriverCommandExecutor.execute(DriverCommandExecutor.java:83)
	at org.openqa.selenium.remote.RemoteWebDriver.execute(RemoteWebDriver.java:586)
	at org.openqa.selenium.remote.RemoteWebDriver.findElement(RemoteWebDriver.java:356)
	at org.openqa.selenium.remote.RemoteWebDriver.findElementByXPath(RemoteWebDriver.java:458)
	at org.openqa.selenium.By$ByXPath.findElement(By.java:361)
	at org.openqa.selenium.remote.RemoteWebDriver.findElement(RemoteWebDriver.java:348)
	at org.openqa.selenium.support.pagefactory.DefaultElementLocator.findElement(DefaultElementLocator.java:69)
	at org.openqa.selenium.support.pagefactory.internal.LocatingElementHandler.invoke(LocatingElementHandler.java:38)
	at com.sun.proxy.$Proxy11.getWrappedElement(Unknown Source)
	at org.openqa.selenium.remote.internal.WebElementToJsonConverter.apply(WebElementToJsonConverter.java:51)
	at com.google.common.collect.Iterators$6.transform(Iterators.java:820)
	at com.google.common.collect.TransformedIterator.next(TransformedIterator.java:48)
	at com.google.common.collect.Iterators.addAll(Iterators.java:373)
	at com.google.common.collect.Lists.newArrayList(Lists.java:165)
	at com.google.common.collect.Lists.newArrayList(Lists.java:150)
	at org.openqa.selenium.remote.RemoteWebDriver.executeScript(RemoteWebDriver.java:520)
	at PageFactoryandTestdata.HelpingFunction.Click(HelpingFunction.java:59)
	at CrmTestCases.Notes.DelNote(Notes.java:82)
	at Master.CRMExecution.DeleteContactNote(CRMExecution.java:285)
	at java.base/jdk.internal.reflect.NativeMethodAccessorImpl.invoke0(Native Method)
	at java.base/jdk.internal.reflect.NativeMethodAccessorImpl.invoke(NativeMethodAccessorImpl.java:62)
	at java.base/jdk.internal.reflect.DelegatingMethodAccessorImpl.invoke(DelegatingMethodAccessorImpl.java:43)
	at java.base/java.lang.reflect.Method.invoke(Method.java:567)
	at org.testng.internal.MethodInvocationHelper.invokeMethod(MethodInvocationHelper.java:124)
	at org.testng.internal.Invoker.invokeMethod(Invoker.java:583)
	at org.testng.internal.Invoker.invokeTestMethod(Invoker.java:719)
	at org.testng.internal.Invoker.invokeTestMethods(Invoker.java:989)
	at org.testng.internal.TestMethodWorker.invokeTestMethods(TestMethodWorker.java:125)
	at org.testng.internal.TestMethodWorker.run(TestMethodWorker.java:109)
	at org.testng.TestRunner.privateRun(TestRunner.java:648)
	at org.testng.TestRunner.run(TestRunner.java:505)
	at org.testng.SuiteRunner.runTest(SuiteRunner.java:455)
	at org.testng.SuiteRunner.runSequentially(SuiteRunner.java:450)
	at org.testng.SuiteRunner.privateRun(SuiteRunner.java:415)
	at org.testng.SuiteRunner.run(SuiteRunner.java:364)
	at org.testng.SuiteRunnerWorker.runSuite(SuiteRunnerWorker.java:52)
	at org.testng.SuiteRunnerWorker.run(SuiteRunnerWorker.java:84)
	at org.testng.TestNG.runSuitesSequentially(TestNG.java:1208)
	at org.testng.TestNG.runSuitesLocally(TestNG.java:1137)
	at org.testng.TestNG.runSuites(TestNG.java:1049)
	at org.testng.TestNG.run(TestNG.java:1017)
	at Master.TestRunner.main(TestRunner.java:13)</td>
				</tr>
			</tbody>
		</table>
	</div>
					</div>
				</li>
				
				
				<li class='test displayed active  pass' status='pass' bdd='false' test-id='39'>
					<div class='test-heading'>
						<span class='test-name'>AddTaskUnderContact</span>
						<span class='test-time'>Nov 5, 2019, 2:58:49 PM</span>
						<span class='test-status right pass'>pass</span>
					</div>
					<div class='test-content hide'>
<div class='test-time-info'>
	<span class='label start-time'>Nov 5, 2019, 2:58:49 PM</span>
	<span class='label end-time'>Nov 5, 2019, 3:18:29 PM</span>
	<span class='label time-taken grey lighten-1 white-text'>0h 19m 39s+289ms</span>
</div>
	<div class='test-steps'>
		<table class='bordered table-results'>
			<thead>
				<tr>
					<th>Status</th>
					<th>Timestamp</th>
					<th>Details</th>
				</tr>
			</thead>
			<tbody>
				<tr class='log' status='pass'>
					<td class='status pass' title='pass' alt='pass'><i class='material-icons'>check_circle</i></td>
					<td class='timestamp'>2:59:12 PM</td>
					<td class='step-details'></td>
				</tr>
				<tr class='log' status='pass'>
					<td class='status pass' title='pass' alt='pass'><i class='material-icons'>check_circle</i></td>
					<td class='timestamp'>2:59:12 PM</td>
					<td class='step-details'><span class='label white-text green'>AddTaskUnderContact Test Case is Passed</span></td>
				</tr>
				<tr class='log' status='pass'>
					<td class='status pass' title='pass' alt='pass'><i class='material-icons'>check_circle</i></td>
					<td class='timestamp'>2:59:12 PM</td>
					<td class='step-details'>Please see attached screenshot</td>
				</tr>
			</tbody>
		</table>
	</div>
							<ul class='screenshots'>
								<li><img data-featherlight='D:/Automation/CRMandOrder/Screenshot/AddTaskUnderContact.jpg' width='25%' src='D:/Automation/CRMandOrder/Screenshot/AddTaskUnderContact.jpg'></li>
							</ul>
					</div>
				</li>
				
				
				<li class='test displayed active  pass' status='pass' bdd='false' test-id='40'>
					<div class='test-heading'>
						<span class='test-name'>ContactTaskDisplayingInAppointmentinAllViews</span>
						<span class='test-time'>Nov 5, 2019, 2:59:12 PM</span>
						<span class='test-status right pass'>pass</span>
					</div>
					<div class='test-content hide'>
<div class='test-time-info'>
	<span class='label start-time'>Nov 5, 2019, 2:59:12 PM</span>
	<span class='label end-time'>Nov 5, 2019, 3:18:29 PM</span>
	<span class='label time-taken grey lighten-1 white-text'>0h 19m 16s+312ms</span>
</div>
	<div class='test-steps'>
		<table class='bordered table-results'>
			<thead>
				<tr>
					<th>Status</th>
					<th>Timestamp</th>
					<th>Details</th>
				</tr>
			</thead>
			<tbody>
				<tr class='log' status='pass'>
					<td class='status pass' title='pass' alt='pass'><i class='material-icons'>check_circle</i></td>
					<td class='timestamp'>2:59:41 PM</td>
					<td class='step-details'></td>
				</tr>
				<tr class='log' status='pass'>
					<td class='status pass' title='pass' alt='pass'><i class='material-icons'>check_circle</i></td>
					<td class='timestamp'>2:59:41 PM</td>
					<td class='step-details'><span class='label white-text green'>ContactTaskDisplayingInAppointmentinAllViews Test Case is Passed</span></td>
				</tr>
				<tr class='log' status='pass'>
					<td class='status pass' title='pass' alt='pass'><i class='material-icons'>check_circle</i></td>
					<td class='timestamp'>2:59:41 PM</td>
					<td class='step-details'>Please see attached screenshot</td>
				</tr>
			</tbody>
		</table>
	</div>
							<ul class='screenshots'>
								<li><img data-featherlight='D:/Automation/CRMandOrder/Screenshot/ContactTaskDisplayingInAppointmentinAllViews.jpg' width='25%' src='D:/Automation/CRMandOrder/Screenshot/ContactTaskDisplayingInAppointmentinAllViews.jpg'></li>
							</ul>
					</div>
				</li>
				
				
				<li class='test displayed active  pass' status='pass' bdd='false' test-id='41'>
					<div class='test-heading'>
						<span class='test-name'>EditTaskUnderContact</span>
						<span class='test-time'>Nov 5, 2019, 2:59:42 PM</span>
						<span class='test-status right pass'>pass</span>
					</div>
					<div class='test-content hide'>
<div class='test-time-info'>
	<span class='label start-time'>Nov 5, 2019, 2:59:42 PM</span>
	<span class='label end-time'>Nov 5, 2019, 3:18:29 PM</span>
	<span class='label time-taken grey lighten-1 white-text'>0h 18m 47s+87ms</span>
</div>
	<div class='test-steps'>
		<table class='bordered table-results'>
			<thead>
				<tr>
					<th>Status</th>
					<th>Timestamp</th>
					<th>Details</th>
				</tr>
			</thead>
			<tbody>
				<tr class='log' status='pass'>
					<td class='status pass' title='pass' alt='pass'><i class='material-icons'>check_circle</i></td>
					<td class='timestamp'>2:59:49 PM</td>
					<td class='step-details'></td>
				</tr>
				<tr class='log' status='pass'>
					<td class='status pass' title='pass' alt='pass'><i class='material-icons'>check_circle</i></td>
					<td class='timestamp'>2:59:49 PM</td>
					<td class='step-details'><span class='label white-text green'>EditTaskUnderContact Test Case is Passed</span></td>
				</tr>
				<tr class='log' status='pass'>
					<td class='status pass' title='pass' alt='pass'><i class='material-icons'>check_circle</i></td>
					<td class='timestamp'>2:59:49 PM</td>
					<td class='step-details'>Please see attached screenshot</td>
				</tr>
			</tbody>
		</table>
	</div>
							<ul class='screenshots'>
								<li><img data-featherlight='D:/Automation/CRMandOrder/Screenshot/EditTaskUnderContact.jpg' width='25%' src='D:/Automation/CRMandOrder/Screenshot/EditTaskUnderContact.jpg'></li>
							</ul>
					</div>
				</li>
				
				
				<li class='test displayed active  pass' status='pass' bdd='false' test-id='42'>
					<div class='test-heading'>
						<span class='test-name'>CompleteTaskUnderContact</span>
						<span class='test-time'>Nov 5, 2019, 2:59:49 PM</span>
						<span class='test-status right pass'>pass</span>
					</div>
					<div class='test-content hide'>
<div class='test-time-info'>
	<span class='label start-time'>Nov 5, 2019, 2:59:49 PM</span>
	<span class='label end-time'>Nov 5, 2019, 3:18:29 PM</span>
	<span class='label time-taken grey lighten-1 white-text'>0h 18m 39s+449ms</span>
</div>
	<div class='test-steps'>
		<table class='bordered table-results'>
			<thead>
				<tr>
					<th>Status</th>
					<th>Timestamp</th>
					<th>Details</th>
				</tr>
			</thead>
			<tbody>
				<tr class='log' status='pass'>
					<td class='status pass' title='pass' alt='pass'><i class='material-icons'>check_circle</i></td>
					<td class='timestamp'>3:00:03 PM</td>
					<td class='step-details'></td>
				</tr>
				<tr class='log' status='pass'>
					<td class='status pass' title='pass' alt='pass'><i class='material-icons'>check_circle</i></td>
					<td class='timestamp'>3:00:03 PM</td>
					<td class='step-details'><span class='label white-text green'>CompleteTaskUnderContact Test Case is Passed</span></td>
				</tr>
				<tr class='log' status='pass'>
					<td class='status pass' title='pass' alt='pass'><i class='material-icons'>check_circle</i></td>
					<td class='timestamp'>3:00:03 PM</td>
					<td class='step-details'>Please see attached screenshot</td>
				</tr>
			</tbody>
		</table>
	</div>
							<ul class='screenshots'>
								<li><img data-featherlight='D:/Automation/CRMandOrder/Screenshot/CompleteTaskUnderContact.jpg' width='25%' src='D:/Automation/CRMandOrder/Screenshot/CompleteTaskUnderContact.jpg'></li>
							</ul>
					</div>
				</li>
				
				
				<li class='test displayed active  pass' status='pass' bdd='false' test-id='43'>
					<div class='test-heading'>
						<span class='test-name'>DeleteTaskUnderContact</span>
						<span class='test-time'>Nov 5, 2019, 3:00:03 PM</span>
						<span class='test-status right pass'>pass</span>
					</div>
					<div class='test-content hide'>
<div class='test-time-info'>
	<span class='label start-time'>Nov 5, 2019, 3:00:03 PM</span>
	<span class='label end-time'>Nov 5, 2019, 3:18:29 PM</span>
	<span class='label time-taken grey lighten-1 white-text'>0h 18m 25s+749ms</span>
</div>
	<div class='test-steps'>
		<table class='bordered table-results'>
			<thead>
				<tr>
					<th>Status</th>
					<th>Timestamp</th>
					<th>Details</th>
				</tr>
			</thead>
			<tbody>
				<tr class='log' status='pass'>
					<td class='status pass' title='pass' alt='pass'><i class='material-icons'>check_circle</i></td>
					<td class='timestamp'>3:00:05 PM</td>
					<td class='step-details'></td>
				</tr>
				<tr class='log' status='pass'>
					<td class='status pass' title='pass' alt='pass'><i class='material-icons'>check_circle</i></td>
					<td class='timestamp'>3:00:05 PM</td>
					<td class='step-details'><span class='label white-text green'>DeleteTaskUnderContact Test Case is Passed</span></td>
				</tr>
				<tr class='log' status='pass'>
					<td class='status pass' title='pass' alt='pass'><i class='material-icons'>check_circle</i></td>
					<td class='timestamp'>3:00:05 PM</td>
					<td class='step-details'>Please see attached screenshot</td>
				</tr>
			</tbody>
		</table>
	</div>
							<ul class='screenshots'>
								<li><img data-featherlight='D:/Automation/CRMandOrder/Screenshot/DeleteTaskUnderContact.jpg' width='25%' src='D:/Automation/CRMandOrder/Screenshot/DeleteTaskUnderContact.jpg'></li>
							</ul>
					</div>
				</li>
				
				
				<li class='test displayed active  pass' status='pass' bdd='false' test-id='44'>
					<div class='test-heading'>
						<span class='test-name'>SearchCreatedCompany</span>
						<span class='test-time'>Nov 5, 2019, 3:00:06 PM</span>
						<span class='test-status right pass'>pass</span>
					</div>
					<div class='test-content hide'>
<div class='test-time-info'>
	<span class='label start-time'>Nov 5, 2019, 3:00:06 PM</span>
	<span class='label end-time'>Nov 5, 2019, 3:18:29 PM</span>
	<span class='label time-taken grey lighten-1 white-text'>0h 18m 23s+107ms</span>
</div>
	<div class='test-steps'>
		<table class='bordered table-results'>
			<thead>
				<tr>
					<th>Status</th>
					<th>Timestamp</th>
					<th>Details</th>
				</tr>
			</thead>
			<tbody>
				<tr class='log' status='pass'>
					<td class='status pass' title='pass' alt='pass'><i class='material-icons'>check_circle</i></td>
					<td class='timestamp'>3:00:11 PM</td>
					<td class='step-details'></td>
				</tr>
				<tr class='log' status='pass'>
					<td class='status pass' title='pass' alt='pass'><i class='material-icons'>check_circle</i></td>
					<td class='timestamp'>3:00:11 PM</td>
					<td class='step-details'><span class='label white-text green'>SearchCreatedCompany Test Case is Passed</span></td>
				</tr>
				<tr class='log' status='pass'>
					<td class='status pass' title='pass' alt='pass'><i class='material-icons'>check_circle</i></td>
					<td class='timestamp'>3:00:11 PM</td>
					<td class='step-details'>Please see attached screenshot</td>
				</tr>
			</tbody>
		</table>
	</div>
							<ul class='screenshots'>
								<li><img data-featherlight='D:/Automation/CRMandOrder/Screenshot/SearchCreatedCompany.jpg' width='25%' src='D:/Automation/CRMandOrder/Screenshot/SearchCreatedCompany.jpg'></li>
							</ul>
					</div>
				</li>
				
				
				<li class='test displayed active  pass' status='pass' bdd='false' test-id='45'>
					<div class='test-heading'>
						<span class='test-name'>SearchCreatedContact</span>
						<span class='test-time'>Nov 5, 2019, 3:00:11 PM</span>
						<span class='test-status right pass'>pass</span>
					</div>
					<div class='test-content hide'>
<div class='test-time-info'>
	<span class='label start-time'>Nov 5, 2019, 3:00:11 PM</span>
	<span class='label end-time'>Nov 5, 2019, 3:18:29 PM</span>
	<span class='label time-taken grey lighten-1 white-text'>0h 18m 17s+293ms</span>
</div>
	<div class='test-steps'>
		<table class='bordered table-results'>
			<thead>
				<tr>
					<th>Status</th>
					<th>Timestamp</th>
					<th>Details</th>
				</tr>
			</thead>
			<tbody>
				<tr class='log' status='pass'>
					<td class='status pass' title='pass' alt='pass'><i class='material-icons'>check_circle</i></td>
					<td class='timestamp'>3:00:16 PM</td>
					<td class='step-details'></td>
				</tr>
				<tr class='log' status='pass'>
					<td class='status pass' title='pass' alt='pass'><i class='material-icons'>check_circle</i></td>
					<td class='timestamp'>3:00:16 PM</td>
					<td class='step-details'><span class='label white-text green'>SearchCreatedContact Test Case is Passed</span></td>
				</tr>
				<tr class='log' status='pass'>
					<td class='status pass' title='pass' alt='pass'><i class='material-icons'>check_circle</i></td>
					<td class='timestamp'>3:00:16 PM</td>
					<td class='step-details'>Please see attached screenshot</td>
				</tr>
			</tbody>
		</table>
	</div>
							<ul class='screenshots'>
								<li><img data-featherlight='D:/Automation/CRMandOrder/Screenshot/SearchCreatedContact.jpg' width='25%' src='D:/Automation/CRMandOrder/Screenshot/SearchCreatedContact.jpg'></li>
							</ul>
					</div>
				</li>
				
				
				<li class='test displayed active  pass' status='pass' bdd='false' test-id='46'>
					<div class='test-heading'>
						<span class='test-name'>ExemptTaxFromCompany</span>
						<span class='test-time'>Nov 5, 2019, 3:00:16 PM</span>
						<span class='test-status right pass'>pass</span>
					</div>
					<div class='test-content hide'>
<div class='test-time-info'>
	<span class='label start-time'>Nov 5, 2019, 3:00:16 PM</span>
	<span class='label end-time'>Nov 5, 2019, 3:18:29 PM</span>
	<span class='label time-taken grey lighten-1 white-text'>0h 18m 12s+262ms</span>
</div>
	<div class='test-steps'>
		<table class='bordered table-results'>
			<thead>
				<tr>
					<th>Status</th>
					<th>Timestamp</th>
					<th>Details</th>
				</tr>
			</thead>
			<tbody>
				<tr class='log' status='pass'>
					<td class='status pass' title='pass' alt='pass'><i class='material-icons'>check_circle</i></td>
					<td class='timestamp'>3:00:32 PM</td>
					<td class='step-details'></td>
				</tr>
				<tr class='log' status='pass'>
					<td class='status pass' title='pass' alt='pass'><i class='material-icons'>check_circle</i></td>
					<td class='timestamp'>3:00:32 PM</td>
					<td class='step-details'><span class='label white-text green'>ExemptTaxFromCompany Test Case is Passed</span></td>
				</tr>
				<tr class='log' status='pass'>
					<td class='status pass' title='pass' alt='pass'><i class='material-icons'>check_circle</i></td>
					<td class='timestamp'>3:00:32 PM</td>
					<td class='step-details'>Please see attached screenshot</td>
				</tr>
			</tbody>
		</table>
	</div>
							<ul class='screenshots'>
								<li><img data-featherlight='D:/Automation/CRMandOrder/Screenshot/ExemptTaxFromCompany.jpg' width='25%' src='D:/Automation/CRMandOrder/Screenshot/ExemptTaxFromCompany.jpg'></li>
							</ul>
					</div>
				</li>
				
				
				<li class='test displayed active  pass' status='pass' bdd='false' test-id='47'>
					<div class='test-heading'>
						<span class='test-name'>CreateOrderAndVerifyTaxNotCalculating</span>
						<span class='test-time'>Nov 5, 2019, 3:00:32 PM</span>
						<span class='test-status right pass'>pass</span>
					</div>
					<div class='test-content hide'>
<div class='test-time-info'>
	<span class='label start-time'>Nov 5, 2019, 3:00:32 PM</span>
	<span class='label end-time'>Nov 5, 2019, 3:18:29 PM</span>
	<span class='label time-taken grey lighten-1 white-text'>0h 17m 56s+962ms</span>
</div>
	<div class='test-steps'>
		<table class='bordered table-results'>
			<thead>
				<tr>
					<th>Status</th>
					<th>Timestamp</th>
					<th>Details</th>
				</tr>
			</thead>
			<tbody>
				<tr class='log' status='pass'>
					<td class='status pass' title='pass' alt='pass'><i class='material-icons'>check_circle</i></td>
					<td class='timestamp'>3:01:18 PM</td>
					<td class='step-details'></td>
				</tr>
				<tr class='log' status='pass'>
					<td class='status pass' title='pass' alt='pass'><i class='material-icons'>check_circle</i></td>
					<td class='timestamp'>3:01:18 PM</td>
					<td class='step-details'><span class='label white-text green'>CreateOrderAndVerifyTaxNotCalculating Test Case is Passed</span></td>
				</tr>
				<tr class='log' status='pass'>
					<td class='status pass' title='pass' alt='pass'><i class='material-icons'>check_circle</i></td>
					<td class='timestamp'>3:01:18 PM</td>
					<td class='step-details'>Please see attached screenshot</td>
				</tr>
			</tbody>
		</table>
	</div>
							<ul class='screenshots'>
								<li><img data-featherlight='D:/Automation/CRMandOrder/Screenshot/CreateOrderAndVerifyTaxNotCalculating.jpg' width='25%' src='D:/Automation/CRMandOrder/Screenshot/CreateOrderAndVerifyTaxNotCalculating.jpg'></li>
							</ul>
					</div>
				</li>
				
				
				<li class='test displayed active  pass' status='pass' bdd='false' test-id='48'>
					<div class='test-heading'>
						<span class='test-name'>DeleteCompanywithOrder</span>
						<span class='test-time'>Nov 5, 2019, 3:01:18 PM</span>
						<span class='test-status right pass'>pass</span>
					</div>
					<div class='test-content hide'>
<div class='test-time-info'>
	<span class='label start-time'>Nov 5, 2019, 3:01:18 PM</span>
	<span class='label end-time'>Nov 5, 2019, 3:18:29 PM</span>
	<span class='label time-taken grey lighten-1 white-text'>0h 17m 10s+724ms</span>
</div>
	<div class='test-steps'>
		<table class='bordered table-results'>
			<thead>
				<tr>
					<th>Status</th>
					<th>Timestamp</th>
					<th>Details</th>
				</tr>
			</thead>
			<tbody>
				<tr class='log' status='pass'>
					<td class='status pass' title='pass' alt='pass'><i class='material-icons'>check_circle</i></td>
					<td class='timestamp'>3:01:30 PM</td>
					<td class='step-details'></td>
				</tr>
				<tr class='log' status='pass'>
					<td class='status pass' title='pass' alt='pass'><i class='material-icons'>check_circle</i></td>
					<td class='timestamp'>3:01:30 PM</td>
					<td class='step-details'><span class='label white-text green'>DeleteCompanywithOrder Test Case is Passed</span></td>
				</tr>
				<tr class='log' status='pass'>
					<td class='status pass' title='pass' alt='pass'><i class='material-icons'>check_circle</i></td>
					<td class='timestamp'>3:01:30 PM</td>
					<td class='step-details'>Please see attached screenshot</td>
				</tr>
			</tbody>
		</table>
	</div>
							<ul class='screenshots'>
								<li><img data-featherlight='D:/Automation/CRMandOrder/Screenshot/DeleteCompanywithOrder.jpg' width='25%' src='D:/Automation/CRMandOrder/Screenshot/DeleteCompanywithOrder.jpg'></li>
							</ul>
					</div>
				</li>
				
				
				<li class='test displayed active  pass' status='pass' bdd='false' test-id='49'>
					<div class='test-heading'>
						<span class='test-name'>InactiveCompAndVerifyNotShowingIn_ActiveFilter</span>
						<span class='test-time'>Nov 5, 2019, 3:01:30 PM</span>
						<span class='test-status right pass'>pass</span>
					</div>
					<div class='test-content hide'>
<div class='test-time-info'>
	<span class='label start-time'>Nov 5, 2019, 3:01:30 PM</span>
	<span class='label end-time'>Nov 5, 2019, 3:18:29 PM</span>
	<span class='label time-taken grey lighten-1 white-text'>0h 16m 58s+536ms</span>
</div>
	<div class='test-steps'>
		<table class='bordered table-results'>
			<thead>
				<tr>
					<th>Status</th>
					<th>Timestamp</th>
					<th>Details</th>
				</tr>
			</thead>
			<tbody>
				<tr class='log' status='pass'>
					<td class='status pass' title='pass' alt='pass'><i class='material-icons'>check_circle</i></td>
					<td class='timestamp'>3:01:58 PM</td>
					<td class='step-details'></td>
				</tr>
				<tr class='log' status='pass'>
					<td class='status pass' title='pass' alt='pass'><i class='material-icons'>check_circle</i></td>
					<td class='timestamp'>3:01:58 PM</td>
					<td class='step-details'><span class='label white-text green'>InactiveCompAndVerifyNotShowingIn_ActiveFilter Test Case is Passed</span></td>
				</tr>
				<tr class='log' status='pass'>
					<td class='status pass' title='pass' alt='pass'><i class='material-icons'>check_circle</i></td>
					<td class='timestamp'>3:01:58 PM</td>
					<td class='step-details'>Please see attached screenshot</td>
				</tr>
			</tbody>
		</table>
	</div>
							<ul class='screenshots'>
								<li><img data-featherlight='D:/Automation/CRMandOrder/Screenshot/InactiveCompAndVerifyNotShowingIn_ActiveFilter.jpg' width='25%' src='D:/Automation/CRMandOrder/Screenshot/InactiveCompAndVerifyNotShowingIn_ActiveFilter.jpg'></li>
							</ul>
					</div>
				</li>
				
				
				<li class='test displayed active  pass' status='pass' bdd='false' test-id='50'>
					<div class='test-heading'>
						<span class='test-name'>InactiveContAndVerifyNotShowingIn_ActiveFilter</span>
						<span class='test-time'>Nov 5, 2019, 3:01:58 PM</span>
						<span class='test-status right pass'>pass</span>
					</div>
					<div class='test-content hide'>
<div class='test-time-info'>
	<span class='label start-time'>Nov 5, 2019, 3:01:58 PM</span>
	<span class='label end-time'>Nov 5, 2019, 3:18:29 PM</span>
	<span class='label time-taken grey lighten-1 white-text'>0h 16m 30s+863ms</span>
</div>
	<div class='test-steps'>
		<table class='bordered table-results'>
			<thead>
				<tr>
					<th>Status</th>
					<th>Timestamp</th>
					<th>Details</th>
				</tr>
			</thead>
			<tbody>
				<tr class='log' status='pass'>
					<td class='status pass' title='pass' alt='pass'><i class='material-icons'>check_circle</i></td>
					<td class='timestamp'>3:02:31 PM</td>
					<td class='step-details'></td>
				</tr>
				<tr class='log' status='pass'>
					<td class='status pass' title='pass' alt='pass'><i class='material-icons'>check_circle</i></td>
					<td class='timestamp'>3:02:31 PM</td>
					<td class='step-details'><span class='label white-text green'>InactiveContAndVerifyNotShowingIn_ActiveFilter Test Case is Passed</span></td>
				</tr>
				<tr class='log' status='pass'>
					<td class='status pass' title='pass' alt='pass'><i class='material-icons'>check_circle</i></td>
					<td class='timestamp'>3:02:31 PM</td>
					<td class='step-details'>Please see attached screenshot</td>
				</tr>
			</tbody>
		</table>
	</div>
							<ul class='screenshots'>
								<li><img data-featherlight='D:/Automation/CRMandOrder/Screenshot/InactiveContAndVerifyNotShowingIn_ActiveFilter.jpg' width='25%' src='D:/Automation/CRMandOrder/Screenshot/InactiveContAndVerifyNotShowingIn_ActiveFilter.jpg'></li>
							</ul>
					</div>
				</li>
				
				
				<li class='test displayed active  pass' status='pass' bdd='false' test-id='51'>
					<div class='test-heading'>
						<span class='test-name'>CreateContactFromMain</span>
						<span class='test-time'>Nov 5, 2019, 3:02:31 PM</span>
						<span class='test-status right pass'>pass</span>
					</div>
					<div class='test-content hide'>
<div class='test-time-info'>
	<span class='label start-time'>Nov 5, 2019, 3:02:31 PM</span>
	<span class='label end-time'>Nov 5, 2019, 3:18:29 PM</span>
	<span class='label time-taken grey lighten-1 white-text'>0h 15m 57s+849ms</span>
</div>
	<div class='test-steps'>
		<table class='bordered table-results'>
			<thead>
				<tr>
					<th>Status</th>
					<th>Timestamp</th>
					<th>Details</th>
				</tr>
			</thead>
			<tbody>
				<tr class='log' status='pass'>
					<td class='status pass' title='pass' alt='pass'><i class='material-icons'>check_circle</i></td>
					<td class='timestamp'>3:02:58 PM</td>
					<td class='step-details'></td>
				</tr>
				<tr class='log' status='pass'>
					<td class='status pass' title='pass' alt='pass'><i class='material-icons'>check_circle</i></td>
					<td class='timestamp'>3:02:58 PM</td>
					<td class='step-details'><span class='label white-text green'>CreateContactFromMain Test Case is Passed</span></td>
				</tr>
				<tr class='log' status='pass'>
					<td class='status pass' title='pass' alt='pass'><i class='material-icons'>check_circle</i></td>
					<td class='timestamp'>3:02:58 PM</td>
					<td class='step-details'>Please see attached screenshot</td>
				</tr>
			</tbody>
		</table>
	</div>
							<ul class='screenshots'>
								<li><img data-featherlight='D:/Automation/CRMandOrder/Screenshot/CreateContactFromMain.jpg' width='25%' src='D:/Automation/CRMandOrder/Screenshot/CreateContactFromMain.jpg'></li>
							</ul>
					</div>
				</li>
				
				
				<li class='test displayed active  pass' status='pass' bdd='false' test-id='52'>
					<div class='test-heading'>
						<span class='test-name'>CreateNoteFromMain</span>
						<span class='test-time'>Nov 5, 2019, 3:02:58 PM</span>
						<span class='test-status right pass'>pass</span>
					</div>
					<div class='test-content hide'>
<div class='test-time-info'>
	<span class='label start-time'>Nov 5, 2019, 3:02:58 PM</span>
	<span class='label end-time'>Nov 5, 2019, 3:18:29 PM</span>
	<span class='label time-taken grey lighten-1 white-text'>0h 15m 30s+897ms</span>
</div>
	<div class='test-steps'>
		<table class='bordered table-results'>
			<thead>
				<tr>
					<th>Status</th>
					<th>Timestamp</th>
					<th>Details</th>
				</tr>
			</thead>
			<tbody>
				<tr class='log' status='pass'>
					<td class='status pass' title='pass' alt='pass'><i class='material-icons'>check_circle</i></td>
					<td class='timestamp'>3:03:08 PM</td>
					<td class='step-details'></td>
				</tr>
				<tr class='log' status='pass'>
					<td class='status pass' title='pass' alt='pass'><i class='material-icons'>check_circle</i></td>
					<td class='timestamp'>3:03:08 PM</td>
					<td class='step-details'><span class='label white-text green'>CreateNoteFromMain Test Case is Passed</span></td>
				</tr>
				<tr class='log' status='pass'>
					<td class='status pass' title='pass' alt='pass'><i class='material-icons'>check_circle</i></td>
					<td class='timestamp'>3:03:08 PM</td>
					<td class='step-details'>Please see attached screenshot</td>
				</tr>
			</tbody>
		</table>
	</div>
							<ul class='screenshots'>
								<li><img data-featherlight='D:/Automation/CRMandOrder/Screenshot/CreateNoteFromMain.jpg' width='25%' src='D:/Automation/CRMandOrder/Screenshot/CreateNoteFromMain.jpg'></li>
							</ul>
					</div>
				</li>
				
				
				<li class='test displayed active  pass' status='pass' bdd='false' test-id='53'>
					<div class='test-heading'>
						<span class='test-name'>CreateTaskFromMainByAddingNotesAndAssigningIttoTeam</span>
						<span class='test-time'>Nov 5, 2019, 3:03:28 PM</span>
						<span class='test-status right pass'>pass</span>
					</div>
					<div class='test-content hide'>
<div class='test-time-info'>
	<span class='label start-time'>Nov 5, 2019, 3:03:28 PM</span>
	<span class='label end-time'>Nov 5, 2019, 3:18:29 PM</span>
	<span class='label time-taken grey lighten-1 white-text'>0h 15m 0s+605ms</span>
</div>
	<div class='test-steps'>
		<table class='bordered table-results'>
			<thead>
				<tr>
					<th>Status</th>
					<th>Timestamp</th>
					<th>Details</th>
				</tr>
			</thead>
			<tbody>
				<tr class='log' status='pass'>
					<td class='status pass' title='pass' alt='pass'><i class='material-icons'>check_circle</i></td>
					<td class='timestamp'>3:04:15 PM</td>
					<td class='step-details'>Validating that user is able Create Task From Main, Assigning it to team and creating a Notes</td>
				</tr>
				<tr class='log' status='pass'>
					<td class='status pass' title='pass' alt='pass'><i class='material-icons'>check_circle</i></td>
					<td class='timestamp'>3:04:15 PM</td>
					<td class='step-details'><span class='label white-text green'>CreateTaskFromMainByAddingNotesAndAssigningIttoTeam Test Case is Passed</span></td>
				</tr>
				<tr class='log' status='pass'>
					<td class='status pass' title='pass' alt='pass'><i class='material-icons'>check_circle</i></td>
					<td class='timestamp'>3:04:15 PM</td>
					<td class='step-details'>Please see attached screenshot</td>
				</tr>
			</tbody>
		</table>
	</div>
							<ul class='screenshots'>
								<li><img data-featherlight='D:/Automation/CRMandOrder/Screenshot/CreateTaskFromMainByAddingNotesAndAssigningIttoTeam.jpg' width='25%' src='D:/Automation/CRMandOrder/Screenshot/CreateTaskFromMainByAddingNotesAndAssigningIttoTeam.jpg'></li>
							</ul>
					</div>
				</li>
				
				
				<li class='test displayed active  pass' status='pass' bdd='false' test-id='54'>
					<div class='test-heading'>
						<span class='test-name'>ViewTaskBasesOnCategory</span>
						<span class='test-time'>Nov 5, 2019, 3:04:25 PM</span>
						<span class='test-status right pass'>pass</span>
					</div>
					<div class='test-content hide'>
<div class='test-time-info'>
	<span class='label start-time'>Nov 5, 2019, 3:04:25 PM</span>
	<span class='label end-time'>Nov 5, 2019, 3:18:29 PM</span>
	<span class='label time-taken grey lighten-1 white-text'>0h 14m 3s+385ms</span>
</div>
	<div class='test-steps'>
		<table class='bordered table-results'>
			<thead>
				<tr>
					<th>Status</th>
					<th>Timestamp</th>
					<th>Details</th>
				</tr>
			</thead>
			<tbody>
				<tr class='log' status='pass'>
					<td class='status pass' title='pass' alt='pass'><i class='material-icons'>check_circle</i></td>
					<td class='timestamp'>3:04:48 PM</td>
					<td class='step-details'></td>
				</tr>
				<tr class='log' status='pass'>
					<td class='status pass' title='pass' alt='pass'><i class='material-icons'>check_circle</i></td>
					<td class='timestamp'>3:04:48 PM</td>
					<td class='step-details'><span class='label white-text green'>ViewTaskBasesOnCategory Test Case is Passed</span></td>
				</tr>
				<tr class='log' status='pass'>
					<td class='status pass' title='pass' alt='pass'><i class='material-icons'>check_circle</i></td>
					<td class='timestamp'>3:04:48 PM</td>
					<td class='step-details'>Please see attached screenshot</td>
				</tr>
			</tbody>
		</table>
	</div>
							<ul class='screenshots'>
								<li><img data-featherlight='D:/Automation/CRMandOrder/Screenshot/ViewTaskBasesOnCategory.jpg' width='25%' src='D:/Automation/CRMandOrder/Screenshot/ViewTaskBasesOnCategory.jpg'></li>
							</ul>
					</div>
				</li>
				
				
				<li class='test displayed active  pass' status='pass' bdd='false' test-id='55'>
					<div class='test-heading'>
						<span class='test-name'>VerifyCompanyFilter</span>
						<span class='test-time'>Nov 5, 2019, 3:04:48 PM</span>
						<span class='test-status right pass'>pass</span>
					</div>
					<div class='test-content hide'>
<div class='test-time-info'>
	<span class='label start-time'>Nov 5, 2019, 3:04:48 PM</span>
	<span class='label end-time'>Nov 5, 2019, 3:18:29 PM</span>
	<span class='label time-taken grey lighten-1 white-text'>0h 13m 40s+857ms</span>
</div>
	<div class='test-steps'>
		<table class='bordered table-results'>
			<thead>
				<tr>
					<th>Status</th>
					<th>Timestamp</th>
					<th>Details</th>
				</tr>
			</thead>
			<tbody>
				<tr class='log' status='pass'>
					<td class='status pass' title='pass' alt='pass'><i class='material-icons'>check_circle</i></td>
					<td class='timestamp'>3:04:55 PM</td>
					<td class='step-details'></td>
				</tr>
				<tr class='log' status='pass'>
					<td class='status pass' title='pass' alt='pass'><i class='material-icons'>check_circle</i></td>
					<td class='timestamp'>3:04:55 PM</td>
					<td class='step-details'><span class='label white-text green'>VerifyCompanyFilter Test Case is Passed</span></td>
				</tr>
				<tr class='log' status='pass'>
					<td class='status pass' title='pass' alt='pass'><i class='material-icons'>check_circle</i></td>
					<td class='timestamp'>3:04:55 PM</td>
					<td class='step-details'>Please see attached screenshot</td>
				</tr>
			</tbody>
		</table>
	</div>
							<ul class='screenshots'>
								<li><img data-featherlight='D:/Automation/CRMandOrder/Screenshot/VerifyCompanyFilter.jpg' width='25%' src='D:/Automation/CRMandOrder/Screenshot/VerifyCompanyFilter.jpg'></li>
							</ul>
					</div>
				</li>
				
				
				<li class='test displayed active  pass' status='pass' bdd='false' test-id='56'>
					<div class='test-heading'>
						<span class='test-name'>VerifyContactFilter</span>
						<span class='test-time'>Nov 5, 2019, 3:04:55 PM</span>
						<span class='test-status right pass'>pass</span>
					</div>
					<div class='test-content hide'>
<div class='test-time-info'>
	<span class='label start-time'>Nov 5, 2019, 3:04:55 PM</span>
	<span class='label end-time'>Nov 5, 2019, 3:18:29 PM</span>
	<span class='label time-taken grey lighten-1 white-text'>0h 13m 33s+962ms</span>
</div>
	<div class='test-steps'>
		<table class='bordered table-results'>
			<thead>
				<tr>
					<th>Status</th>
					<th>Timestamp</th>
					<th>Details</th>
				</tr>
			</thead>
			<tbody>
				<tr class='log' status='pass'>
					<td class='status pass' title='pass' alt='pass'><i class='material-icons'>check_circle</i></td>
					<td class='timestamp'>3:05:04 PM</td>
					<td class='step-details'></td>
				</tr>
				<tr class='log' status='pass'>
					<td class='status pass' title='pass' alt='pass'><i class='material-icons'>check_circle</i></td>
					<td class='timestamp'>3:05:04 PM</td>
					<td class='step-details'><span class='label white-text green'>VerifyContactFilter Test Case is Passed</span></td>
				</tr>
				<tr class='log' status='pass'>
					<td class='status pass' title='pass' alt='pass'><i class='material-icons'>check_circle</i></td>
					<td class='timestamp'>3:05:04 PM</td>
					<td class='step-details'>Please see attached screenshot</td>
				</tr>
			</tbody>
		</table>
	</div>
							<ul class='screenshots'>
								<li><img data-featherlight='D:/Automation/CRMandOrder/Screenshot/VerifyContactFilter.jpg' width='25%' src='D:/Automation/CRMandOrder/Screenshot/VerifyContactFilter.jpg'></li>
							</ul>
					</div>
				</li>
				
				
				<li class='test displayed active  pass' status='pass' bdd='false' test-id='57'>
					<div class='test-heading'>
						<span class='test-name'>CreateAndDeleteComp</span>
						<span class='test-time'>Nov 5, 2019, 3:05:04 PM</span>
						<span class='test-status right pass'>pass</span>
					</div>
					<div class='test-content hide'>
<div class='test-time-info'>
	<span class='label start-time'>Nov 5, 2019, 3:05:04 PM</span>
	<span class='label end-time'>Nov 5, 2019, 3:18:29 PM</span>
	<span class='label time-taken grey lighten-1 white-text'>0h 13m 24s+227ms</span>
</div>
	<div class='test-steps'>
		<table class='bordered table-results'>
			<thead>
				<tr>
					<th>Status</th>
					<th>Timestamp</th>
					<th>Details</th>
				</tr>
			</thead>
			<tbody>
				<tr class='log' status='pass'>
					<td class='status pass' title='pass' alt='pass'><i class='material-icons'>check_circle</i></td>
					<td class='timestamp'>3:05:08 PM</td>
					<td class='step-details'></td>
				</tr>
				<tr class='log' status='pass'>
					<td class='status pass' title='pass' alt='pass'><i class='material-icons'>check_circle</i></td>
					<td class='timestamp'>3:05:08 PM</td>
					<td class='step-details'><span class='label white-text green'>CreateAndDeleteComp Test Case is Passed</span></td>
				</tr>
				<tr class='log' status='pass'>
					<td class='status pass' title='pass' alt='pass'><i class='material-icons'>check_circle</i></td>
					<td class='timestamp'>3:05:08 PM</td>
					<td class='step-details'>Please see attached screenshot</td>
				</tr>
			</tbody>
		</table>
	</div>
							<ul class='screenshots'>
								<li><img data-featherlight='D:/Automation/CRMandOrder/Screenshot/CreateAndDeleteComp.jpg' width='25%' src='D:/Automation/CRMandOrder/Screenshot/CreateAndDeleteComp.jpg'></li>
							</ul>
					</div>
				</li>
				
				
				<li class='test displayed active  pass' status='pass' bdd='false' test-id='58'>
					<div class='test-heading'>
						<span class='test-name'>AddContactInCompany</span>
						<span class='test-time'>Nov 5, 2019, 3:05:08 PM</span>
						<span class='test-status right pass'>pass</span>
					</div>
					<div class='test-content hide'>
<div class='test-time-info'>
	<span class='label start-time'>Nov 5, 2019, 3:05:08 PM</span>
	<span class='label end-time'>Nov 5, 2019, 3:18:29 PM</span>
	<span class='label time-taken grey lighten-1 white-text'>0h 13m 20s+511ms</span>
</div>
	<div class='test-steps'>
		<table class='bordered table-results'>
			<thead>
				<tr>
					<th>Status</th>
					<th>Timestamp</th>
					<th>Details</th>
				</tr>
			</thead>
			<tbody>
				<tr class='log' status='pass'>
					<td class='status pass' title='pass' alt='pass'><i class='material-icons'>check_circle</i></td>
					<td class='timestamp'>3:05:20 PM</td>
					<td class='step-details'></td>
				</tr>
				<tr class='log' status='pass'>
					<td class='status pass' title='pass' alt='pass'><i class='material-icons'>check_circle</i></td>
					<td class='timestamp'>3:05:20 PM</td>
					<td class='step-details'><span class='label white-text green'>AddContactInCompany Test Case is Passed</span></td>
				</tr>
				<tr class='log' status='pass'>
					<td class='status pass' title='pass' alt='pass'><i class='material-icons'>check_circle</i></td>
					<td class='timestamp'>3:05:20 PM</td>
					<td class='step-details'>Please see attached screenshot</td>
				</tr>
			</tbody>
		</table>
	</div>
							<ul class='screenshots'>
								<li><img data-featherlight='D:/Automation/CRMandOrder/Screenshot/AddContactInCompany.jpg' width='25%' src='D:/Automation/CRMandOrder/Screenshot/AddContactInCompany.jpg'></li>
							</ul>
					</div>
				</li>
				
				
				<li class='test displayed active  fail' status='fail' bdd='false' test-id='59'>
					<div class='test-heading'>
						<span class='test-name'>ChangeCompaniesRecordOwnerFromDashBoard</span>
						<span class='test-time'>Nov 5, 2019, 3:05:20 PM</span>
						<span class='test-status right fail'>fail</span>
					</div>
					<div class='test-content hide'>
<div class='test-time-info'>
	<span class='label start-time'>Nov 5, 2019, 3:05:20 PM</span>
	<span class='label end-time'>Nov 5, 2019, 3:18:29 PM</span>
	<span class='label time-taken grey lighten-1 white-text'>0h 13m 8s+577ms</span>
</div>
	<div class='test-steps'>
		<table class='bordered table-results'>
			<thead>
				<tr>
					<th>Status</th>
					<th>Timestamp</th>
					<th>Details</th>
				</tr>
			</thead>
			<tbody>
				<tr class='log' status='fail'>
					<td class='status fail' title='fail' alt='fail'><i class='material-icons'>cancel</i></td>
					<td class='timestamp'>3:05:28 PM</td>
					<td class='step-details'><span class='label white-text red'>ChangeCompaniesRecordOwnerFromDashBoardTest Case is Failed due to Below Issue</span></td>
				</tr>
				<tr class='log' status='fail'>
					<td class='status fail' title='fail' alt='fail'><i class='material-icons'>cancel</i></td>
					<td class='timestamp'>3:05:28 PM</td>
					<td class='step-details'>org.openqa.selenium.StaleElementReferenceException: stale element reference: element is not attached to the page document
  (Session info: chrome=78.0.3904.87)
For documentation on this error, please visit: http://seleniumhq.org/exceptions/stale_element_reference.html
Build info: version: '3.6.0', revision: '6fbf3ec767', time: '2017-09-27T15:28:36.4Z'
System info: host: 'MACPK-WKS-0132', ip: '192.168.8.193', os.name: 'Windows 10', os.arch: 'amd64', os.version: '10.0', java.version: '12.0.2'
Driver info: org.openqa.selenium.chrome.ChromeDriver
Capabilities [{networkConnectionEnabled=false, chrome={chromedriverVersion=78.0.3904.70 (edb9c9f3de0247fd912a77b7f6cae7447f6d3ad5-refs/branch-heads/3904@{#800}), userDataDir=C:\Users\MUHAMM~1.IFT\AppData\Local\Temp\scoped_dir14036_2068579387}, timeouts={implicit=0, pageLoad=300000, script=30000}, pageLoadStrategy=normal, unhandledPromptBehavior=dismiss and notify, strictFileInteractability=false, platform=XP, proxy=Proxy(), goog:chromeOptions={debuggerAddress=localhost:63958}, acceptInsecureCerts=false, browserVersion=78.0.3904.87, browserName=chrome, javascriptEnabled=true, platformName=XP, setWindowRect=true}]
Session ID: 6a5651c24dff6cfd47b92cdc74cad25c
	at java.base/jdk.internal.reflect.NativeConstructorAccessorImpl.newInstance0(Native Method)
	at java.base/jdk.internal.reflect.NativeConstructorAccessorImpl.newInstance(NativeConstructorAccessorImpl.java:62)
	at java.base/jdk.internal.reflect.DelegatingConstructorAccessorImpl.newInstance(DelegatingConstructorAccessorImpl.java:45)
	at java.base/java.lang.reflect.Constructor.newInstanceWithCaller(Constructor.java:500)
	at java.base/java.lang.reflect.Constructor.newInstance(Constructor.java:481)
	at org.openqa.selenium.remote.http.W3CHttpResponseCodec.createException(W3CHttpResponseCodec.java:185)
	at org.openqa.selenium.remote.http.W3CHttpResponseCodec.decode(W3CHttpResponseCodec.java:120)
	at org.openqa.selenium.remote.http.W3CHttpResponseCodec.decode(W3CHttpResponseCodec.java:49)
	at org.openqa.selenium.remote.HttpCommandExecutor.execute(HttpCommandExecutor.java:164)
	at org.openqa.selenium.remote.service.DriverCommandExecutor.execute(DriverCommandExecutor.java:83)
	at org.openqa.selenium.remote.RemoteWebDriver.execute(RemoteWebDriver.java:586)
	at org.openqa.selenium.remote.RemoteWebElement.execute(RemoteWebElement.java:279)
	at org.openqa.selenium.remote.RemoteWebElement.click(RemoteWebElement.java:83)
	at CrmTestCases.RecordOwnerAndVisi.SelectUser(RecordOwnerAndVisi.java:80)
	at CrmTestCases.RecordOwnerAndVisi.UpdateRecordOwn(RecordOwnerAndVisi.java:102)
	at Master.CRMExecution.ChangeCompaniesRecordOwnerFromDashBoard(CRMExecution.java:410)
	at java.base/jdk.internal.reflect.NativeMethodAccessorImpl.invoke0(Native Method)
	at java.base/jdk.internal.reflect.NativeMethodAccessorImpl.invoke(NativeMethodAccessorImpl.java:62)
	at java.base/jdk.internal.reflect.DelegatingMethodAccessorImpl.invoke(DelegatingMethodAccessorImpl.java:43)
	at java.base/java.lang.reflect.Method.invoke(Method.java:567)
	at org.testng.internal.MethodInvocationHelper.invokeMethod(MethodInvocationHelper.java:124)
	at org.testng.internal.Invoker.invokeMethod(Invoker.java:583)
	at org.testng.internal.Invoker.invokeTestMethod(Invoker.java:719)
	at org.testng.internal.Invoker.invokeTestMethods(Invoker.java:989)
	at org.testng.internal.TestMethodWorker.invokeTestMethods(TestMethodWorker.java:125)
	at org.testng.internal.TestMethodWorker.run(TestMethodWorker.java:109)
	at org.testng.TestRunner.privateRun(TestRunner.java:648)
	at org.testng.TestRunner.run(TestRunner.java:505)
	at org.testng.SuiteRunner.runTest(SuiteRunner.java:455)
	at org.testng.SuiteRunner.runSequentially(SuiteRunner.java:450)
	at org.testng.SuiteRunner.privateRun(SuiteRunner.java:415)
	at org.testng.SuiteRunner.run(SuiteRunner.java:364)
	at org.testng.SuiteRunnerWorker.runSuite(SuiteRunnerWorker.java:52)
	at org.testng.SuiteRunnerWorker.run(SuiteRunnerWorker.java:84)
	at org.testng.TestNG.runSuitesSequentially(TestNG.java:1208)
	at org.testng.TestNG.runSuitesLocally(TestNG.java:1137)
	at org.testng.TestNG.runSuites(TestNG.java:1049)
	at org.testng.TestNG.run(TestNG.java:1017)
	at Master.TestRunner.main(TestRunner.java:13)</td>
				</tr>
			</tbody>
		</table>
	</div>
					</div>
				</li>
				
				
				<li class='test displayed active  pass' status='pass' bdd='false' test-id='60'>
					<div class='test-heading'>
						<span class='test-name'>ChangeCompaniesVisibilityFromDashBoard</span>
						<span class='test-time'>Nov 5, 2019, 3:05:28 PM</span>
						<span class='test-status right pass'>pass</span>
					</div>
					<div class='test-content hide'>
<div class='test-time-info'>
	<span class='label start-time'>Nov 5, 2019, 3:05:28 PM</span>
	<span class='label end-time'>Nov 5, 2019, 3:18:29 PM</span>
	<span class='label time-taken grey lighten-1 white-text'>0h 13m 0s+995ms</span>
</div>
	<div class='test-steps'>
		<table class='bordered table-results'>
			<thead>
				<tr>
					<th>Status</th>
					<th>Timestamp</th>
					<th>Details</th>
				</tr>
			</thead>
			<tbody>
				<tr class='log' status='pass'>
					<td class='status pass' title='pass' alt='pass'><i class='material-icons'>check_circle</i></td>
					<td class='timestamp'>3:05:34 PM</td>
					<td class='step-details'></td>
				</tr>
				<tr class='log' status='pass'>
					<td class='status pass' title='pass' alt='pass'><i class='material-icons'>check_circle</i></td>
					<td class='timestamp'>3:05:34 PM</td>
					<td class='step-details'><span class='label white-text green'>ChangeCompaniesVisibilityFromDashBoard Test Case is Passed</span></td>
				</tr>
				<tr class='log' status='pass'>
					<td class='status pass' title='pass' alt='pass'><i class='material-icons'>check_circle</i></td>
					<td class='timestamp'>3:05:34 PM</td>
					<td class='step-details'>Please see attached screenshot</td>
				</tr>
			</tbody>
		</table>
	</div>
							<ul class='screenshots'>
								<li><img data-featherlight='D:/Automation/CRMandOrder/Screenshot/ChangeCompaniesVisibilityFromDashBoard.jpg' width='25%' src='D:/Automation/CRMandOrder/Screenshot/ChangeCompaniesVisibilityFromDashBoard.jpg'></li>
							</ul>
					</div>
				</li>
				
				
				<li class='test displayed active  pass' status='pass' bdd='false' test-id='61'>
					<div class='test-heading'>
						<span class='test-name'>InactiveCompanyFromDashBoard</span>
						<span class='test-time'>Nov 5, 2019, 3:05:34 PM</span>
						<span class='test-status right pass'>pass</span>
					</div>
					<div class='test-content hide'>
<div class='test-time-info'>
	<span class='label start-time'>Nov 5, 2019, 3:05:34 PM</span>
	<span class='label end-time'>Nov 5, 2019, 3:18:29 PM</span>
	<span class='label time-taken grey lighten-1 white-text'>0h 12m 54s+571ms</span>
</div>
	<div class='test-steps'>
		<table class='bordered table-results'>
			<thead>
				<tr>
					<th>Status</th>
					<th>Timestamp</th>
					<th>Details</th>
				</tr>
			</thead>
			<tbody>
				<tr class='log' status='pass'>
					<td class='status pass' title='pass' alt='pass'><i class='material-icons'>check_circle</i></td>
					<td class='timestamp'>3:06:03 PM</td>
					<td class='step-details'></td>
				</tr>
				<tr class='log' status='pass'>
					<td class='status pass' title='pass' alt='pass'><i class='material-icons'>check_circle</i></td>
					<td class='timestamp'>3:06:03 PM</td>
					<td class='step-details'><span class='label white-text green'>InactiveCompanyFromDashBoard Test Case is Passed</span></td>
				</tr>
				<tr class='log' status='pass'>
					<td class='status pass' title='pass' alt='pass'><i class='material-icons'>check_circle</i></td>
					<td class='timestamp'>3:06:03 PM</td>
					<td class='step-details'>Please see attached screenshot</td>
				</tr>
			</tbody>
		</table>
	</div>
							<ul class='screenshots'>
								<li><img data-featherlight='D:/Automation/CRMandOrder/Screenshot/InactiveCompanyFromDashBoard.jpg' width='25%' src='D:/Automation/CRMandOrder/Screenshot/InactiveCompanyFromDashBoard.jpg'></li>
							</ul>
					</div>
				</li>
				
				
				<li class='test displayed active  pass' status='pass' bdd='false' test-id='62'>
					<div class='test-heading'>
						<span class='test-name'>DeleteInactiveCompany</span>
						<span class='test-time'>Nov 5, 2019, 3:06:03 PM</span>
						<span class='test-status right pass'>pass</span>
					</div>
					<div class='test-content hide'>
<div class='test-time-info'>
	<span class='label start-time'>Nov 5, 2019, 3:06:03 PM</span>
	<span class='label end-time'>Nov 5, 2019, 3:18:29 PM</span>
	<span class='label time-taken grey lighten-1 white-text'>0h 12m 25s+675ms</span>
</div>
	<div class='test-steps'>
		<table class='bordered table-results'>
			<thead>
				<tr>
					<th>Status</th>
					<th>Timestamp</th>
					<th>Details</th>
				</tr>
			</thead>
			<tbody>
				<tr class='log' status='pass'>
					<td class='status pass' title='pass' alt='pass'><i class='material-icons'>check_circle</i></td>
					<td class='timestamp'>3:06:33 PM</td>
					<td class='step-details'></td>
				</tr>
				<tr class='log' status='pass'>
					<td class='status pass' title='pass' alt='pass'><i class='material-icons'>check_circle</i></td>
					<td class='timestamp'>3:06:33 PM</td>
					<td class='step-details'><span class='label white-text green'>DeleteInactiveCompany Test Case is Passed</span></td>
				</tr>
				<tr class='log' status='pass'>
					<td class='status pass' title='pass' alt='pass'><i class='material-icons'>check_circle</i></td>
					<td class='timestamp'>3:06:33 PM</td>
					<td class='step-details'>Please see attached screenshot</td>
				</tr>
			</tbody>
		</table>
	</div>
							<ul class='screenshots'>
								<li><img data-featherlight='D:/Automation/CRMandOrder/Screenshot/DeleteInactiveCompany.jpg' width='25%' src='D:/Automation/CRMandOrder/Screenshot/DeleteInactiveCompany.jpg'></li>
							</ul>
					</div>
				</li>
				
				
				<li class='test displayed active  pass' status='pass' bdd='false' test-id='63'>
					<div class='test-heading'>
						<span class='test-name'>AddAddressUnderSettings</span>
						<span class='test-time'>Nov 5, 2019, 3:06:34 PM</span>
						<span class='test-status right pass'>pass</span>
					</div>
					<div class='test-content hide'>
<div class='test-time-info'>
	<span class='label start-time'>Nov 5, 2019, 3:06:34 PM</span>
	<span class='label end-time'>Nov 5, 2019, 3:18:29 PM</span>
	<span class='label time-taken grey lighten-1 white-text'>0h 11m 55s+85ms</span>
</div>
	<div class='test-steps'>
		<table class='bordered table-results'>
			<thead>
				<tr>
					<th>Status</th>
					<th>Timestamp</th>
					<th>Details</th>
				</tr>
			</thead>
			<tbody>
				<tr class='log' status='pass'>
					<td class='status pass' title='pass' alt='pass'><i class='material-icons'>check_circle</i></td>
					<td class='timestamp'>3:06:34 PM</td>
					<td class='step-details'></td>
				</tr>
				<tr class='log' status='pass'>
					<td class='status pass' title='pass' alt='pass'><i class='material-icons'>check_circle</i></td>
					<td class='timestamp'>3:06:34 PM</td>
					<td class='step-details'><span class='label white-text green'>AddAddressUnderSettings Test Case is Passed</span></td>
				</tr>
				<tr class='log' status='pass'>
					<td class='status pass' title='pass' alt='pass'><i class='material-icons'>check_circle</i></td>
					<td class='timestamp'>3:06:34 PM</td>
					<td class='step-details'>Please see attached screenshot</td>
				</tr>
			</tbody>
		</table>
	</div>
							<ul class='screenshots'>
								<li><img data-featherlight='D:/Automation/CRMandOrder/Screenshot/AddAddressUnderSettings.jpg' width='25%' src='D:/Automation/CRMandOrder/Screenshot/AddAddressUnderSettings.jpg'></li>
							</ul>
					</div>
				</li>
				
				
				<li class='test displayed active  pass' status='pass' bdd='false' test-id='64'>
					<div class='test-heading'>
						<span class='test-name'>DeleteAddressUnderSettings</span>
						<span class='test-time'>Nov 5, 2019, 3:06:35 PM</span>
						<span class='test-status right pass'>pass</span>
					</div>
					<div class='test-content hide'>
<div class='test-time-info'>
	<span class='label start-time'>Nov 5, 2019, 3:06:35 PM</span>
	<span class='label end-time'>Nov 5, 2019, 3:18:29 PM</span>
	<span class='label time-taken grey lighten-1 white-text'>0h 11m 54s+127ms</span>
</div>
	<div class='test-steps'>
		<table class='bordered table-results'>
			<thead>
				<tr>
					<th>Status</th>
					<th>Timestamp</th>
					<th>Details</th>
				</tr>
			</thead>
			<tbody>
				<tr class='log' status='pass'>
					<td class='status pass' title='pass' alt='pass'><i class='material-icons'>check_circle</i></td>
					<td class='timestamp'>3:06:50 PM</td>
					<td class='step-details'></td>
				</tr>
				<tr class='log' status='pass'>
					<td class='status pass' title='pass' alt='pass'><i class='material-icons'>check_circle</i></td>
					<td class='timestamp'>3:06:50 PM</td>
					<td class='step-details'><span class='label white-text green'>DeleteAddressUnderSettings Test Case is Passed</span></td>
				</tr>
				<tr class='log' status='pass'>
					<td class='status pass' title='pass' alt='pass'><i class='material-icons'>check_circle</i></td>
					<td class='timestamp'>3:06:50 PM</td>
					<td class='step-details'>Please see attached screenshot</td>
				</tr>
			</tbody>
		</table>
	</div>
							<ul class='screenshots'>
								<li><img data-featherlight='D:/Automation/CRMandOrder/Screenshot/DeleteAddressUnderSettings.jpg' width='25%' src='D:/Automation/CRMandOrder/Screenshot/DeleteAddressUnderSettings.jpg'></li>
							</ul>
					</div>
				</li>
				
				
				<li class='test displayed active  pass' status='pass' bdd='false' test-id='65'>
					<div class='test-heading'>
						<span class='test-name'>CreateRelationship</span>
						<span class='test-time'>Nov 5, 2019, 3:06:50 PM</span>
						<span class='test-status right pass'>pass</span>
					</div>
					<div class='test-content hide'>
<div class='test-time-info'>
	<span class='label start-time'>Nov 5, 2019, 3:06:50 PM</span>
	<span class='label end-time'>Nov 5, 2019, 3:18:29 PM</span>
	<span class='label time-taken grey lighten-1 white-text'>0h 11m 38s+765ms</span>
</div>
	<div class='test-steps'>
		<table class='bordered table-results'>
			<thead>
				<tr>
					<th>Status</th>
					<th>Timestamp</th>
					<th>Details</th>
				</tr>
			</thead>
			<tbody>
				<tr class='log' status='pass'>
					<td class='status pass' title='pass' alt='pass'><i class='material-icons'>check_circle</i></td>
					<td class='timestamp'>3:07:02 PM</td>
					<td class='step-details'></td>
				</tr>
				<tr class='log' status='pass'>
					<td class='status pass' title='pass' alt='pass'><i class='material-icons'>check_circle</i></td>
					<td class='timestamp'>3:07:02 PM</td>
					<td class='step-details'><span class='label white-text green'>CreateRelationship Test Case is Passed</span></td>
				</tr>
				<tr class='log' status='pass'>
					<td class='status pass' title='pass' alt='pass'><i class='material-icons'>check_circle</i></td>
					<td class='timestamp'>3:07:02 PM</td>
					<td class='step-details'>Please see attached screenshot</td>
				</tr>
			</tbody>
		</table>
	</div>
							<ul class='screenshots'>
								<li><img data-featherlight='D:/Automation/CRMandOrder/Screenshot/CreateRelationship.jpg' width='25%' src='D:/Automation/CRMandOrder/Screenshot/CreateRelationship.jpg'></li>
							</ul>
					</div>
				</li>
				
				
				<li class='test displayed active  pass' status='pass' bdd='false' test-id='66'>
					<div class='test-heading'>
						<span class='test-name'>DeleteRelationship</span>
						<span class='test-time'>Nov 5, 2019, 3:07:02 PM</span>
						<span class='test-status right pass'>pass</span>
					</div>
					<div class='test-content hide'>
<div class='test-time-info'>
	<span class='label start-time'>Nov 5, 2019, 3:07:02 PM</span>
	<span class='label end-time'>Nov 5, 2019, 3:18:29 PM</span>
	<span class='label time-taken grey lighten-1 white-text'>0h 11m 26s+574ms</span>
</div>
	<div class='test-steps'>
		<table class='bordered table-results'>
			<thead>
				<tr>
					<th>Status</th>
					<th>Timestamp</th>
					<th>Details</th>
				</tr>
			</thead>
			<tbody>
				<tr class='log' status='pass'>
					<td class='status pass' title='pass' alt='pass'><i class='material-icons'>check_circle</i></td>
					<td class='timestamp'>3:07:13 PM</td>
					<td class='step-details'></td>
				</tr>
				<tr class='log' status='pass'>
					<td class='status pass' title='pass' alt='pass'><i class='material-icons'>check_circle</i></td>
					<td class='timestamp'>3:07:13 PM</td>
					<td class='step-details'><span class='label white-text green'>DeleteRelationship Test Case is Passed</span></td>
				</tr>
				<tr class='log' status='pass'>
					<td class='status pass' title='pass' alt='pass'><i class='material-icons'>check_circle</i></td>
					<td class='timestamp'>3:07:13 PM</td>
					<td class='step-details'>Please see attached screenshot</td>
				</tr>
			</tbody>
		</table>
	</div>
							<ul class='screenshots'>
								<li><img data-featherlight='D:/Automation/CRMandOrder/Screenshot/DeleteRelationship.jpg' width='25%' src='D:/Automation/CRMandOrder/Screenshot/DeleteRelationship.jpg'></li>
							</ul>
					</div>
				</li>
				
				
				<li class='test displayed active  pass' status='pass' bdd='false' test-id='67'>
					<div class='test-heading'>
						<span class='test-name'>CreateTeam</span>
						<span class='test-time'>Nov 5, 2019, 3:07:13 PM</span>
						<span class='test-status right pass'>pass</span>
					</div>
					<div class='test-content hide'>
<div class='test-time-info'>
	<span class='label start-time'>Nov 5, 2019, 3:07:13 PM</span>
	<span class='label end-time'>Nov 5, 2019, 3:18:29 PM</span>
	<span class='label time-taken grey lighten-1 white-text'>0h 11m 15s+733ms</span>
</div>
	<div class='test-steps'>
		<table class='bordered table-results'>
			<thead>
				<tr>
					<th>Status</th>
					<th>Timestamp</th>
					<th>Details</th>
				</tr>
			</thead>
			<tbody>
				<tr class='log' status='pass'>
					<td class='status pass' title='pass' alt='pass'><i class='material-icons'>check_circle</i></td>
					<td class='timestamp'>3:07:40 PM</td>
					<td class='step-details'></td>
				</tr>
				<tr class='log' status='pass'>
					<td class='status pass' title='pass' alt='pass'><i class='material-icons'>check_circle</i></td>
					<td class='timestamp'>3:07:40 PM</td>
					<td class='step-details'><span class='label white-text green'>CreateTeam Test Case is Passed</span></td>
				</tr>
				<tr class='log' status='pass'>
					<td class='status pass' title='pass' alt='pass'><i class='material-icons'>check_circle</i></td>
					<td class='timestamp'>3:07:40 PM</td>
					<td class='step-details'>Please see attached screenshot</td>
				</tr>
			</tbody>
		</table>
	</div>
							<ul class='screenshots'>
								<li><img data-featherlight='D:/Automation/CRMandOrder/Screenshot/CreateTeam.jpg' width='25%' src='D:/Automation/CRMandOrder/Screenshot/CreateTeam.jpg'></li>
							</ul>
					</div>
				</li>
				
				
				<li class='test displayed active  pass' status='pass' bdd='false' test-id='68'>
					<div class='test-heading'>
						<span class='test-name'>DeleteTeam</span>
						<span class='test-time'>Nov 5, 2019, 3:07:40 PM</span>
						<span class='test-status right pass'>pass</span>
					</div>
					<div class='test-content hide'>
<div class='test-time-info'>
	<span class='label start-time'>Nov 5, 2019, 3:07:40 PM</span>
	<span class='label end-time'>Nov 5, 2019, 3:18:29 PM</span>
	<span class='label time-taken grey lighten-1 white-text'>0h 10m 48s+907ms</span>
</div>
	<div class='test-steps'>
		<table class='bordered table-results'>
			<thead>
				<tr>
					<th>Status</th>
					<th>Timestamp</th>
					<th>Details</th>
				</tr>
			</thead>
			<tbody>
				<tr class='log' status='pass'>
					<td class='status pass' title='pass' alt='pass'><i class='material-icons'>check_circle</i></td>
					<td class='timestamp'>3:07:50 PM</td>
					<td class='step-details'></td>
				</tr>
				<tr class='log' status='pass'>
					<td class='status pass' title='pass' alt='pass'><i class='material-icons'>check_circle</i></td>
					<td class='timestamp'>3:07:50 PM</td>
					<td class='step-details'><span class='label white-text green'>DeleteTeam Test Case is Passed</span></td>
				</tr>
				<tr class='log' status='pass'>
					<td class='status pass' title='pass' alt='pass'><i class='material-icons'>check_circle</i></td>
					<td class='timestamp'>3:07:50 PM</td>
					<td class='step-details'>Please see attached screenshot</td>
				</tr>
			</tbody>
		</table>
	</div>
							<ul class='screenshots'>
								<li><img data-featherlight='D:/Automation/CRMandOrder/Screenshot/DeleteTeam.jpg' width='25%' src='D:/Automation/CRMandOrder/Screenshot/DeleteTeam.jpg'></li>
							</ul>
					</div>
				</li>
				
				
				<li class='test displayed active  pass' status='pass' bdd='false' test-id='69'>
					<div class='test-heading'>
						<span class='test-name'>CreateRelationshipBtCompAndContact</span>
						<span class='test-time'>Nov 5, 2019, 3:07:50 PM</span>
						<span class='test-status right pass'>pass</span>
					</div>
					<div class='test-content hide'>
<div class='test-time-info'>
	<span class='label start-time'>Nov 5, 2019, 3:07:50 PM</span>
	<span class='label end-time'>Nov 5, 2019, 3:18:29 PM</span>
	<span class='label time-taken grey lighten-1 white-text'>0h 10m 38s+558ms</span>
</div>
	<div class='test-steps'>
		<table class='bordered table-results'>
			<thead>
				<tr>
					<th>Status</th>
					<th>Timestamp</th>
					<th>Details</th>
				</tr>
			</thead>
			<tbody>
				<tr class='log' status='pass'>
					<td class='status pass' title='pass' alt='pass'><i class='material-icons'>check_circle</i></td>
					<td class='timestamp'>3:08:25 PM</td>
					<td class='step-details'></td>
				</tr>
				<tr class='log' status='pass'>
					<td class='status pass' title='pass' alt='pass'><i class='material-icons'>check_circle</i></td>
					<td class='timestamp'>3:08:25 PM</td>
					<td class='step-details'><span class='label white-text green'>CreateRelationshipBtCompAndContact Test Case is Passed</span></td>
				</tr>
				<tr class='log' status='pass'>
					<td class='status pass' title='pass' alt='pass'><i class='material-icons'>check_circle</i></td>
					<td class='timestamp'>3:08:25 PM</td>
					<td class='step-details'>Please see attached screenshot</td>
				</tr>
			</tbody>
		</table>
	</div>
							<ul class='screenshots'>
								<li><img data-featherlight='D:/Automation/CRMandOrder/Screenshot/CreateRelationshipBtCompAndContact.jpg' width='25%' src='D:/Automation/CRMandOrder/Screenshot/CreateRelationshipBtCompAndContact.jpg'></li>
							</ul>
					</div>
				</li>
				
				
				<li class='test displayed active  pass' status='pass' bdd='false' test-id='70'>
					<div class='test-heading'>
						<span class='test-name'>ExportCompanyCSV</span>
						<span class='test-time'>Nov 5, 2019, 3:08:25 PM</span>
						<span class='test-status right pass'>pass</span>
					</div>
					<div class='test-content hide'>
<div class='test-time-info'>
	<span class='label start-time'>Nov 5, 2019, 3:08:25 PM</span>
	<span class='label end-time'>Nov 5, 2019, 3:18:29 PM</span>
	<span class='label time-taken grey lighten-1 white-text'>0h 10m 3s+217ms</span>
</div>
	<div class='test-steps'>
		<table class='bordered table-results'>
			<thead>
				<tr>
					<th>Status</th>
					<th>Timestamp</th>
					<th>Details</th>
				</tr>
			</thead>
			<tbody>
				<tr class='log' status='pass'>
					<td class='status pass' title='pass' alt='pass'><i class='material-icons'>check_circle</i></td>
					<td class='timestamp'>3:09:37 PM</td>
					<td class='step-details'></td>
				</tr>
				<tr class='log' status='pass'>
					<td class='status pass' title='pass' alt='pass'><i class='material-icons'>check_circle</i></td>
					<td class='timestamp'>3:09:37 PM</td>
					<td class='step-details'><span class='label white-text green'>ExportCompanyCSV Test Case is Passed</span></td>
				</tr>
				<tr class='log' status='pass'>
					<td class='status pass' title='pass' alt='pass'><i class='material-icons'>check_circle</i></td>
					<td class='timestamp'>3:09:37 PM</td>
					<td class='step-details'>Please see attached screenshot</td>
				</tr>
			</tbody>
		</table>
	</div>
							<ul class='screenshots'>
								<li><img data-featherlight='D:/Automation/CRMandOrder/Screenshot/ExportCompanyCSV.jpg' width='25%' src='D:/Automation/CRMandOrder/Screenshot/ExportCompanyCSV.jpg'></li>
							</ul>
					</div>
				</li>
				
				
				<li class='test displayed active  pass' status='pass' bdd='false' test-id='71'>
					<div class='test-heading'>
						<span class='test-name'>ExportCompanyQB</span>
						<span class='test-time'>Nov 5, 2019, 3:09:37 PM</span>
						<span class='test-status right pass'>pass</span>
					</div>
					<div class='test-content hide'>
<div class='test-time-info'>
	<span class='label start-time'>Nov 5, 2019, 3:09:37 PM</span>
	<span class='label end-time'>Nov 5, 2019, 3:18:29 PM</span>
	<span class='label time-taken grey lighten-1 white-text'>0h 8m 51s+845ms</span>
</div>
	<div class='test-steps'>
		<table class='bordered table-results'>
			<thead>
				<tr>
					<th>Status</th>
					<th>Timestamp</th>
					<th>Details</th>
				</tr>
			</thead>
			<tbody>
				<tr class='log' status='pass'>
					<td class='status pass' title='pass' alt='pass'><i class='material-icons'>check_circle</i></td>
					<td class='timestamp'>3:10:23 PM</td>
					<td class='step-details'></td>
				</tr>
				<tr class='log' status='pass'>
					<td class='status pass' title='pass' alt='pass'><i class='material-icons'>check_circle</i></td>
					<td class='timestamp'>3:10:23 PM</td>
					<td class='step-details'><span class='label white-text green'>ExportCompanyQB Test Case is Passed</span></td>
				</tr>
				<tr class='log' status='pass'>
					<td class='status pass' title='pass' alt='pass'><i class='material-icons'>check_circle</i></td>
					<td class='timestamp'>3:10:23 PM</td>
					<td class='step-details'>Please see attached screenshot</td>
				</tr>
			</tbody>
		</table>
	</div>
							<ul class='screenshots'>
								<li><img data-featherlight='D:/Automation/CRMandOrder/Screenshot/ExportCompanyQB.jpg' width='25%' src='D:/Automation/CRMandOrder/Screenshot/ExportCompanyQB.jpg'></li>
							</ul>
					</div>
				</li>
				
				
				<li class='test displayed active  pass' status='pass' bdd='false' test-id='72'>
					<div class='test-heading'>
						<span class='test-name'>ExportContactCSV</span>
						<span class='test-time'>Nov 5, 2019, 3:10:23 PM</span>
						<span class='test-status right pass'>pass</span>
					</div>
					<div class='test-content hide'>
<div class='test-time-info'>
	<span class='label start-time'>Nov 5, 2019, 3:10:23 PM</span>
	<span class='label end-time'>Nov 5, 2019, 3:18:29 PM</span>
	<span class='label time-taken grey lighten-1 white-text'>0h 8m 5s+848ms</span>
</div>
	<div class='test-steps'>
		<table class='bordered table-results'>
			<thead>
				<tr>
					<th>Status</th>
					<th>Timestamp</th>
					<th>Details</th>
				</tr>
			</thead>
			<tbody>
				<tr class='log' status='pass'>
					<td class='status pass' title='pass' alt='pass'><i class='material-icons'>check_circle</i></td>
					<td class='timestamp'>3:11:30 PM</td>
					<td class='step-details'></td>
				</tr>
				<tr class='log' status='pass'>
					<td class='status pass' title='pass' alt='pass'><i class='material-icons'>check_circle</i></td>
					<td class='timestamp'>3:11:30 PM</td>
					<td class='step-details'><span class='label white-text green'>ExportContactCSV Test Case is Passed</span></td>
				</tr>
				<tr class='log' status='pass'>
					<td class='status pass' title='pass' alt='pass'><i class='material-icons'>check_circle</i></td>
					<td class='timestamp'>3:11:30 PM</td>
					<td class='step-details'>Please see attached screenshot</td>
				</tr>
			</tbody>
		</table>
	</div>
							<ul class='screenshots'>
								<li><img data-featherlight='D:/Automation/CRMandOrder/Screenshot/ExportContactCSV.jpg' width='25%' src='D:/Automation/CRMandOrder/Screenshot/ExportContactCSV.jpg'></li>
							</ul>
					</div>
				</li>
				
				
				<li class='test displayed active  pass' status='pass' bdd='false' test-id='73'>
					<div class='test-heading'>
						<span class='test-name'>ExportoVcard</span>
						<span class='test-time'>Nov 5, 2019, 3:11:30 PM</span>
						<span class='test-status right pass'>pass</span>
					</div>
					<div class='test-content hide'>
<div class='test-time-info'>
	<span class='label start-time'>Nov 5, 2019, 3:11:30 PM</span>
	<span class='label end-time'>Nov 5, 2019, 3:18:29 PM</span>
	<span class='label time-taken grey lighten-1 white-text'>0h 6m 58s+850ms</span>
</div>
	<div class='test-steps'>
		<table class='bordered table-results'>
			<thead>
				<tr>
					<th>Status</th>
					<th>Timestamp</th>
					<th>Details</th>
				</tr>
			</thead>
			<tbody>
				<tr class='log' status='pass'>
					<td class='status pass' title='pass' alt='pass'><i class='material-icons'>check_circle</i></td>
					<td class='timestamp'>3:12:05 PM</td>
					<td class='step-details'></td>
				</tr>
				<tr class='log' status='pass'>
					<td class='status pass' title='pass' alt='pass'><i class='material-icons'>check_circle</i></td>
					<td class='timestamp'>3:12:05 PM</td>
					<td class='step-details'><span class='label white-text green'>ExportoVcard Test Case is Passed</span></td>
				</tr>
				<tr class='log' status='pass'>
					<td class='status pass' title='pass' alt='pass'><i class='material-icons'>check_circle</i></td>
					<td class='timestamp'>3:12:05 PM</td>
					<td class='step-details'>Please see attached screenshot</td>
				</tr>
			</tbody>
		</table>
	</div>
							<ul class='screenshots'>
								<li><img data-featherlight='D:/Automation/CRMandOrder/Screenshot/ExportoVcard.jpg' width='25%' src='D:/Automation/CRMandOrder/Screenshot/ExportoVcard.jpg'></li>
							</ul>
					</div>
				</li>
				
				
				<li class='test displayed active  pass' status='pass' bdd='false' test-id='74'>
					<div class='test-heading'>
						<span class='test-name'>AddTaskatAppointmentPage</span>
						<span class='test-time'>Nov 5, 2019, 3:12:05 PM</span>
						<span class='test-status right pass'>pass</span>
					</div>
					<div class='test-content hide'>
<div class='test-time-info'>
	<span class='label start-time'>Nov 5, 2019, 3:12:05 PM</span>
	<span class='label end-time'>Nov 5, 2019, 3:18:29 PM</span>
	<span class='label time-taken grey lighten-1 white-text'>0h 6m 23s+793ms</span>
</div>
	<div class='test-steps'>
		<table class='bordered table-results'>
			<thead>
				<tr>
					<th>Status</th>
					<th>Timestamp</th>
					<th>Details</th>
				</tr>
			</thead>
			<tbody>
				<tr class='log' status='pass'>
					<td class='status pass' title='pass' alt='pass'><i class='material-icons'>check_circle</i></td>
					<td class='timestamp'>3:12:16 PM</td>
					<td class='step-details'></td>
				</tr>
				<tr class='log' status='pass'>
					<td class='status pass' title='pass' alt='pass'><i class='material-icons'>check_circle</i></td>
					<td class='timestamp'>3:12:16 PM</td>
					<td class='step-details'><span class='label white-text green'>AddTaskatAppointmentPage Test Case is Passed</span></td>
				</tr>
				<tr class='log' status='pass'>
					<td class='status pass' title='pass' alt='pass'><i class='material-icons'>check_circle</i></td>
					<td class='timestamp'>3:12:16 PM</td>
					<td class='step-details'>Please see attached screenshot</td>
				</tr>
			</tbody>
		</table>
	</div>
							<ul class='screenshots'>
								<li><img data-featherlight='D:/Automation/CRMandOrder/Screenshot/AddTaskatAppointmentPage.jpg' width='25%' src='D:/Automation/CRMandOrder/Screenshot/AddTaskatAppointmentPage.jpg'></li>
							</ul>
					</div>
				</li>
				
				
				<li class='test displayed active  pass' status='pass' bdd='false' test-id='75'>
					<div class='test-heading'>
						<span class='test-name'>MoveEmailToSpam</span>
						<span class='test-time'>Nov 5, 2019, 3:12:16 PM</span>
						<span class='test-status right pass'>pass</span>
					</div>
					<div class='test-content hide'>
<div class='test-time-info'>
	<span class='label start-time'>Nov 5, 2019, 3:12:16 PM</span>
	<span class='label end-time'>Nov 5, 2019, 3:18:29 PM</span>
	<span class='label time-taken grey lighten-1 white-text'>0h 6m 12s+749ms</span>
</div>
	<div class='test-steps'>
		<table class='bordered table-results'>
			<thead>
				<tr>
					<th>Status</th>
					<th>Timestamp</th>
					<th>Details</th>
				</tr>
			</thead>
			<tbody>
				<tr class='log' status='pass'>
					<td class='status pass' title='pass' alt='pass'><i class='material-icons'>check_circle</i></td>
					<td class='timestamp'>3:12:25 PM</td>
					<td class='step-details'></td>
				</tr>
				<tr class='log' status='pass'>
					<td class='status pass' title='pass' alt='pass'><i class='material-icons'>check_circle</i></td>
					<td class='timestamp'>3:12:25 PM</td>
					<td class='step-details'><span class='label white-text green'>MoveEmailToSpam Test Case is Passed</span></td>
				</tr>
				<tr class='log' status='pass'>
					<td class='status pass' title='pass' alt='pass'><i class='material-icons'>check_circle</i></td>
					<td class='timestamp'>3:12:25 PM</td>
					<td class='step-details'>Please see attached screenshot</td>
				</tr>
			</tbody>
		</table>
	</div>
							<ul class='screenshots'>
								<li><img data-featherlight='D:/Automation/CRMandOrder/Screenshot/MoveEmailToSpam.jpg' width='25%' src='D:/Automation/CRMandOrder/Screenshot/MoveEmailToSpam.jpg'></li>
							</ul>
					</div>
				</li>
				
				
				<li class='test displayed active  pass' status='pass' bdd='false' test-id='76'>
					<div class='test-heading'>
						<span class='test-name'>DeleteEmailFromAllEmail</span>
						<span class='test-time'>Nov 5, 2019, 3:12:40 PM</span>
						<span class='test-status right pass'>pass</span>
					</div>
					<div class='test-content hide'>
<div class='test-time-info'>
	<span class='label start-time'>Nov 5, 2019, 3:12:40 PM</span>
	<span class='label end-time'>Nov 5, 2019, 3:18:29 PM</span>
	<span class='label time-taken grey lighten-1 white-text'>0h 5m 48s+585ms</span>
</div>
	<div class='test-steps'>
		<table class='bordered table-results'>
			<thead>
				<tr>
					<th>Status</th>
					<th>Timestamp</th>
					<th>Details</th>
				</tr>
			</thead>
			<tbody>
				<tr class='log' status='pass'>
					<td class='status pass' title='pass' alt='pass'><i class='material-icons'>check_circle</i></td>
					<td class='timestamp'>3:12:43 PM</td>
					<td class='step-details'></td>
				</tr>
				<tr class='log' status='pass'>
					<td class='status pass' title='pass' alt='pass'><i class='material-icons'>check_circle</i></td>
					<td class='timestamp'>3:12:43 PM</td>
					<td class='step-details'><span class='label white-text green'>DeleteEmailFromAllEmail Test Case is Passed</span></td>
				</tr>
				<tr class='log' status='pass'>
					<td class='status pass' title='pass' alt='pass'><i class='material-icons'>check_circle</i></td>
					<td class='timestamp'>3:12:43 PM</td>
					<td class='step-details'>Please see attached screenshot</td>
				</tr>
			</tbody>
		</table>
	</div>
							<ul class='screenshots'>
								<li><img data-featherlight='D:/Automation/CRMandOrder/Screenshot/DeleteEmailFromAllEmail.jpg' width='25%' src='D:/Automation/CRMandOrder/Screenshot/DeleteEmailFromAllEmail.jpg'></li>
							</ul>
					</div>
				</li>
				
				
				<li class='test displayed active  pass' status='pass' bdd='false' test-id='77'>
					<div class='test-heading'>
						<span class='test-name'>MoveEmailToSpamFromDetailPage</span>
						<span class='test-time'>Nov 5, 2019, 3:12:43 PM</span>
						<span class='test-status right pass'>pass</span>
					</div>
					<div class='test-content hide'>
<div class='test-time-info'>
	<span class='label start-time'>Nov 5, 2019, 3:12:43 PM</span>
	<span class='label end-time'>Nov 5, 2019, 3:18:29 PM</span>
	<span class='label time-taken grey lighten-1 white-text'>0h 5m 45s+758ms</span>
</div>
	<div class='test-steps'>
		<table class='bordered table-results'>
			<thead>
				<tr>
					<th>Status</th>
					<th>Timestamp</th>
					<th>Details</th>
				</tr>
			</thead>
			<tbody>
				<tr class='log' status='pass'>
					<td class='status pass' title='pass' alt='pass'><i class='material-icons'>check_circle</i></td>
					<td class='timestamp'>3:12:47 PM</td>
					<td class='step-details'></td>
				</tr>
				<tr class='log' status='pass'>
					<td class='status pass' title='pass' alt='pass'><i class='material-icons'>check_circle</i></td>
					<td class='timestamp'>3:12:47 PM</td>
					<td class='step-details'><span class='label white-text green'>MoveEmailToSpamFromDetailPage Test Case is Passed</span></td>
				</tr>
				<tr class='log' status='pass'>
					<td class='status pass' title='pass' alt='pass'><i class='material-icons'>check_circle</i></td>
					<td class='timestamp'>3:12:47 PM</td>
					<td class='step-details'>Please see attached screenshot</td>
				</tr>
			</tbody>
		</table>
	</div>
							<ul class='screenshots'>
								<li><img data-featherlight='D:/Automation/CRMandOrder/Screenshot/MoveEmailToSpamFromDetailPage.jpg' width='25%' src='D:/Automation/CRMandOrder/Screenshot/MoveEmailToSpamFromDetailPage.jpg'></li>
							</ul>
					</div>
				</li>
				
				
				<li class='test displayed active  fail' status='fail' bdd='false' test-id='78'>
					<div class='test-heading'>
						<span class='test-name'>DeleteEmailFromEmailDetailPage</span>
						<span class='test-time'>Nov 5, 2019, 3:12:57 PM</span>
						<span class='test-status right fail'>fail</span>
					</div>
					<div class='test-content hide'>
<div class='test-time-info'>
	<span class='label start-time'>Nov 5, 2019, 3:12:57 PM</span>
	<span class='label end-time'>Nov 5, 2019, 3:18:29 PM</span>
	<span class='label time-taken grey lighten-1 white-text'>0h 5m 31s+376ms</span>
</div>
	<div class='test-steps'>
		<table class='bordered table-results'>
			<thead>
				<tr>
					<th>Status</th>
					<th>Timestamp</th>
					<th>Details</th>
				</tr>
			</thead>
			<tbody>
				<tr class='log' status='fail'>
					<td class='status fail' title='fail' alt='fail'><i class='material-icons'>cancel</i></td>
					<td class='timestamp'>3:13:32 PM</td>
					<td class='step-details'><span class='label white-text red'>DeleteEmailFromEmailDetailPageTest Case is Failed due to Below Issue</span></td>
				</tr>
				<tr class='log' status='fail'>
					<td class='status fail' title='fail' alt='fail'><i class='material-icons'>cancel</i></td>
					<td class='timestamp'>3:13:32 PM</td>
					<td class='step-details'>org.openqa.selenium.NoSuchElementException: no such element: Unable to locate element: {"method":"xpath","selector":"//div[contains(@class, 'toast-title')]"}
  (Session info: chrome=78.0.3904.87)
For documentation on this error, please visit: http://seleniumhq.org/exceptions/no_such_element.html
Build info: version: '3.6.0', revision: '6fbf3ec767', time: '2017-09-27T15:28:36.4Z'
System info: host: 'MACPK-WKS-0132', ip: '192.168.8.193', os.name: 'Windows 10', os.arch: 'amd64', os.version: '10.0', java.version: '12.0.2'
Driver info: org.openqa.selenium.chrome.ChromeDriver
Capabilities [{networkConnectionEnabled=false, chrome={chromedriverVersion=78.0.3904.70 (edb9c9f3de0247fd912a77b7f6cae7447f6d3ad5-refs/branch-heads/3904@{#800}), userDataDir=C:\Users\MUHAMM~1.IFT\AppData\Local\Temp\scoped_dir14036_2068579387}, timeouts={implicit=0, pageLoad=300000, script=30000}, pageLoadStrategy=normal, unhandledPromptBehavior=dismiss and notify, strictFileInteractability=false, platform=XP, proxy=Proxy(), goog:chromeOptions={debuggerAddress=localhost:63958}, acceptInsecureCerts=false, browserVersion=78.0.3904.87, browserName=chrome, javascriptEnabled=true, platformName=XP, setWindowRect=true}]
Session ID: 6a5651c24dff6cfd47b92cdc74cad25c
*** Element info: {Using=xpath, value=//div[contains(@class, 'toast-title')]}
	at java.base/jdk.internal.reflect.NativeConstructorAccessorImpl.newInstance0(Native Method)
	at java.base/jdk.internal.reflect.NativeConstructorAccessorImpl.newInstance(NativeConstructorAccessorImpl.java:62)
	at java.base/jdk.internal.reflect.DelegatingConstructorAccessorImpl.newInstance(DelegatingConstructorAccessorImpl.java:45)
	at java.base/java.lang.reflect.Constructor.newInstanceWithCaller(Constructor.java:500)
	at java.base/java.lang.reflect.Constructor.newInstance(Constructor.java:481)
	at org.openqa.selenium.remote.http.W3CHttpResponseCodec.createException(W3CHttpResponseCodec.java:185)
	at org.openqa.selenium.remote.http.W3CHttpResponseCodec.decode(W3CHttpResponseCodec.java:120)
	at org.openqa.selenium.remote.http.W3CHttpResponseCodec.decode(W3CHttpResponseCodec.java:49)
	at org.openqa.selenium.remote.HttpCommandExecutor.execute(HttpCommandExecutor.java:164)
	at org.openqa.selenium.remote.service.DriverCommandExecutor.execute(DriverCommandExecutor.java:83)
	at org.openqa.selenium.remote.RemoteWebDriver.execute(RemoteWebDriver.java:586)
	at org.openqa.selenium.remote.RemoteWebDriver.findElement(RemoteWebDriver.java:356)
	at org.openqa.selenium.remote.RemoteWebDriver.findElementByXPath(RemoteWebDriver.java:458)
	at org.openqa.selenium.By$ByXPath.findElement(By.java:361)
	at org.openqa.selenium.remote.RemoteWebDriver.findElement(RemoteWebDriver.java:348)
	at org.openqa.selenium.support.pagefactory.DefaultElementLocator.findElement(DefaultElementLocator.java:69)
	at org.openqa.selenium.support.pagefactory.internal.LocatingElementHandler.invoke(LocatingElementHandler.java:38)
	at com.sun.proxy.$Proxy11.getText(Unknown Source)
	at CrmTestCases.Email.DeleteEmailFromEmailDetailPage(Email.java:68)
	at Master.CRMExecution.DeleteEmailFromEmailDetailPage(CRMExecution.java:525)
	at java.base/jdk.internal.reflect.NativeMethodAccessorImpl.invoke0(Native Method)
	at java.base/jdk.internal.reflect.NativeMethodAccessorImpl.invoke(NativeMethodAccessorImpl.java:62)
	at java.base/jdk.internal.reflect.DelegatingMethodAccessorImpl.invoke(DelegatingMethodAccessorImpl.java:43)
	at java.base/java.lang.reflect.Method.invoke(Method.java:567)
	at org.testng.internal.MethodInvocationHelper.invokeMethod(MethodInvocationHelper.java:124)
	at org.testng.internal.Invoker.invokeMethod(Invoker.java:583)
	at org.testng.internal.Invoker.invokeTestMethod(Invoker.java:719)
	at org.testng.internal.Invoker.invokeTestMethods(Invoker.java:989)
	at org.testng.internal.TestMethodWorker.invokeTestMethods(TestMethodWorker.java:125)
	at org.testng.internal.TestMethodWorker.run(TestMethodWorker.java:109)
	at org.testng.TestRunner.privateRun(TestRunner.java:648)
	at org.testng.TestRunner.run(TestRunner.java:505)
	at org.testng.SuiteRunner.runTest(SuiteRunner.java:455)
	at org.testng.SuiteRunner.runSequentially(SuiteRunner.java:450)
	at org.testng.SuiteRunner.privateRun(SuiteRunner.java:415)
	at org.testng.SuiteRunner.run(SuiteRunner.java:364)
	at org.testng.SuiteRunnerWorker.runSuite(SuiteRunnerWorker.java:52)
	at org.testng.SuiteRunnerWorker.run(SuiteRunnerWorker.java:84)
	at org.testng.TestNG.runSuitesSequentially(TestNG.java:1208)
	at org.testng.TestNG.runSuitesLocally(TestNG.java:1137)
	at org.testng.TestNG.runSuites(TestNG.java:1049)
	at org.testng.TestNG.run(TestNG.java:1017)
	at Master.TestRunner.main(TestRunner.java:13)</td>
				</tr>
			</tbody>
		</table>
	</div>
					</div>
				</li>
				
				
				<li class='test displayed active  fail' status='fail' bdd='false' test-id='79'>
					<div class='test-heading'>
						<span class='test-name'>MoveEmailToNotSpam</span>
						<span class='test-time'>Nov 5, 2019, 3:13:32 PM</span>
						<span class='test-status right fail'>fail</span>
					</div>
					<div class='test-content hide'>
<div class='test-time-info'>
	<span class='label start-time'>Nov 5, 2019, 3:13:32 PM</span>
	<span class='label end-time'>Nov 5, 2019, 3:18:29 PM</span>
	<span class='label time-taken grey lighten-1 white-text'>0h 4m 56s+947ms</span>
</div>
	<div class='test-steps'>
		<table class='bordered table-results'>
			<thead>
				<tr>
					<th>Status</th>
					<th>Timestamp</th>
					<th>Details</th>
				</tr>
			</thead>
			<tbody>
				<tr class='log' status='fail'>
					<td class='status fail' title='fail' alt='fail'><i class='material-icons'>cancel</i></td>
					<td class='timestamp'>3:14:07 PM</td>
					<td class='step-details'><span class='label white-text red'>MoveEmailToNotSpamTest Case is Failed due to Below Issue</span></td>
				</tr>
				<tr class='log' status='fail'>
					<td class='status fail' title='fail' alt='fail'><i class='material-icons'>cancel</i></td>
					<td class='timestamp'>3:14:07 PM</td>
					<td class='step-details'>org.openqa.selenium.NoSuchElementException: no such element: Unable to locate element: {"method":"xpath","selector":"//uib-tab-heading[contains(text(), 'Spam')]"}
  (Session info: chrome=78.0.3904.87)
For documentation on this error, please visit: http://seleniumhq.org/exceptions/no_such_element.html
Build info: version: '3.6.0', revision: '6fbf3ec767', time: '2017-09-27T15:28:36.4Z'
System info: host: 'MACPK-WKS-0132', ip: '192.168.8.193', os.name: 'Windows 10', os.arch: 'amd64', os.version: '10.0', java.version: '12.0.2'
Driver info: org.openqa.selenium.chrome.ChromeDriver
Capabilities [{networkConnectionEnabled=false, chrome={chromedriverVersion=78.0.3904.70 (edb9c9f3de0247fd912a77b7f6cae7447f6d3ad5-refs/branch-heads/3904@{#800}), userDataDir=C:\Users\MUHAMM~1.IFT\AppData\Local\Temp\scoped_dir14036_2068579387}, timeouts={implicit=0, pageLoad=300000, script=30000}, pageLoadStrategy=normal, unhandledPromptBehavior=dismiss and notify, strictFileInteractability=false, platform=XP, proxy=Proxy(), goog:chromeOptions={debuggerAddress=localhost:63958}, acceptInsecureCerts=false, browserVersion=78.0.3904.87, browserName=chrome, javascriptEnabled=true, platformName=XP, setWindowRect=true}]
Session ID: 6a5651c24dff6cfd47b92cdc74cad25c
*** Element info: {Using=xpath, value=//uib-tab-heading[contains(text(), 'Spam')]}
	at java.base/jdk.internal.reflect.NativeConstructorAccessorImpl.newInstance0(Native Method)
	at java.base/jdk.internal.reflect.NativeConstructorAccessorImpl.newInstance(NativeConstructorAccessorImpl.java:62)
	at java.base/jdk.internal.reflect.DelegatingConstructorAccessorImpl.newInstance(DelegatingConstructorAccessorImpl.java:45)
	at java.base/java.lang.reflect.Constructor.newInstanceWithCaller(Constructor.java:500)
	at java.base/java.lang.reflect.Constructor.newInstance(Constructor.java:481)
	at org.openqa.selenium.remote.http.W3CHttpResponseCodec.createException(W3CHttpResponseCodec.java:185)
	at org.openqa.selenium.remote.http.W3CHttpResponseCodec.decode(W3CHttpResponseCodec.java:120)
	at org.openqa.selenium.remote.http.W3CHttpResponseCodec.decode(W3CHttpResponseCodec.java:49)
	at org.openqa.selenium.remote.HttpCommandExecutor.execute(HttpCommandExecutor.java:164)
	at org.openqa.selenium.remote.service.DriverCommandExecutor.execute(DriverCommandExecutor.java:83)
	at org.openqa.selenium.remote.RemoteWebDriver.execute(RemoteWebDriver.java:586)
	at org.openqa.selenium.remote.RemoteWebDriver.findElement(RemoteWebDriver.java:356)
	at org.openqa.selenium.remote.RemoteWebDriver.findElementByXPath(RemoteWebDriver.java:458)
	at org.openqa.selenium.By$ByXPath.findElement(By.java:361)
	at org.openqa.selenium.remote.RemoteWebDriver.findElement(RemoteWebDriver.java:348)
	at org.openqa.selenium.support.pagefactory.DefaultElementLocator.findElement(DefaultElementLocator.java:69)
	at org.openqa.selenium.support.pagefactory.internal.LocatingElementHandler.invoke(LocatingElementHandler.java:38)
	at com.sun.proxy.$Proxy11.getWrappedElement(Unknown Source)
	at org.openqa.selenium.remote.internal.WebElementToJsonConverter.apply(WebElementToJsonConverter.java:51)
	at com.google.common.collect.Iterators$6.transform(Iterators.java:820)
	at com.google.common.collect.TransformedIterator.next(TransformedIterator.java:48)
	at com.google.common.collect.Iterators.addAll(Iterators.java:373)
	at com.google.common.collect.Lists.newArrayList(Lists.java:165)
	at com.google.common.collect.Lists.newArrayList(Lists.java:150)
	at org.openqa.selenium.remote.RemoteWebDriver.executeScript(RemoteWebDriver.java:520)
	at PageFactoryandTestdata.HelpingFunction.Click(HelpingFunction.java:59)
	at CrmTestCases.Email.MoveEmailToNotSpam(Email.java:81)
	at Master.CRMExecution.MoveEmailToNotSpam(CRMExecution.java:531)
	at java.base/jdk.internal.reflect.NativeMethodAccessorImpl.invoke0(Native Method)
	at java.base/jdk.internal.reflect.NativeMethodAccessorImpl.invoke(NativeMethodAccessorImpl.java:62)
	at java.base/jdk.internal.reflect.DelegatingMethodAccessorImpl.invoke(DelegatingMethodAccessorImpl.java:43)
	at java.base/java.lang.reflect.Method.invoke(Method.java:567)
	at org.testng.internal.MethodInvocationHelper.invokeMethod(MethodInvocationHelper.java:124)
	at org.testng.internal.Invoker.invokeMethod(Invoker.java:583)
	at org.testng.internal.Invoker.invokeTestMethod(Invoker.java:719)
	at org.testng.internal.Invoker.invokeTestMethods(Invoker.java:989)
	at org.testng.internal.TestMethodWorker.invokeTestMethods(TestMethodWorker.java:125)
	at org.testng.internal.TestMethodWorker.run(TestMethodWorker.java:109)
	at org.testng.TestRunner.privateRun(TestRunner.java:648)
	at org.testng.TestRunner.run(TestRunner.java:505)
	at org.testng.SuiteRunner.runTest(SuiteRunner.java:455)
	at org.testng.SuiteRunner.runSequentially(SuiteRunner.java:450)
	at org.testng.SuiteRunner.privateRun(SuiteRunner.java:415)
	at org.testng.SuiteRunner.run(SuiteRunner.java:364)
	at org.testng.SuiteRunnerWorker.runSuite(SuiteRunnerWorker.java:52)
	at org.testng.SuiteRunnerWorker.run(SuiteRunnerWorker.java:84)
	at org.testng.TestNG.runSuitesSequentially(TestNG.java:1208)
	at org.testng.TestNG.runSuitesLocally(TestNG.java:1137)
	at org.testng.TestNG.runSuites(TestNG.java:1049)
	at org.testng.TestNG.run(TestNG.java:1017)
	at Master.TestRunner.main(TestRunner.java:13)</td>
				</tr>
			</tbody>
		</table>
	</div>
					</div>
				</li>
				
				
				<li class='test displayed active  fail' status='fail' bdd='false' test-id='80'>
					<div class='test-heading'>
						<span class='test-name'>DeleteEmailFromSpam</span>
						<span class='test-time'>Nov 5, 2019, 3:14:22 PM</span>
						<span class='test-status right fail'>fail</span>
					</div>
					<div class='test-content hide'>
<div class='test-time-info'>
	<span class='label start-time'>Nov 5, 2019, 3:14:22 PM</span>
	<span class='label end-time'>Nov 5, 2019, 3:18:29 PM</span>
	<span class='label time-taken grey lighten-1 white-text'>0h 4m 6s+827ms</span>
</div>
	<div class='test-steps'>
		<table class='bordered table-results'>
			<thead>
				<tr>
					<th>Status</th>
					<th>Timestamp</th>
					<th>Details</th>
				</tr>
			</thead>
			<tbody>
				<tr class='log' status='fail'>
					<td class='status fail' title='fail' alt='fail'><i class='material-icons'>cancel</i></td>
					<td class='timestamp'>3:14:52 PM</td>
					<td class='step-details'><span class='label white-text red'>DeleteEmailFromSpamTest Case is Failed due to Below Issue</span></td>
				</tr>
				<tr class='log' status='fail'>
					<td class='status fail' title='fail' alt='fail'><i class='material-icons'>cancel</i></td>
					<td class='timestamp'>3:14:52 PM</td>
					<td class='step-details'>org.openqa.selenium.NoSuchElementException: no such element: Unable to locate element: {"method":"xpath","selector":"//input[contains(@ng-checked, 'vm.isSelected(email.Id)')]"}
  (Session info: chrome=78.0.3904.87)
For documentation on this error, please visit: http://seleniumhq.org/exceptions/no_such_element.html
Build info: version: '3.6.0', revision: '6fbf3ec767', time: '2017-09-27T15:28:36.4Z'
System info: host: 'MACPK-WKS-0132', ip: '192.168.8.193', os.name: 'Windows 10', os.arch: 'amd64', os.version: '10.0', java.version: '12.0.2'
Driver info: org.openqa.selenium.chrome.ChromeDriver
Capabilities [{networkConnectionEnabled=false, chrome={chromedriverVersion=78.0.3904.70 (edb9c9f3de0247fd912a77b7f6cae7447f6d3ad5-refs/branch-heads/3904@{#800}), userDataDir=C:\Users\MUHAMM~1.IFT\AppData\Local\Temp\scoped_dir14036_2068579387}, timeouts={implicit=0, pageLoad=300000, script=30000}, pageLoadStrategy=normal, unhandledPromptBehavior=dismiss and notify, strictFileInteractability=false, platform=XP, proxy=Proxy(), goog:chromeOptions={debuggerAddress=localhost:63958}, acceptInsecureCerts=false, browserVersion=78.0.3904.87, browserName=chrome, javascriptEnabled=true, platformName=XP, setWindowRect=true}]
Session ID: 6a5651c24dff6cfd47b92cdc74cad25c
*** Element info: {Using=xpath, value=//input[contains(@ng-checked, 'vm.isSelected(email.Id)')]}
	at java.base/jdk.internal.reflect.NativeConstructorAccessorImpl.newInstance0(Native Method)
	at java.base/jdk.internal.reflect.NativeConstructorAccessorImpl.newInstance(NativeConstructorAccessorImpl.java:62)
	at java.base/jdk.internal.reflect.DelegatingConstructorAccessorImpl.newInstance(DelegatingConstructorAccessorImpl.java:45)
	at java.base/java.lang.reflect.Constructor.newInstanceWithCaller(Constructor.java:500)
	at java.base/java.lang.reflect.Constructor.newInstance(Constructor.java:481)
	at org.openqa.selenium.remote.http.W3CHttpResponseCodec.createException(W3CHttpResponseCodec.java:185)
	at org.openqa.selenium.remote.http.W3CHttpResponseCodec.decode(W3CHttpResponseCodec.java:120)
	at org.openqa.selenium.remote.http.W3CHttpResponseCodec.decode(W3CHttpResponseCodec.java:49)
	at org.openqa.selenium.remote.HttpCommandExecutor.execute(HttpCommandExecutor.java:164)
	at org.openqa.selenium.remote.service.DriverCommandExecutor.execute(DriverCommandExecutor.java:83)
	at org.openqa.selenium.remote.RemoteWebDriver.execute(RemoteWebDriver.java:586)
	at org.openqa.selenium.remote.RemoteWebDriver.findElement(RemoteWebDriver.java:356)
	at org.openqa.selenium.remote.RemoteWebDriver.findElementByXPath(RemoteWebDriver.java:458)
	at org.openqa.selenium.By$ByXPath.findElement(By.java:361)
	at org.openqa.selenium.remote.RemoteWebDriver.findElement(RemoteWebDriver.java:348)
	at org.openqa.selenium.support.pagefactory.DefaultElementLocator.findElement(DefaultElementLocator.java:69)
	at org.openqa.selenium.support.pagefactory.internal.LocatingElementHandler.invoke(LocatingElementHandler.java:38)
	at com.sun.proxy.$Proxy11.getWrappedElement(Unknown Source)
	at org.openqa.selenium.remote.internal.WebElementToJsonConverter.apply(WebElementToJsonConverter.java:51)
	at com.google.common.collect.Iterators$6.transform(Iterators.java:820)
	at com.google.common.collect.TransformedIterator.next(TransformedIterator.java:48)
	at com.google.common.collect.Iterators.addAll(Iterators.java:373)
	at com.google.common.collect.Lists.newArrayList(Lists.java:165)
	at com.google.common.collect.Lists.newArrayList(Lists.java:150)
	at org.openqa.selenium.remote.RemoteWebDriver.executeScript(RemoteWebDriver.java:520)
	at PageFactoryandTestdata.HelpingFunction.Click(HelpingFunction.java:59)
	at CrmTestCases.Email.DeleteEmailFromAllEmail(Email.java:41)
	at Master.CRMExecution.DeleteEmailFromSpam(CRMExecution.java:536)
	at java.base/jdk.internal.reflect.NativeMethodAccessorImpl.invoke0(Native Method)
	at java.base/jdk.internal.reflect.NativeMethodAccessorImpl.invoke(NativeMethodAccessorImpl.java:62)
	at java.base/jdk.internal.reflect.DelegatingMethodAccessorImpl.invoke(DelegatingMethodAccessorImpl.java:43)
	at java.base/java.lang.reflect.Method.invoke(Method.java:567)
	at org.testng.internal.MethodInvocationHelper.invokeMethod(MethodInvocationHelper.java:124)
	at org.testng.internal.Invoker.invokeMethod(Invoker.java:583)
	at org.testng.internal.Invoker.invokeTestMethod(Invoker.java:719)
	at org.testng.internal.Invoker.invokeTestMethods(Invoker.java:989)
	at org.testng.internal.TestMethodWorker.invokeTestMethods(TestMethodWorker.java:125)
	at org.testng.internal.TestMethodWorker.run(TestMethodWorker.java:109)
	at org.testng.TestRunner.privateRun(TestRunner.java:648)
	at org.testng.TestRunner.run(TestRunner.java:505)
	at org.testng.SuiteRunner.runTest(SuiteRunner.java:455)
	at org.testng.SuiteRunner.runSequentially(SuiteRunner.java:450)
	at org.testng.SuiteRunner.privateRun(SuiteRunner.java:415)
	at org.testng.SuiteRunner.run(SuiteRunner.java:364)
	at org.testng.SuiteRunnerWorker.runSuite(SuiteRunnerWorker.java:52)
	at org.testng.SuiteRunnerWorker.run(SuiteRunnerWorker.java:84)
	at org.testng.TestNG.runSuitesSequentially(TestNG.java:1208)
	at org.testng.TestNG.runSuitesLocally(TestNG.java:1137)
	at org.testng.TestNG.runSuites(TestNG.java:1049)
	at org.testng.TestNG.run(TestNG.java:1017)
	at Master.TestRunner.main(TestRunner.java:13)</td>
				</tr>
			</tbody>
		</table>
	</div>
					</div>
				</li>
				
				
				<li class='test displayed active  pass' status='pass' bdd='false' test-id='81'>
					<div class='test-heading'>
						<span class='test-name'>CreateDefaultTask</span>
						<span class='test-time'>Nov 5, 2019, 3:15:02 PM</span>
						<span class='test-status right pass'>pass</span>
					</div>
					<div class='test-content hide'>
<div class='test-time-info'>
	<span class='label start-time'>Nov 5, 2019, 3:15:02 PM</span>
	<span class='label end-time'>Nov 5, 2019, 3:18:29 PM</span>
	<span class='label time-taken grey lighten-1 white-text'>0h 3m 26s+630ms</span>
</div>
	<div class='test-steps'>
		<table class='bordered table-results'>
			<thead>
				<tr>
					<th>Status</th>
					<th>Timestamp</th>
					<th>Details</th>
				</tr>
			</thead>
			<tbody>
				<tr class='log' status='pass'>
					<td class='status pass' title='pass' alt='pass'><i class='material-icons'>check_circle</i></td>
					<td class='timestamp'>3:15:11 PM</td>
					<td class='step-details'></td>
				</tr>
				<tr class='log' status='pass'>
					<td class='status pass' title='pass' alt='pass'><i class='material-icons'>check_circle</i></td>
					<td class='timestamp'>3:15:11 PM</td>
					<td class='step-details'><span class='label white-text green'>CreateDefaultTask Test Case is Passed</span></td>
				</tr>
				<tr class='log' status='pass'>
					<td class='status pass' title='pass' alt='pass'><i class='material-icons'>check_circle</i></td>
					<td class='timestamp'>3:15:11 PM</td>
					<td class='step-details'>Please see attached screenshot</td>
				</tr>
			</tbody>
		</table>
	</div>
							<ul class='screenshots'>
								<li><img data-featherlight='D:/Automation/CRMandOrder/Screenshot/CreateDefaultTask.jpg' width='25%' src='D:/Automation/CRMandOrder/Screenshot/CreateDefaultTask.jpg'></li>
							</ul>
					</div>
				</li>
				
				
				<li class='test displayed active  fail' status='fail' bdd='false' test-id='82'>
					<div class='test-heading'>
						<span class='test-name'>VerifyDefaultTask</span>
						<span class='test-time'>Nov 5, 2019, 3:15:16 PM</span>
						<span class='test-status right fail'>fail</span>
					</div>
					<div class='test-content hide'>
<div class='test-time-info'>
	<span class='label start-time'>Nov 5, 2019, 3:15:16 PM</span>
	<span class='label end-time'>Nov 5, 2019, 3:18:29 PM</span>
	<span class='label time-taken grey lighten-1 white-text'>0h 3m 12s+956ms</span>
</div>
	<div class='test-steps'>
		<table class='bordered table-results'>
			<thead>
				<tr>
					<th>Status</th>
					<th>Timestamp</th>
					<th>Details</th>
				</tr>
			</thead>
			<tbody>
				<tr class='log' status='fail'>
					<td class='status fail' title='fail' alt='fail'><i class='material-icons'>cancel</i></td>
					<td class='timestamp'>3:15:57 PM</td>
					<td class='step-details'><span class='label white-text red'>VerifyDefaultTaskTest Case is Failed due to Below Issue</span></td>
				</tr>
				<tr class='log' status='fail'>
					<td class='status fail' title='fail' alt='fail'><i class='material-icons'>cancel</i></td>
					<td class='timestamp'>3:15:57 PM</td>
					<td class='step-details'>java.lang.AssertionError
	at org.junit.Assert.fail(Assert.java:86)
	at org.junit.Assert.assertTrue(Assert.java:41)
	at org.junit.Assert.assertTrue(Assert.java:52)
	at CrmTestCases.Tasks.VerifyDefaultTask(Tasks.java:313)
	at Master.CRMExecution.VerifyDefaultTask(CRMExecution.java:549)
	at java.base/jdk.internal.reflect.NativeMethodAccessorImpl.invoke0(Native Method)
	at java.base/jdk.internal.reflect.NativeMethodAccessorImpl.invoke(NativeMethodAccessorImpl.java:62)
	at java.base/jdk.internal.reflect.DelegatingMethodAccessorImpl.invoke(DelegatingMethodAccessorImpl.java:43)
	at java.base/java.lang.reflect.Method.invoke(Method.java:567)
	at org.testng.internal.MethodInvocationHelper.invokeMethod(MethodInvocationHelper.java:124)
	at org.testng.internal.Invoker.invokeMethod(Invoker.java:583)
	at org.testng.internal.Invoker.invokeTestMethod(Invoker.java:719)
	at org.testng.internal.Invoker.invokeTestMethods(Invoker.java:989)
	at org.testng.internal.TestMethodWorker.invokeTestMethods(TestMethodWorker.java:125)
	at org.testng.internal.TestMethodWorker.run(TestMethodWorker.java:109)
	at org.testng.TestRunner.privateRun(TestRunner.java:648)
	at org.testng.TestRunner.run(TestRunner.java:505)
	at org.testng.SuiteRunner.runTest(SuiteRunner.java:455)
	at org.testng.SuiteRunner.runSequentially(SuiteRunner.java:450)
	at org.testng.SuiteRunner.privateRun(SuiteRunner.java:415)
	at org.testng.SuiteRunner.run(SuiteRunner.java:364)
	at org.testng.SuiteRunnerWorker.runSuite(SuiteRunnerWorker.java:52)
	at org.testng.SuiteRunnerWorker.run(SuiteRunnerWorker.java:84)
	at org.testng.TestNG.runSuitesSequentially(TestNG.java:1208)
	at org.testng.TestNG.runSuitesLocally(TestNG.java:1137)
	at org.testng.TestNG.runSuites(TestNG.java:1049)
	at org.testng.TestNG.run(TestNG.java:1017)
	at Master.TestRunner.main(TestRunner.java:13)</td>
				</tr>
			</tbody>
		</table>
	</div>
					</div>
				</li>
				
				
				<li class='test displayed active  pass' status='pass' bdd='false' test-id='83'>
					<div class='test-heading'>
						<span class='test-name'>DeleteDefaultTask</span>
						<span class='test-time'>Nov 5, 2019, 3:16:17 PM</span>
						<span class='test-status right pass'>pass</span>
					</div>
					<div class='test-content hide'>
<div class='test-time-info'>
	<span class='label start-time'>Nov 5, 2019, 3:16:17 PM</span>
	<span class='label end-time'>Nov 5, 2019, 3:18:29 PM</span>
	<span class='label time-taken grey lighten-1 white-text'>0h 2m 11s+339ms</span>
</div>
	<div class='test-steps'>
		<table class='bordered table-results'>
			<thead>
				<tr>
					<th>Status</th>
					<th>Timestamp</th>
					<th>Details</th>
				</tr>
			</thead>
			<tbody>
				<tr class='log' status='pass'>
					<td class='status pass' title='pass' alt='pass'><i class='material-icons'>check_circle</i></td>
					<td class='timestamp'>3:16:19 PM</td>
					<td class='step-details'></td>
				</tr>
				<tr class='log' status='pass'>
					<td class='status pass' title='pass' alt='pass'><i class='material-icons'>check_circle</i></td>
					<td class='timestamp'>3:16:19 PM</td>
					<td class='step-details'><span class='label white-text green'>DeleteDefaultTask Test Case is Passed</span></td>
				</tr>
				<tr class='log' status='pass'>
					<td class='status pass' title='pass' alt='pass'><i class='material-icons'>check_circle</i></td>
					<td class='timestamp'>3:16:19 PM</td>
					<td class='step-details'>Please see attached screenshot</td>
				</tr>
			</tbody>
		</table>
	</div>
							<ul class='screenshots'>
								<li><img data-featherlight='D:/Automation/CRMandOrder/Screenshot/DeleteDefaultTask.jpg' width='25%' src='D:/Automation/CRMandOrder/Screenshot/DeleteDefaultTask.jpg'></li>
							</ul>
					</div>
				</li>
				
				
				<li class='test displayed active  pass' status='pass' bdd='false' test-id='84'>
					<div class='test-heading'>
						<span class='test-name'>CreateContactWhileCreatingOrder</span>
						<span class='test-time'>Nov 5, 2019, 3:16:19 PM</span>
						<span class='test-status right pass'>pass</span>
					</div>
					<div class='test-content hide'>
<div class='test-time-info'>
	<span class='label start-time'>Nov 5, 2019, 3:16:19 PM</span>
	<span class='label end-time'>Nov 5, 2019, 3:18:29 PM</span>
	<span class='label time-taken grey lighten-1 white-text'>0h 2m 9s+845ms</span>
</div>
	<div class='test-steps'>
		<table class='bordered table-results'>
			<thead>
				<tr>
					<th>Status</th>
					<th>Timestamp</th>
					<th>Details</th>
				</tr>
			</thead>
			<tbody>
				<tr class='log' status='pass'>
					<td class='status pass' title='pass' alt='pass'><i class='material-icons'>check_circle</i></td>
					<td class='timestamp'>3:16:51 PM</td>
					<td class='step-details'></td>
				</tr>
				<tr class='log' status='pass'>
					<td class='status pass' title='pass' alt='pass'><i class='material-icons'>check_circle</i></td>
					<td class='timestamp'>3:16:51 PM</td>
					<td class='step-details'><span class='label white-text green'>CreateContactWhileCreatingOrder Test Case is Passed</span></td>
				</tr>
				<tr class='log' status='pass'>
					<td class='status pass' title='pass' alt='pass'><i class='material-icons'>check_circle</i></td>
					<td class='timestamp'>3:16:51 PM</td>
					<td class='step-details'>Please see attached screenshot</td>
				</tr>
			</tbody>
		</table>
	</div>
							<ul class='screenshots'>
								<li><img data-featherlight='D:/Automation/CRMandOrder/Screenshot/CreateContactWhileCreatingOrder.jpg' width='25%' src='D:/Automation/CRMandOrder/Screenshot/CreateContactWhileCreatingOrder.jpg'></li>
							</ul>
					</div>
				</li>
				
				
				<li class='test displayed active  pass' status='pass' bdd='false' test-id='85'>
					<div class='test-heading'>
						<span class='test-name'>CustomizeOrderNo</span>
						<span class='test-time'>Nov 5, 2019, 3:16:51 PM</span>
						<span class='test-status right pass'>pass</span>
					</div>
					<div class='test-content hide'>
<div class='test-time-info'>
	<span class='label start-time'>Nov 5, 2019, 3:16:51 PM</span>
	<span class='label end-time'>Nov 5, 2019, 3:18:29 PM</span>
	<span class='label time-taken grey lighten-1 white-text'>0h 1m 37s+577ms</span>
</div>
	<div class='test-steps'>
		<table class='bordered table-results'>
			<thead>
				<tr>
					<th>Status</th>
					<th>Timestamp</th>
					<th>Details</th>
				</tr>
			</thead>
			<tbody>
				<tr class='log' status='pass'>
					<td class='status pass' title='pass' alt='pass'><i class='material-icons'>check_circle</i></td>
					<td class='timestamp'>3:17:59 PM</td>
					<td class='step-details'></td>
				</tr>
				<tr class='log' status='pass'>
					<td class='status pass' title='pass' alt='pass'><i class='material-icons'>check_circle</i></td>
					<td class='timestamp'>3:17:59 PM</td>
					<td class='step-details'><span class='label white-text green'>CustomizeOrderNo Test Case is Passed</span></td>
				</tr>
				<tr class='log' status='pass'>
					<td class='status pass' title='pass' alt='pass'><i class='material-icons'>check_circle</i></td>
					<td class='timestamp'>3:17:59 PM</td>
					<td class='step-details'>Please see attached screenshot</td>
				</tr>
			</tbody>
		</table>
	</div>
							<ul class='screenshots'>
								<li><img data-featherlight='D:/Automation/CRMandOrder/Screenshot/CustomizeOrderNo.jpg' width='25%' src='D:/Automation/CRMandOrder/Screenshot/CustomizeOrderNo.jpg'></li>
							</ul>
					</div>
				</li>
				
				
				<li class='test displayed active  pass' status='pass' bdd='false' test-id='86'>
					<div class='test-heading'>
						<span class='test-name'>VerifyCompanyContactIconAndAddress</span>
						<span class='test-time'>Nov 5, 2019, 3:17:59 PM</span>
						<span class='test-status right pass'>pass</span>
					</div>
					<div class='test-content hide'>
<div class='test-time-info'>
	<span class='label start-time'>Nov 5, 2019, 3:17:59 PM</span>
	<span class='label end-time'>Nov 5, 2019, 3:18:29 PM</span>
	<span class='label time-taken grey lighten-1 white-text'>0h 0m 29s+563ms</span>
</div>
	<div class='test-steps'>
		<table class='bordered table-results'>
			<thead>
				<tr>
					<th>Status</th>
					<th>Timestamp</th>
					<th>Details</th>
				</tr>
			</thead>
			<tbody>
				<tr class='log' status='pass'>
					<td class='status pass' title='pass' alt='pass'><i class='material-icons'>check_circle</i></td>
					<td class='timestamp'>3:18:29 PM</td>
					<td class='step-details'></td>
				</tr>
				<tr class='log' status='pass'>
					<td class='status pass' title='pass' alt='pass'><i class='material-icons'>check_circle</i></td>
					<td class='timestamp'>3:18:29 PM</td>
					<td class='step-details'><span class='label white-text green'>VerifyCompanyContactIconAndAddress Test Case is Passed</span></td>
				</tr>
				<tr class='log' status='pass'>
					<td class='status pass' title='pass' alt='pass'><i class='material-icons'>check_circle</i></td>
					<td class='timestamp'>3:18:29 PM</td>
					<td class='step-details'>Please see attached screenshot</td>
				</tr>
			</tbody>
		</table>
	</div>
							<ul class='screenshots'>
								<li><img data-featherlight='D:/Automation/CRMandOrder/Screenshot/VerifyCompanyContactIconAndAddress.jpg' width='25%' src='D:/Automation/CRMandOrder/Screenshot/VerifyCompanyContactIconAndAddress.jpg'></li>
							</ul>
					</div>
				</li>
			</ul>
		</div>
	</div>
	<!-- subview left -->

	<div class='subview-right left'>
		<div class='view-summary'>
			<h5 class='test-name'></h5>

			<div id='step-filters' class="right">
				<span class="blue-text" status="info" alt="info" title="info"><i class="material-icons">info_outline</i></span>
				<span class="green-text" status="pass" alt="pass" title="pass"><i class="material-icons">check_circle</i></span>
				<span class="red-text" status="fail" alt="fail" title="fail"><i class="material-icons">cancel</i></span>
				<span class="red-text text-darken-4" status="fatal" alt="fatal" title="fatal"><i class="material-icons">cancel</i></span>
				<span class="pink-text text-lighten-1" status="error" alt="error" title="error"><i class="material-icons">error</i></span>
				<span class="orange-text" alt="warning" status="warning" title="warning"><i class="material-icons">warning</i></span>
				<span class="teal-text" status="skip" alt="skip" title="skip"><i class="material-icons">redo</i></span>
				<span status="clear" alt="Clear filters" title="Clear filters"><i class="material-icons">clear</i></span>
			</div>
		</div>
	</div>
	<!-- subview right -->

</div>
<!-- test view --><!-- category view --><div id='exception-view' class='view hide'>
	
	<section id='controls'>
		<div class='controls grey lighten-4'>
			<!-- search -->
			<div class='chip transparent' alt='Search Tests' title='Search Tests'>
				<a href="#" class='search-div'>
					<i class='material-icons'>search</i> Search
				</a>
				
				<div class='input-field left hide'>
					<input id='search-tests' type='text' class='validate browser-default' placeholder='Search Tests...'>
				</div>
				
			</div>
			<!-- search -->
		</div>
	</section>

	<div class='subview-left left'>
		
		<div class='view-summary'>
			<h5>Exceptions</h5>
			<ul id='exception-collection' class='exception-collection'>
				
				<li class='exception displayed active'>
					<div class='exception-heading'>
						<span class='exception-name'>org.openqa.selenium.NoSuchElementException</span>
						<span class='exception-count right'><span class='label red lighten-1 white-text'>5</span></span>
					</div>
					<div class='exception-content hide'>	
						<div class='exception-tests'>
							<table class='bordered table-results'>
								<thead>
									<tr>
										<th>Timestamp</th>
										<th>TestName</th>
										<th>Status</th>
									</tr>
								</thead>
								<tbody>
									<tr>
										<td>Nov 5, 2019, 2:54:32 PM</td>
										<td class='linked' test-id='23'>DeleteCompanyNote</td>
										<td><pre>org.openqa.selenium.NoSuchElementException: no such element: Unable to locate element: {"method":"xpath","selector":"//button[contains(@ng-click, 'vm.removeNote(note)')]/i"}
  (Session info: chrome=78.0.3904.87)
For documentation on this error, please visit: http://seleniumhq.org/exceptions/no_such_element.html
Build info: version: '3.6.0', revision: '6fbf3ec767', time: '2017-09-27T15:28:36.4Z'
System info: host: 'MACPK-WKS-0132', ip: '192.168.8.193', os.name: 'Windows 10', os.arch: 'amd64', os.version: '10.0', java.version: '12.0.2'
Driver info: org.openqa.selenium.chrome.ChromeDriver
Capabilities [{networkConnectionEnabled=false, chrome={chromedriverVersion=78.0.3904.70 (edb9c9f3de0247fd912a77b7f6cae7447f6d3ad5-refs/branch-heads/3904@{#800}), userDataDir=C:\Users\MUHAMM~1.IFT\AppData\Local\Temp\scoped_dir14036_2068579387}, timeouts={implicit=0, pageLoad=300000, script=30000}, pageLoadStrategy=normal, unhandledPromptBehavior=dismiss and notify, strictFileInteractability=false, platform=XP, proxy=Proxy(), goog:chromeOptions={debuggerAddress=localhost:63958}, acceptInsecureCerts=false, browserVersion=78.0.3904.87, browserName=chrome, javascriptEnabled=true, platformName=XP, setWindowRect=true}]
Session ID: 6a5651c24dff6cfd47b92cdc74cad25c
*** Element info: {Using=xpath, value=//button[contains(@ng-click, 'vm.removeNote(note)')]/i}
	at java.base/jdk.internal.reflect.NativeConstructorAccessorImpl.newInstance0(Native Method)
	at java.base/jdk.internal.reflect.NativeConstructorAccessorImpl.newInstance(NativeConstructorAccessorImpl.java:62)
	at java.base/jdk.internal.reflect.DelegatingConstructorAccessorImpl.newInstance(DelegatingConstructorAccessorImpl.java:45)
	at java.base/java.lang.reflect.Constructor.newInstanceWithCaller(Constructor.java:500)
	at java.base/java.lang.reflect.Constructor.newInstance(Constructor.java:481)
	at org.openqa.selenium.remote.http.W3CHttpResponseCodec.createException(W3CHttpResponseCodec.java:185)
	at org.openqa.selenium.remote.http.W3CHttpResponseCodec.decode(W3CHttpResponseCodec.java:120)
	at org.openqa.selenium.remote.http.W3CHttpResponseCodec.decode(W3CHttpResponseCodec.java:49)
	at org.openqa.selenium.remote.HttpCommandExecutor.execute(HttpCommandExecutor.java:164)
	at org.openqa.selenium.remote.service.DriverCommandExecutor.execute(DriverCommandExecutor.java:83)
	at org.openqa.selenium.remote.RemoteWebDriver.execute(RemoteWebDriver.java:586)
	at org.openqa.selenium.remote.RemoteWebDriver.findElement(RemoteWebDriver.java:356)
	at org.openqa.selenium.remote.RemoteWebDriver.findElementByXPath(RemoteWebDriver.java:458)
	at org.openqa.selenium.By$ByXPath.findElement(By.java:361)
	at org.openqa.selenium.remote.RemoteWebDriver.findElement(RemoteWebDriver.java:348)
	at org.openqa.selenium.support.pagefactory.DefaultElementLocator.findElement(DefaultElementLocator.java:69)
	at org.openqa.selenium.support.pagefactory.internal.LocatingElementHandler.invoke(LocatingElementHandler.java:38)
	at com.sun.proxy.$Proxy11.getWrappedElement(Unknown Source)
	at org.openqa.selenium.remote.internal.WebElementToJsonConverter.apply(WebElementToJsonConverter.java:51)
	at com.google.common.collect.Iterators$6.transform(Iterators.java:820)
	at com.google.common.collect.TransformedIterator.next(TransformedIterator.java:48)
	at com.google.common.collect.Iterators.addAll(Iterators.java:373)
	at com.google.common.collect.Lists.newArrayList(Lists.java:165)
	at com.google.common.collect.Lists.newArrayList(Lists.java:150)
	at org.openqa.selenium.remote.RemoteWebDriver.executeScript(RemoteWebDriver.java:520)
	at PageFactoryandTestdata.HelpingFunction.Click(HelpingFunction.java:59)
	at CrmTestCases.Notes.DelNote(Notes.java:82)
	at Master.CRMExecution.DeleteCompanyNote(CRMExecution.java:204)
	at java.base/jdk.internal.reflect.NativeMethodAccessorImpl.invoke0(Native Method)
	at java.base/jdk.internal.reflect.NativeMethodAccessorImpl.invoke(NativeMethodAccessorImpl.java:62)
	at java.base/jdk.internal.reflect.DelegatingMethodAccessorImpl.invoke(DelegatingMethodAccessorImpl.java:43)
	at java.base/java.lang.reflect.Method.invoke(Method.java:567)
	at org.testng.internal.MethodInvocationHelper.invokeMethod(MethodInvocationHelper.java:124)
	at org.testng.internal.Invoker.invokeMethod(Invoker.java:583)
	at org.testng.internal.Invoker.invokeTestMethod(Invoker.java:719)
	at org.testng.internal.Invoker.invokeTestMethods(Invoker.java:989)
	at org.testng.internal.TestMethodWorker.invokeTestMethods(TestMethodWorker.java:125)
	at org.testng.internal.TestMethodWorker.run(TestMethodWorker.java:109)
	at org.testng.TestRunner.privateRun(TestRunner.java:648)
	at org.testng.TestRunner.run(TestRunner.java:505)
	at org.testng.SuiteRunner.runTest(SuiteRunner.java:455)
	at org.testng.SuiteRunner.runSequentially(SuiteRunner.java:450)
	at org.testng.SuiteRunner.privateRun(SuiteRunner.java:415)
	at org.testng.SuiteRunner.run(SuiteRunner.java:364)
	at org.testng.SuiteRunnerWorker.runSuite(SuiteRunnerWorker.java:52)
	at org.testng.SuiteRunnerWorker.run(SuiteRunnerWorker.java:84)
	at org.testng.TestNG.runSuitesSequentially(TestNG.java:1208)
	at org.testng.TestNG.runSuitesLocally(TestNG.java:1137)
	at org.testng.TestNG.runSuites(TestNG.java:1049)
	at org.testng.TestNG.run(TestNG.java:1017)
	at Master.TestRunner.main(TestRunner.java:13)
</pre></td>
									</tr>
									<tr>
										<td>Nov 5, 2019, 2:58:19 PM</td>
										<td class='linked' test-id='38'>DeleteContactNote</td>
										<td><pre>org.openqa.selenium.NoSuchElementException: no such element: Unable to locate element: {"method":"xpath","selector":"//button[contains(@ng-click, 'vm.removeNote(note)')]/i"}
  (Session info: chrome=78.0.3904.87)
For documentation on this error, please visit: http://seleniumhq.org/exceptions/no_such_element.html
Build info: version: '3.6.0', revision: '6fbf3ec767', time: '2017-09-27T15:28:36.4Z'
System info: host: 'MACPK-WKS-0132', ip: '192.168.8.193', os.name: 'Windows 10', os.arch: 'amd64', os.version: '10.0', java.version: '12.0.2'
Driver info: org.openqa.selenium.chrome.ChromeDriver
Capabilities [{networkConnectionEnabled=false, chrome={chromedriverVersion=78.0.3904.70 (edb9c9f3de0247fd912a77b7f6cae7447f6d3ad5-refs/branch-heads/3904@{#800}), userDataDir=C:\Users\MUHAMM~1.IFT\AppData\Local\Temp\scoped_dir14036_2068579387}, timeouts={implicit=0, pageLoad=300000, script=30000}, pageLoadStrategy=normal, unhandledPromptBehavior=dismiss and notify, strictFileInteractability=false, platform=XP, proxy=Proxy(), goog:chromeOptions={debuggerAddress=localhost:63958}, acceptInsecureCerts=false, browserVersion=78.0.3904.87, browserName=chrome, javascriptEnabled=true, platformName=XP, setWindowRect=true}]
Session ID: 6a5651c24dff6cfd47b92cdc74cad25c
*** Element info: {Using=xpath, value=//button[contains(@ng-click, 'vm.removeNote(note)')]/i}
	at java.base/jdk.internal.reflect.NativeConstructorAccessorImpl.newInstance0(Native Method)
	at java.base/jdk.internal.reflect.NativeConstructorAccessorImpl.newInstance(NativeConstructorAccessorImpl.java:62)
	at java.base/jdk.internal.reflect.DelegatingConstructorAccessorImpl.newInstance(DelegatingConstructorAccessorImpl.java:45)
	at java.base/java.lang.reflect.Constructor.newInstanceWithCaller(Constructor.java:500)
	at java.base/java.lang.reflect.Constructor.newInstance(Constructor.java:481)
	at org.openqa.selenium.remote.http.W3CHttpResponseCodec.createException(W3CHttpResponseCodec.java:185)
	at org.openqa.selenium.remote.http.W3CHttpResponseCodec.decode(W3CHttpResponseCodec.java:120)
	at org.openqa.selenium.remote.http.W3CHttpResponseCodec.decode(W3CHttpResponseCodec.java:49)
	at org.openqa.selenium.remote.HttpCommandExecutor.execute(HttpCommandExecutor.java:164)
	at org.openqa.selenium.remote.service.DriverCommandExecutor.execute(DriverCommandExecutor.java:83)
	at org.openqa.selenium.remote.RemoteWebDriver.execute(RemoteWebDriver.java:586)
	at org.openqa.selenium.remote.RemoteWebDriver.findElement(RemoteWebDriver.java:356)
	at org.openqa.selenium.remote.RemoteWebDriver.findElementByXPath(RemoteWebDriver.java:458)
	at org.openqa.selenium.By$ByXPath.findElement(By.java:361)
	at org.openqa.selenium.remote.RemoteWebDriver.findElement(RemoteWebDriver.java:348)
	at org.openqa.selenium.support.pagefactory.DefaultElementLocator.findElement(DefaultElementLocator.java:69)
	at org.openqa.selenium.support.pagefactory.internal.LocatingElementHandler.invoke(LocatingElementHandler.java:38)
	at com.sun.proxy.$Proxy11.getWrappedElement(Unknown Source)
	at org.openqa.selenium.remote.internal.WebElementToJsonConverter.apply(WebElementToJsonConverter.java:51)
	at com.google.common.collect.Iterators$6.transform(Iterators.java:820)
	at com.google.common.collect.TransformedIterator.next(TransformedIterator.java:48)
	at com.google.common.collect.Iterators.addAll(Iterators.java:373)
	at com.google.common.collect.Lists.newArrayList(Lists.java:165)
	at com.google.common.collect.Lists.newArrayList(Lists.java:150)
	at org.openqa.selenium.remote.RemoteWebDriver.executeScript(RemoteWebDriver.java:520)
	at PageFactoryandTestdata.HelpingFunction.Click(HelpingFunction.java:59)
	at CrmTestCases.Notes.DelNote(Notes.java:82)
	at Master.CRMExecution.DeleteCompanyNote(CRMExecution.java:204)
	at java.base/jdk.internal.reflect.NativeMethodAccessorImpl.invoke0(Native Method)
	at java.base/jdk.internal.reflect.NativeMethodAccessorImpl.invoke(NativeMethodAccessorImpl.java:62)
	at java.base/jdk.internal.reflect.DelegatingMethodAccessorImpl.invoke(DelegatingMethodAccessorImpl.java:43)
	at java.base/java.lang.reflect.Method.invoke(Method.java:567)
	at org.testng.internal.MethodInvocationHelper.invokeMethod(MethodInvocationHelper.java:124)
	at org.testng.internal.Invoker.invokeMethod(Invoker.java:583)
	at org.testng.internal.Invoker.invokeTestMethod(Invoker.java:719)
	at org.testng.internal.Invoker.invokeTestMethods(Invoker.java:989)
	at org.testng.internal.TestMethodWorker.invokeTestMethods(TestMethodWorker.java:125)
	at org.testng.internal.TestMethodWorker.run(TestMethodWorker.java:109)
	at org.testng.TestRunner.privateRun(TestRunner.java:648)
	at org.testng.TestRunner.run(TestRunner.java:505)
	at org.testng.SuiteRunner.runTest(SuiteRunner.java:455)
	at org.testng.SuiteRunner.runSequentially(SuiteRunner.java:450)
	at org.testng.SuiteRunner.privateRun(SuiteRunner.java:415)
	at org.testng.SuiteRunner.run(SuiteRunner.java:364)
	at org.testng.SuiteRunnerWorker.runSuite(SuiteRunnerWorker.java:52)
	at org.testng.SuiteRunnerWorker.run(SuiteRunnerWorker.java:84)
	at org.testng.TestNG.runSuitesSequentially(TestNG.java:1208)
	at org.testng.TestNG.runSuitesLocally(TestNG.java:1137)
	at org.testng.TestNG.runSuites(TestNG.java:1049)
	at org.testng.TestNG.run(TestNG.java:1017)
	at Master.TestRunner.main(TestRunner.java:13)
</pre></td>
									</tr>
									<tr>
										<td>Nov 5, 2019, 3:12:57 PM</td>
										<td class='linked' test-id='78'>DeleteEmailFromEmailDetailPage</td>
										<td><pre>org.openqa.selenium.NoSuchElementException: no such element: Unable to locate element: {"method":"xpath","selector":"//button[contains(@ng-click, 'vm.removeNote(note)')]/i"}
  (Session info: chrome=78.0.3904.87)
For documentation on this error, please visit: http://seleniumhq.org/exceptions/no_such_element.html
Build info: version: '3.6.0', revision: '6fbf3ec767', time: '2017-09-27T15:28:36.4Z'
System info: host: 'MACPK-WKS-0132', ip: '192.168.8.193', os.name: 'Windows 10', os.arch: 'amd64', os.version: '10.0', java.version: '12.0.2'
Driver info: org.openqa.selenium.chrome.ChromeDriver
Capabilities [{networkConnectionEnabled=false, chrome={chromedriverVersion=78.0.3904.70 (edb9c9f3de0247fd912a77b7f6cae7447f6d3ad5-refs/branch-heads/3904@{#800}), userDataDir=C:\Users\MUHAMM~1.IFT\AppData\Local\Temp\scoped_dir14036_2068579387}, timeouts={implicit=0, pageLoad=300000, script=30000}, pageLoadStrategy=normal, unhandledPromptBehavior=dismiss and notify, strictFileInteractability=false, platform=XP, proxy=Proxy(), goog:chromeOptions={debuggerAddress=localhost:63958}, acceptInsecureCerts=false, browserVersion=78.0.3904.87, browserName=chrome, javascriptEnabled=true, platformName=XP, setWindowRect=true}]
Session ID: 6a5651c24dff6cfd47b92cdc74cad25c
*** Element info: {Using=xpath, value=//button[contains(@ng-click, 'vm.removeNote(note)')]/i}
	at java.base/jdk.internal.reflect.NativeConstructorAccessorImpl.newInstance0(Native Method)
	at java.base/jdk.internal.reflect.NativeConstructorAccessorImpl.newInstance(NativeConstructorAccessorImpl.java:62)
	at java.base/jdk.internal.reflect.DelegatingConstructorAccessorImpl.newInstance(DelegatingConstructorAccessorImpl.java:45)
	at java.base/java.lang.reflect.Constructor.newInstanceWithCaller(Constructor.java:500)
	at java.base/java.lang.reflect.Constructor.newInstance(Constructor.java:481)
	at org.openqa.selenium.remote.http.W3CHttpResponseCodec.createException(W3CHttpResponseCodec.java:185)
	at org.openqa.selenium.remote.http.W3CHttpResponseCodec.decode(W3CHttpResponseCodec.java:120)
	at org.openqa.selenium.remote.http.W3CHttpResponseCodec.decode(W3CHttpResponseCodec.java:49)
	at org.openqa.selenium.remote.HttpCommandExecutor.execute(HttpCommandExecutor.java:164)
	at org.openqa.selenium.remote.service.DriverCommandExecutor.execute(DriverCommandExecutor.java:83)
	at org.openqa.selenium.remote.RemoteWebDriver.execute(RemoteWebDriver.java:586)
	at org.openqa.selenium.remote.RemoteWebDriver.findElement(RemoteWebDriver.java:356)
	at org.openqa.selenium.remote.RemoteWebDriver.findElementByXPath(RemoteWebDriver.java:458)
	at org.openqa.selenium.By$ByXPath.findElement(By.java:361)
	at org.openqa.selenium.remote.RemoteWebDriver.findElement(RemoteWebDriver.java:348)
	at org.openqa.selenium.support.pagefactory.DefaultElementLocator.findElement(DefaultElementLocator.java:69)
	at org.openqa.selenium.support.pagefactory.internal.LocatingElementHandler.invoke(LocatingElementHandler.java:38)
	at com.sun.proxy.$Proxy11.getWrappedElement(Unknown Source)
	at org.openqa.selenium.remote.internal.WebElementToJsonConverter.apply(WebElementToJsonConverter.java:51)
	at com.google.common.collect.Iterators$6.transform(Iterators.java:820)
	at com.google.common.collect.TransformedIterator.next(TransformedIterator.java:48)
	at com.google.common.collect.Iterators.addAll(Iterators.java:373)
	at com.google.common.collect.Lists.newArrayList(Lists.java:165)
	at com.google.common.collect.Lists.newArrayList(Lists.java:150)
	at org.openqa.selenium.remote.RemoteWebDriver.executeScript(RemoteWebDriver.java:520)
	at PageFactoryandTestdata.HelpingFunction.Click(HelpingFunction.java:59)
	at CrmTestCases.Notes.DelNote(Notes.java:82)
	at Master.CRMExecution.DeleteCompanyNote(CRMExecution.java:204)
	at java.base/jdk.internal.reflect.NativeMethodAccessorImpl.invoke0(Native Method)
	at java.base/jdk.internal.reflect.NativeMethodAccessorImpl.invoke(NativeMethodAccessorImpl.java:62)
	at java.base/jdk.internal.reflect.DelegatingMethodAccessorImpl.invoke(DelegatingMethodAccessorImpl.java:43)
	at java.base/java.lang.reflect.Method.invoke(Method.java:567)
	at org.testng.internal.MethodInvocationHelper.invokeMethod(MethodInvocationHelper.java:124)
	at org.testng.internal.Invoker.invokeMethod(Invoker.java:583)
	at org.testng.internal.Invoker.invokeTestMethod(Invoker.java:719)
	at org.testng.internal.Invoker.invokeTestMethods(Invoker.java:989)
	at org.testng.internal.TestMethodWorker.invokeTestMethods(TestMethodWorker.java:125)
	at org.testng.internal.TestMethodWorker.run(TestMethodWorker.java:109)
	at org.testng.TestRunner.privateRun(TestRunner.java:648)
	at org.testng.TestRunner.run(TestRunner.java:505)
	at org.testng.SuiteRunner.runTest(SuiteRunner.java:455)
	at org.testng.SuiteRunner.runSequentially(SuiteRunner.java:450)
	at org.testng.SuiteRunner.privateRun(SuiteRunner.java:415)
	at org.testng.SuiteRunner.run(SuiteRunner.java:364)
	at org.testng.SuiteRunnerWorker.runSuite(SuiteRunnerWorker.java:52)
	at org.testng.SuiteRunnerWorker.run(SuiteRunnerWorker.java:84)
	at org.testng.TestNG.runSuitesSequentially(TestNG.java:1208)
	at org.testng.TestNG.runSuitesLocally(TestNG.java:1137)
	at org.testng.TestNG.runSuites(TestNG.java:1049)
	at org.testng.TestNG.run(TestNG.java:1017)
	at Master.TestRunner.main(TestRunner.java:13)
</pre></td>
									</tr>
									<tr>
										<td>Nov 5, 2019, 3:13:32 PM</td>
										<td class='linked' test-id='79'>MoveEmailToNotSpam</td>
										<td><pre>org.openqa.selenium.NoSuchElementException: no such element: Unable to locate element: {"method":"xpath","selector":"//button[contains(@ng-click, 'vm.removeNote(note)')]/i"}
  (Session info: chrome=78.0.3904.87)
For documentation on this error, please visit: http://seleniumhq.org/exceptions/no_such_element.html
Build info: version: '3.6.0', revision: '6fbf3ec767', time: '2017-09-27T15:28:36.4Z'
System info: host: 'MACPK-WKS-0132', ip: '192.168.8.193', os.name: 'Windows 10', os.arch: 'amd64', os.version: '10.0', java.version: '12.0.2'
Driver info: org.openqa.selenium.chrome.ChromeDriver
Capabilities [{networkConnectionEnabled=false, chrome={chromedriverVersion=78.0.3904.70 (edb9c9f3de0247fd912a77b7f6cae7447f6d3ad5-refs/branch-heads/3904@{#800}), userDataDir=C:\Users\MUHAMM~1.IFT\AppData\Local\Temp\scoped_dir14036_2068579387}, timeouts={implicit=0, pageLoad=300000, script=30000}, pageLoadStrategy=normal, unhandledPromptBehavior=dismiss and notify, strictFileInteractability=false, platform=XP, proxy=Proxy(), goog:chromeOptions={debuggerAddress=localhost:63958}, acceptInsecureCerts=false, browserVersion=78.0.3904.87, browserName=chrome, javascriptEnabled=true, platformName=XP, setWindowRect=true}]
Session ID: 6a5651c24dff6cfd47b92cdc74cad25c
*** Element info: {Using=xpath, value=//button[contains(@ng-click, 'vm.removeNote(note)')]/i}
	at java.base/jdk.internal.reflect.NativeConstructorAccessorImpl.newInstance0(Native Method)
	at java.base/jdk.internal.reflect.NativeConstructorAccessorImpl.newInstance(NativeConstructorAccessorImpl.java:62)
	at java.base/jdk.internal.reflect.DelegatingConstructorAccessorImpl.newInstance(DelegatingConstructorAccessorImpl.java:45)
	at java.base/java.lang.reflect.Constructor.newInstanceWithCaller(Constructor.java:500)
	at java.base/java.lang.reflect.Constructor.newInstance(Constructor.java:481)
	at org.openqa.selenium.remote.http.W3CHttpResponseCodec.createException(W3CHttpResponseCodec.java:185)
	at org.openqa.selenium.remote.http.W3CHttpResponseCodec.decode(W3CHttpResponseCodec.java:120)
	at org.openqa.selenium.remote.http.W3CHttpResponseCodec.decode(W3CHttpResponseCodec.java:49)
	at org.openqa.selenium.remote.HttpCommandExecutor.execute(HttpCommandExecutor.java:164)
	at org.openqa.selenium.remote.service.DriverCommandExecutor.execute(DriverCommandExecutor.java:83)
	at org.openqa.selenium.remote.RemoteWebDriver.execute(RemoteWebDriver.java:586)
	at org.openqa.selenium.remote.RemoteWebDriver.findElement(RemoteWebDriver.java:356)
	at org.openqa.selenium.remote.RemoteWebDriver.findElementByXPath(RemoteWebDriver.java:458)
	at org.openqa.selenium.By$ByXPath.findElement(By.java:361)
	at org.openqa.selenium.remote.RemoteWebDriver.findElement(RemoteWebDriver.java:348)
	at org.openqa.selenium.support.pagefactory.DefaultElementLocator.findElement(DefaultElementLocator.java:69)
	at org.openqa.selenium.support.pagefactory.internal.LocatingElementHandler.invoke(LocatingElementHandler.java:38)
	at com.sun.proxy.$Proxy11.getWrappedElement(Unknown Source)
	at org.openqa.selenium.remote.internal.WebElementToJsonConverter.apply(WebElementToJsonConverter.java:51)
	at com.google.common.collect.Iterators$6.transform(Iterators.java:820)
	at com.google.common.collect.TransformedIterator.next(TransformedIterator.java:48)
	at com.google.common.collect.Iterators.addAll(Iterators.java:373)
	at com.google.common.collect.Lists.newArrayList(Lists.java:165)
	at com.google.common.collect.Lists.newArrayList(Lists.java:150)
	at org.openqa.selenium.remote.RemoteWebDriver.executeScript(RemoteWebDriver.java:520)
	at PageFactoryandTestdata.HelpingFunction.Click(HelpingFunction.java:59)
	at CrmTestCases.Notes.DelNote(Notes.java:82)
	at Master.CRMExecution.DeleteCompanyNote(CRMExecution.java:204)
	at java.base/jdk.internal.reflect.NativeMethodAccessorImpl.invoke0(Native Method)
	at java.base/jdk.internal.reflect.NativeMethodAccessorImpl.invoke(NativeMethodAccessorImpl.java:62)
	at java.base/jdk.internal.reflect.DelegatingMethodAccessorImpl.invoke(DelegatingMethodAccessorImpl.java:43)
	at java.base/java.lang.reflect.Method.invoke(Method.java:567)
	at org.testng.internal.MethodInvocationHelper.invokeMethod(MethodInvocationHelper.java:124)
	at org.testng.internal.Invoker.invokeMethod(Invoker.java:583)
	at org.testng.internal.Invoker.invokeTestMethod(Invoker.java:719)
	at org.testng.internal.Invoker.invokeTestMethods(Invoker.java:989)
	at org.testng.internal.TestMethodWorker.invokeTestMethods(TestMethodWorker.java:125)
	at org.testng.internal.TestMethodWorker.run(TestMethodWorker.java:109)
	at org.testng.TestRunner.privateRun(TestRunner.java:648)
	at org.testng.TestRunner.run(TestRunner.java:505)
	at org.testng.SuiteRunner.runTest(SuiteRunner.java:455)
	at org.testng.SuiteRunner.runSequentially(SuiteRunner.java:450)
	at org.testng.SuiteRunner.privateRun(SuiteRunner.java:415)
	at org.testng.SuiteRunner.run(SuiteRunner.java:364)
	at org.testng.SuiteRunnerWorker.runSuite(SuiteRunnerWorker.java:52)
	at org.testng.SuiteRunnerWorker.run(SuiteRunnerWorker.java:84)
	at org.testng.TestNG.runSuitesSequentially(TestNG.java:1208)
	at org.testng.TestNG.runSuitesLocally(TestNG.java:1137)
	at org.testng.TestNG.runSuites(TestNG.java:1049)
	at org.testng.TestNG.run(TestNG.java:1017)
	at Master.TestRunner.main(TestRunner.java:13)
</pre></td>
									</tr>
									<tr>
										<td>Nov 5, 2019, 3:14:22 PM</td>
										<td class='linked' test-id='80'>DeleteEmailFromSpam</td>
										<td><pre>org.openqa.selenium.NoSuchElementException: no such element: Unable to locate element: {"method":"xpath","selector":"//button[contains(@ng-click, 'vm.removeNote(note)')]/i"}
  (Session info: chrome=78.0.3904.87)
For documentation on this error, please visit: http://seleniumhq.org/exceptions/no_such_element.html
Build info: version: '3.6.0', revision: '6fbf3ec767', time: '2017-09-27T15:28:36.4Z'
System info: host: 'MACPK-WKS-0132', ip: '192.168.8.193', os.name: 'Windows 10', os.arch: 'amd64', os.version: '10.0', java.version: '12.0.2'
Driver info: org.openqa.selenium.chrome.ChromeDriver
Capabilities [{networkConnectionEnabled=false, chrome={chromedriverVersion=78.0.3904.70 (edb9c9f3de0247fd912a77b7f6cae7447f6d3ad5-refs/branch-heads/3904@{#800}), userDataDir=C:\Users\MUHAMM~1.IFT\AppData\Local\Temp\scoped_dir14036_2068579387}, timeouts={implicit=0, pageLoad=300000, script=30000}, pageLoadStrategy=normal, unhandledPromptBehavior=dismiss and notify, strictFileInteractability=false, platform=XP, proxy=Proxy(), goog:chromeOptions={debuggerAddress=localhost:63958}, acceptInsecureCerts=false, browserVersion=78.0.3904.87, browserName=chrome, javascriptEnabled=true, platformName=XP, setWindowRect=true}]
Session ID: 6a5651c24dff6cfd47b92cdc74cad25c
*** Element info: {Using=xpath, value=//button[contains(@ng-click, 'vm.removeNote(note)')]/i}
	at java.base/jdk.internal.reflect.NativeConstructorAccessorImpl.newInstance0(Native Method)
	at java.base/jdk.internal.reflect.NativeConstructorAccessorImpl.newInstance(NativeConstructorAccessorImpl.java:62)
	at java.base/jdk.internal.reflect.DelegatingConstructorAccessorImpl.newInstance(DelegatingConstructorAccessorImpl.java:45)
	at java.base/java.lang.reflect.Constructor.newInstanceWithCaller(Constructor.java:500)
	at java.base/java.lang.reflect.Constructor.newInstance(Constructor.java:481)
	at org.openqa.selenium.remote.http.W3CHttpResponseCodec.createException(W3CHttpResponseCodec.java:185)
	at org.openqa.selenium.remote.http.W3CHttpResponseCodec.decode(W3CHttpResponseCodec.java:120)
	at org.openqa.selenium.remote.http.W3CHttpResponseCodec.decode(W3CHttpResponseCodec.java:49)
	at org.openqa.selenium.remote.HttpCommandExecutor.execute(HttpCommandExecutor.java:164)
	at org.openqa.selenium.remote.service.DriverCommandExecutor.execute(DriverCommandExecutor.java:83)
	at org.openqa.selenium.remote.RemoteWebDriver.execute(RemoteWebDriver.java:586)
	at org.openqa.selenium.remote.RemoteWebDriver.findElement(RemoteWebDriver.java:356)
	at org.openqa.selenium.remote.RemoteWebDriver.findElementByXPath(RemoteWebDriver.java:458)
	at org.openqa.selenium.By$ByXPath.findElement(By.java:361)
	at org.openqa.selenium.remote.RemoteWebDriver.findElement(RemoteWebDriver.java:348)
	at org.openqa.selenium.support.pagefactory.DefaultElementLocator.findElement(DefaultElementLocator.java:69)
	at org.openqa.selenium.support.pagefactory.internal.LocatingElementHandler.invoke(LocatingElementHandler.java:38)
	at com.sun.proxy.$Proxy11.getWrappedElement(Unknown Source)
	at org.openqa.selenium.remote.internal.WebElementToJsonConverter.apply(WebElementToJsonConverter.java:51)
	at com.google.common.collect.Iterators$6.transform(Iterators.java:820)
	at com.google.common.collect.TransformedIterator.next(TransformedIterator.java:48)
	at com.google.common.collect.Iterators.addAll(Iterators.java:373)
	at com.google.common.collect.Lists.newArrayList(Lists.java:165)
	at com.google.common.collect.Lists.newArrayList(Lists.java:150)
	at org.openqa.selenium.remote.RemoteWebDriver.executeScript(RemoteWebDriver.java:520)
	at PageFactoryandTestdata.HelpingFunction.Click(HelpingFunction.java:59)
	at CrmTestCases.Notes.DelNote(Notes.java:82)
	at Master.CRMExecution.DeleteCompanyNote(CRMExecution.java:204)
	at java.base/jdk.internal.reflect.NativeMethodAccessorImpl.invoke0(Native Method)
	at java.base/jdk.internal.reflect.NativeMethodAccessorImpl.invoke(NativeMethodAccessorImpl.java:62)
	at java.base/jdk.internal.reflect.DelegatingMethodAccessorImpl.invoke(DelegatingMethodAccessorImpl.java:43)
	at java.base/java.lang.reflect.Method.invoke(Method.java:567)
	at org.testng.internal.MethodInvocationHelper.invokeMethod(MethodInvocationHelper.java:124)
	at org.testng.internal.Invoker.invokeMethod(Invoker.java:583)
	at org.testng.internal.Invoker.invokeTestMethod(Invoker.java:719)
	at org.testng.internal.Invoker.invokeTestMethods(Invoker.java:989)
	at org.testng.internal.TestMethodWorker.invokeTestMethods(TestMethodWorker.java:125)
	at org.testng.internal.TestMethodWorker.run(TestMethodWorker.java:109)
	at org.testng.TestRunner.privateRun(TestRunner.java:648)
	at org.testng.TestRunner.run(TestRunner.java:505)
	at org.testng.SuiteRunner.runTest(SuiteRunner.java:455)
	at org.testng.SuiteRunner.runSequentially(SuiteRunner.java:450)
	at org.testng.SuiteRunner.privateRun(SuiteRunner.java:415)
	at org.testng.SuiteRunner.run(SuiteRunner.java:364)
	at org.testng.SuiteRunnerWorker.runSuite(SuiteRunnerWorker.java:52)
	at org.testng.SuiteRunnerWorker.run(SuiteRunnerWorker.java:84)
	at org.testng.TestNG.runSuitesSequentially(TestNG.java:1208)
	at org.testng.TestNG.runSuitesLocally(TestNG.java:1137)
	at org.testng.TestNG.runSuites(TestNG.java:1049)
	at org.testng.TestNG.run(TestNG.java:1017)
	at Master.TestRunner.main(TestRunner.java:13)
</pre></td>
									</tr>
								</tbody>
							</table>
						</div>
					</div>
				</li>
				<li class='exception displayed active'>
					<div class='exception-heading'>
						<span class='exception-name'>org.openqa.selenium.StaleElementReferenceException</span>
						<span class='exception-count right'><span class='label red lighten-1 white-text'>1</span></span>
					</div>
					<div class='exception-content hide'>	
						<div class='exception-tests'>
							<table class='bordered table-results'>
								<thead>
									<tr>
										<th>Timestamp</th>
										<th>TestName</th>
										<th>Status</th>
									</tr>
								</thead>
								<tbody>
									<tr>
										<td>Nov 5, 2019, 3:05:20 PM</td>
										<td class='linked' test-id='59'>ChangeCompaniesRecordOwnerFromDashBoard</td>
										<td><pre>org.openqa.selenium.StaleElementReferenceException: stale element reference: element is not attached to the page document
  (Session info: chrome=78.0.3904.87)
For documentation on this error, please visit: http://seleniumhq.org/exceptions/stale_element_reference.html
Build info: version: '3.6.0', revision: '6fbf3ec767', time: '2017-09-27T15:28:36.4Z'
System info: host: 'MACPK-WKS-0132', ip: '192.168.8.193', os.name: 'Windows 10', os.arch: 'amd64', os.version: '10.0', java.version: '12.0.2'
Driver info: org.openqa.selenium.chrome.ChromeDriver
Capabilities [{networkConnectionEnabled=false, chrome={chromedriverVersion=78.0.3904.70 (edb9c9f3de0247fd912a77b7f6cae7447f6d3ad5-refs/branch-heads/3904@{#800}), userDataDir=C:\Users\MUHAMM~1.IFT\AppData\Local\Temp\scoped_dir14036_2068579387}, timeouts={implicit=0, pageLoad=300000, script=30000}, pageLoadStrategy=normal, unhandledPromptBehavior=dismiss and notify, strictFileInteractability=false, platform=XP, proxy=Proxy(), goog:chromeOptions={debuggerAddress=localhost:63958}, acceptInsecureCerts=false, browserVersion=78.0.3904.87, browserName=chrome, javascriptEnabled=true, platformName=XP, setWindowRect=true}]
Session ID: 6a5651c24dff6cfd47b92cdc74cad25c
	at java.base/jdk.internal.reflect.NativeConstructorAccessorImpl.newInstance0(Native Method)
	at java.base/jdk.internal.reflect.NativeConstructorAccessorImpl.newInstance(NativeConstructorAccessorImpl.java:62)
	at java.base/jdk.internal.reflect.DelegatingConstructorAccessorImpl.newInstance(DelegatingConstructorAccessorImpl.java:45)
	at java.base/java.lang.reflect.Constructor.newInstanceWithCaller(Constructor.java:500)
	at java.base/java.lang.reflect.Constructor.newInstance(Constructor.java:481)
	at org.openqa.selenium.remote.http.W3CHttpResponseCodec.createException(W3CHttpResponseCodec.java:185)
	at org.openqa.selenium.remote.http.W3CHttpResponseCodec.decode(W3CHttpResponseCodec.java:120)
	at org.openqa.selenium.remote.http.W3CHttpResponseCodec.decode(W3CHttpResponseCodec.java:49)
	at org.openqa.selenium.remote.HttpCommandExecutor.execute(HttpCommandExecutor.java:164)
	at org.openqa.selenium.remote.service.DriverCommandExecutor.execute(DriverCommandExecutor.java:83)
	at org.openqa.selenium.remote.RemoteWebDriver.execute(RemoteWebDriver.java:586)
	at org.openqa.selenium.remote.RemoteWebElement.execute(RemoteWebElement.java:279)
	at org.openqa.selenium.remote.RemoteWebElement.click(RemoteWebElement.java:83)
	at CrmTestCases.RecordOwnerAndVisi.SelectUser(RecordOwnerAndVisi.java:80)
	at CrmTestCases.RecordOwnerAndVisi.UpdateRecordOwn(RecordOwnerAndVisi.java:102)
	at Master.CRMExecution.ChangeCompaniesRecordOwnerFromDashBoard(CRMExecution.java:410)
	at java.base/jdk.internal.reflect.NativeMethodAccessorImpl.invoke0(Native Method)
	at java.base/jdk.internal.reflect.NativeMethodAccessorImpl.invoke(NativeMethodAccessorImpl.java:62)
	at java.base/jdk.internal.reflect.DelegatingMethodAccessorImpl.invoke(DelegatingMethodAccessorImpl.java:43)
	at java.base/java.lang.reflect.Method.invoke(Method.java:567)
	at org.testng.internal.MethodInvocationHelper.invokeMethod(MethodInvocationHelper.java:124)
	at org.testng.internal.Invoker.invokeMethod(Invoker.java:583)
	at org.testng.internal.Invoker.invokeTestMethod(Invoker.java:719)
	at org.testng.internal.Invoker.invokeTestMethods(Invoker.java:989)
	at org.testng.internal.TestMethodWorker.invokeTestMethods(TestMethodWorker.java:125)
	at org.testng.internal.TestMethodWorker.run(TestMethodWorker.java:109)
	at org.testng.TestRunner.privateRun(TestRunner.java:648)
	at org.testng.TestRunner.run(TestRunner.java:505)
	at org.testng.SuiteRunner.runTest(SuiteRunner.java:455)
	at org.testng.SuiteRunner.runSequentially(SuiteRunner.java:450)
	at org.testng.SuiteRunner.privateRun(SuiteRunner.java:415)
	at org.testng.SuiteRunner.run(SuiteRunner.java:364)
	at org.testng.SuiteRunnerWorker.runSuite(SuiteRunnerWorker.java:52)
	at org.testng.SuiteRunnerWorker.run(SuiteRunnerWorker.java:84)
	at org.testng.TestNG.runSuitesSequentially(TestNG.java:1208)
	at org.testng.TestNG.runSuitesLocally(TestNG.java:1137)
	at org.testng.TestNG.runSuites(TestNG.java:1049)
	at org.testng.TestNG.run(TestNG.java:1017)
	at Master.TestRunner.main(TestRunner.java:13)
</pre></td>
									</tr>
								</tbody>
							</table>
						</div>
					</div>
				</li>
				<li class='exception displayed active'>
					<div class='exception-heading'>
						<span class='exception-name'>java.lang.AssertionError</span>
						<span class='exception-count right'><span class='label red lighten-1 white-text'>1</span></span>
					</div>
					<div class='exception-content hide'>	
						<div class='exception-tests'>
							<table class='bordered table-results'>
								<thead>
									<tr>
										<th>Timestamp</th>
										<th>TestName</th>
										<th>Status</th>
									</tr>
								</thead>
								<tbody>
									<tr>
										<td>Nov 5, 2019, 3:15:16 PM</td>
										<td class='linked' test-id='82'>VerifyDefaultTask</td>
										<td><pre>java.lang.AssertionError
	at org.junit.Assert.fail(Assert.java:86)
	at org.junit.Assert.assertTrue(Assert.java:41)
	at org.junit.Assert.assertTrue(Assert.java:52)
	at CrmTestCases.Tasks.VerifyDefaultTask(Tasks.java:313)
	at Master.CRMExecution.VerifyDefaultTask(CRMExecution.java:549)
	at java.base/jdk.internal.reflect.NativeMethodAccessorImpl.invoke0(Native Method)
	at java.base/jdk.internal.reflect.NativeMethodAccessorImpl.invoke(NativeMethodAccessorImpl.java:62)
	at java.base/jdk.internal.reflect.DelegatingMethodAccessorImpl.invoke(DelegatingMethodAccessorImpl.java:43)
	at java.base/java.lang.reflect.Method.invoke(Method.java:567)
	at org.testng.internal.MethodInvocationHelper.invokeMethod(MethodInvocationHelper.java:124)
	at org.testng.internal.Invoker.invokeMethod(Invoker.java:583)
	at org.testng.internal.Invoker.invokeTestMethod(Invoker.java:719)
	at org.testng.internal.Invoker.invokeTestMethods(Invoker.java:989)
	at org.testng.internal.TestMethodWorker.invokeTestMethods(TestMethodWorker.java:125)
	at org.testng.internal.TestMethodWorker.run(TestMethodWorker.java:109)
	at org.testng.TestRunner.privateRun(TestRunner.java:648)
	at org.testng.TestRunner.run(TestRunner.java:505)
	at org.testng.SuiteRunner.runTest(SuiteRunner.java:455)
	at org.testng.SuiteRunner.runSequentially(SuiteRunner.java:450)
	at org.testng.SuiteRunner.privateRun(SuiteRunner.java:415)
	at org.testng.SuiteRunner.run(SuiteRunner.java:364)
	at org.testng.SuiteRunnerWorker.runSuite(SuiteRunnerWorker.java:52)
	at org.testng.SuiteRunnerWorker.run(SuiteRunnerWorker.java:84)
	at org.testng.TestNG.runSuitesSequentially(TestNG.java:1208)
	at org.testng.TestNG.runSuitesLocally(TestNG.java:1137)
	at org.testng.TestNG.runSuites(TestNG.java:1049)
	at org.testng.TestNG.run(TestNG.java:1017)
	at Master.TestRunner.main(TestRunner.java:13)
</pre></td>
									</tr>
								</tbody>
							</table>
						</div>
					</div>
				</li>
			</ul>
		</div>
	</div>

	<div class='subview-right left'>
		<div class='view-summary'>
			<h5 class='exception-name'></h5>
		</div>
	</div>
</div>
<!-- exception view --><div id='dashboard-view' class='view hide'>
	<div class='card-panel transparent np-v'>
		<h5>Dashboard</h5>

		<div class='row'>
			<div class='col s2'>
				<div class='card-panel r'>
					Tests
					<div class='panel-lead'>86</div>
				</div>
			</div>
			<div class='col s2'>
				<div class='card-panel r'>
					Steps
					<div class='panel-lead'>254</div>
				</div>
			</div>
			<div class='col s2'>
				<div class='card-panel r'>
					Start
					<div class='panel-lead'>Nov 5, 2019, 2:45:47 PM</div>
				</div>
			</div>
			<div class='col s2'>
				<div class='card-panel r'>
			 		End
			 		<div class='panel-lead'>Nov 5, 2019, 3:18:29 PM</div>
				</div>
			</div>
			<div class='col s2'>
				<div class='card-panel r'>
					Time Taken
					<div class='panel-lead'>1,961,306ms</div>
				</div>
			</div>
			<div class='col s4'>
				<div class='card-panel'>
					<span class='right label cyan white-text'>Environment</span><p>&nbsp;</p>
					
					<table>
						<tr>
							<th>Name</th>
							<th>Value</th>
						</tr>
						<tr>
							<td>User Name</td>
							<td>Muhammad.Iftikhar</td>
						</tr>
						<tr>
							<td>OS</td>
							<td>Windows 10</td>
						</tr>
						<tr>
							<td>Java Version</td>
							<td>12.0.2</td>
						</tr>
						<tr>
							<td>Host Name</td>
							<td>MACPK-WKS-0132</td>
						</tr>
						<tr>
							<td>HostName</td>
							<td>Iftikhar</td>
						</tr>
						<tr>
							<td>Environment</td>
							<td>QA</td>
						</tr>
						<tr>
							<td>UserName</td>
							<td>Muhammad Iftikhar</td>
						</tr>
						<tr>
							<td>URL</td>
							<td>https://esp.asicentral.com</td>
						</tr>
					</table>
				</div>
			</div>
		</div>
	</div>
</div>
<!-- dashboard view --><!-- testrunner-logs view -->
		</div>
		<!-- container -->

		<script>
			var statusGroup = {
				passParent: 79,
				failParent: 7,
				fatalParent: 0,
				errorParent: 0,
				warningParent: 0,
				skipParent: 0,
				unknownParent: 0,
				
				passChild: 240,
				failChild: 14,
				fatalChild: 0,
				errorChild: 0,
				warningChild: 0,
				skipChild: 0,
				unknownChild: 0,
				infoChild: 0,
				
				passGrandChild: 0,
				failGrandChild: 0,
				fatalGrandChild: 0,
				errorGrandChild: 0,
				warningGrandChild: 0,
				skipGrandChild: 0,
				unknownGrandChild: 0,
				infoGrandChild: 0
			};
		</script>

		<script src='https://cdn.rawgit.com/anshooarora/extentreports-java/master/dist/js/extent.js' type='text/javascript'></script>
		
		
	</body>
	
</html>
