<?xml version="1.0" encoding="UTF-8"?>
<!-- Generated by org.testng.reporters.JUnitXMLReporter -->
<testsuite ignored="0" hostname="MACPK-WKS-0132" failures="0" tests="54" name="Test-class test 2" time="12.455" errors="0" timestamp="17 Oct 2019 13:53:15 GMT">
  <testcase classname="Master.OrdersExecution1" name="@BeforeTest Startup" time="10.268">
    <failure type="org.openqa.selenium.SessionNotCreatedException" message="session not created
from chrome not reachable
  (Session info: chrome=77.0.3865.120)
Build info: version: &amp;apos;3.6.0&amp;apos;, revision: &amp;apos;6fbf3ec767&amp;apos;, time: &amp;apos;2017-09-27T15:28:36.4Z&amp;apos;
System info: host: &amp;apos;MACPK-WKS-0132&amp;apos;, ip: &amp;apos;172.25.177.124&amp;apos;, os.name: &amp;apos;Windows 10&amp;apos;, os.arch: &amp;apos;amd64&amp;apos;, os.version: &amp;apos;10.0&amp;apos;, java.version: &amp;apos;12.0.2&amp;apos;
Driver info: driver.version: ChromeDriver
remote stacktrace: Backtrace:
	Ordinal0 [0x00EAEB13+1501971]
	Ordinal0 [0x00E2F6D1+980689]
	Ordinal0 [0x00DB7508+488712]
	Ordinal0 [0x00DB131A+463642]
	Ordinal0 [0x00DB19C8+465352]
	Ordinal0 [0x00DB2AA5+469669]
	Ordinal0 [0x00DAEC85+453765]
	Ordinal0 [0x00DB8330+492336]
	Ordinal0 [0x00D6A108+172296]
	Ordinal0 [0x00D6942D+169005]
	Ordinal0 [0x00D678EB+162027]
	Ordinal0 [0x00D50AC7+68295]
	Ordinal0 [0x00D51B40+72512]
	Ordinal0 [0x00D51AD9+72409]
	Ordinal0 [0x00E48F37+1085239]
	GetHandleVerifier [0x00F4D7ED+503293]
	GetHandleVerifier [0x00F4D580+502672]
	GetHandleVerifier [0x00F546AC+531644]
	GetHandleVerifier [0x00F4DFFA+505354]
	Ordinal0 [0x00E40606+1050118]
	Ordinal0 [0x00E4047F+1049727]
	Ordinal0 [0x00E4AF9B+1093531]
	Ordinal0 [0x00E4B103+1093891]
	Ordinal0 [0x00E4A095+1089685]
	BaseThreadInitThunk [0x762D6359+25]
	RtlGetAppContainerNamedObjectPath [0x77627B74+228]
	RtlGetAppContainerNamedObjectPath [0x77627B44+180]
">
      <![CDATA[org.openqa.selenium.SessionNotCreatedException: session not created
from chrome not reachable
  (Session info: chrome=77.0.3865.120)
Build info: version: '3.6.0', revision: '6fbf3ec767', time: '2017-09-27T15:28:36.4Z'
System info: host: 'MACPK-WKS-0132', ip: '172.25.177.124', os.name: 'Windows 10', os.arch: 'amd64', os.version: '10.0', java.version: '12.0.2'
Driver info: driver.version: ChromeDriver
remote stacktrace: Backtrace:
Ordinal0 [0x00EAEB13+1501971]
Ordinal0 [0x00E2F6D1+980689]
Ordinal0 [0x00DB7508+488712]
Ordinal0 [0x00DB131A+463642]
Ordinal0 [0x00DB19C8+465352]
Ordinal0 [0x00DB2AA5+469669]
Ordinal0 [0x00DAEC85+453765]
Ordinal0 [0x00DB8330+492336]
Ordinal0 [0x00D6A108+172296]
Ordinal0 [0x00D6942D+169005]
Ordinal0 [0x00D678EB+162027]
Ordinal0 [0x00D50AC7+68295]
Ordinal0 [0x00D51B40+72512]
Ordinal0 [0x00D51AD9+72409]
Ordinal0 [0x00E48F37+1085239]
GetHandleVerifier [0x00F4D7ED+503293]
GetHandleVerifier [0x00F4D580+502672]
GetHandleVerifier [0x00F546AC+531644]
GetHandleVerifier [0x00F4DFFA+505354]
Ordinal0 [0x00E40606+1050118]
Ordinal0 [0x00E4047F+1049727]
Ordinal0 [0x00E4AF9B+1093531]
Ordinal0 [0x00E4B103+1093891]
Ordinal0 [0x00E4A095+1089685]
BaseThreadInitThunk [0x762D6359+25]
RtlGetAppContainerNamedObjectPath [0x77627B74+228]
RtlGetAppContainerNamedObjectPath [0x77627B44+180]

at org.openqa.selenium.remote.W3CHandshakeResponse.lambda$new$0(W3CHandshakeResponse.java:57)
at org.openqa.selenium.remote.W3CHandshakeResponse.lambda$getResponseFunction$2(W3CHandshakeResponse.java:104)
at org.openqa.selenium.remote.ProtocolHandshake.lambda$createSession$24(ProtocolHandshake.java:359)
at java.base/java.util.stream.ReferencePipeline$3$1.accept(ReferencePipeline.java:195)
at java.base/java.util.Spliterators$ArraySpliterator.tryAdvance(Spliterators.java:958)
at java.base/java.util.stream.ReferencePipeline.forEachWithCancel(ReferencePipeline.java:127)
at java.base/java.util.stream.AbstractPipeline.copyIntoWithCancel(AbstractPipeline.java:502)
at java.base/java.util.stream.AbstractPipeline.copyInto(AbstractPipeline.java:488)
at java.base/java.util.stream.AbstractPipeline.wrapAndCopyInto(AbstractPipeline.java:474)
at java.base/java.util.stream.FindOps$FindOp.evaluateSequential(FindOps.java:150)
at java.base/java.util.stream.AbstractPipeline.evaluate(AbstractPipeline.java:234)
at java.base/java.util.stream.ReferencePipeline.findFirst(ReferencePipeline.java:543)
at org.openqa.selenium.remote.ProtocolHandshake.createSession(ProtocolHandshake.java:362)
at org.openqa.selenium.remote.ProtocolHandshake.createSession(ProtocolHandshake.java:136)
at org.openqa.selenium.remote.HttpCommandExecutor.execute(HttpCommandExecutor.java:142)
at org.openqa.selenium.remote.service.DriverCommandExecutor.execute(DriverCommandExecutor.java:83)
at org.openqa.selenium.remote.RemoteWebDriver.execute(RemoteWebDriver.java:586)
at org.openqa.selenium.remote.RemoteWebDriver.startSession(RemoteWebDriver.java:217)
at org.openqa.selenium.remote.RemoteWebDriver.<init>(RemoteWebDriver.java:140)
at org.openqa.selenium.chrome.ChromeDriver.<init>(ChromeDriver.java:181)
at org.openqa.selenium.chrome.ChromeDriver.<init>(ChromeDriver.java:168)
at org.openqa.selenium.chrome.ChromeDriver.<init>(ChromeDriver.java:157)
at OrdersTestcases.BrowserInitiation.StartBrowser(BrowserInitiation.java:33)
at Master.OrdersExecution1.Startup(OrdersExecution1.java:50)
... Removed 29 stack frames]]>
    </failure>
  </testcase> <!-- @BeforeTest Startup -->
  <testcase classname="Master.OrdersExecution1" name="@AfterMethod getResult" time="0.0">
    <skipped/>
  </testcase> <!-- @AfterMethod getResult -->
  <testcase classname="Master.OrdersExecution1" name="@AfterMethod getResult" time="0.0">
    <skipped/>
  </testcase> <!-- @AfterMethod getResult -->
  <testcase classname="Master.OrdersExecution1" name="@AfterMethod getResult" time="0.0">
    <skipped/>
  </testcase> <!-- @AfterMethod getResult -->
  <testcase classname="Master.OrdersExecution1" name="@AfterMethod getResult" time="0.0">
    <skipped/>
  </testcase> <!-- @AfterMethod getResult -->
  <testcase classname="Master.OrdersExecution1" name="@AfterMethod getResult" time="0.0">
    <skipped/>
  </testcase> <!-- @AfterMethod getResult -->
  <testcase classname="Master.OrdersExecution1" name="@AfterMethod getResult" time="0.0">
    <skipped/>
  </testcase> <!-- @AfterMethod getResult -->
  <testcase classname="Master.OrdersExecution1" name="@AfterMethod getResult" time="0.0">
    <skipped/>
  </testcase> <!-- @AfterMethod getResult -->
  <testcase classname="Master.OrdersExecution1" name="@AfterMethod getResult" time="0.0">
    <skipped/>
  </testcase> <!-- @AfterMethod getResult -->
  <testcase classname="Master.OrdersExecution1" name="@AfterMethod getResult" time="0.0">
    <skipped/>
  </testcase> <!-- @AfterMethod getResult -->
  <testcase classname="Master.OrdersExecution1" name="@AfterMethod getResult" time="0.0">
    <skipped/>
  </testcase> <!-- @AfterMethod getResult -->
  <testcase classname="Master.OrdersExecution1" name="@AfterMethod getResult" time="0.0">
    <skipped/>
  </testcase> <!-- @AfterMethod getResult -->
  <testcase classname="Master.OrdersExecution1" name="@AfterMethod getResult" time="0.0">
    <skipped/>
  </testcase> <!-- @AfterMethod getResult -->
  <testcase classname="Master.OrdersExecution1" name="@AfterMethod getResult" time="0.0">
    <skipped/>
  </testcase> <!-- @AfterMethod getResult -->
  <testcase classname="Master.OrdersExecution1" name="@AfterMethod getResult" time="0.0">
    <skipped/>
  </testcase> <!-- @AfterMethod getResult -->
  <testcase classname="Master.OrdersExecution1" name="@AfterMethod getResult" time="0.0">
    <skipped/>
  </testcase> <!-- @AfterMethod getResult -->
  <testcase classname="Master.OrdersExecution1" name="@AfterMethod getResult" time="0.0">
    <skipped/>
  </testcase> <!-- @AfterMethod getResult -->
  <testcase classname="Master.OrdersExecution1" name="@AfterMethod getResult" time="0.0">
    <skipped/>
  </testcase> <!-- @AfterMethod getResult -->
  <testcase classname="Master.OrdersExecution1" name="@AfterMethod getResult" time="0.0">
    <skipped/>
  </testcase> <!-- @AfterMethod getResult -->
  <testcase classname="Master.OrdersExecution1" name="@AfterMethod getResult" time="0.0">
    <skipped/>
  </testcase> <!-- @AfterMethod getResult -->
  <testcase classname="Master.OrdersExecution1" name="@AfterMethod getResult" time="0.0">
    <skipped/>
  </testcase> <!-- @AfterMethod getResult -->
  <testcase classname="Master.OrdersExecution1" name="@AfterMethod getResult" time="0.0">
    <skipped/>
  </testcase> <!-- @AfterMethod getResult -->
  <testcase classname="Master.OrdersExecution1" name="@AfterMethod getResult" time="0.0">
    <skipped/>
  </testcase> <!-- @AfterMethod getResult -->
  <testcase classname="Master.OrdersExecution1" name="@AfterMethod getResult" time="0.0">
    <skipped/>
  </testcase> <!-- @AfterMethod getResult -->
  <testcase classname="Master.OrdersExecution1" name="@AfterMethod getResult" time="0.0">
    <skipped/>
  </testcase> <!-- @AfterMethod getResult -->
  <testcase classname="Master.OrdersExecution1" name="@AfterMethod getResult" time="0.0">
    <skipped/>
  </testcase> <!-- @AfterMethod getResult -->
  <testcase classname="Master.OrdersExecution1" name="@AfterMethod getResult" time="0.0">
    <skipped/>
  </testcase> <!-- @AfterMethod getResult -->
  <testcase classname="Master.OrdersExecution1" name="@AfterMethod getResult" time="0.0">
    <skipped/>
  </testcase> <!-- @AfterMethod getResult -->
  <testcase classname="Master.OrdersExecution1" name="@AfterMethod getResult" time="0.0">
    <skipped/>
  </testcase> <!-- @AfterMethod getResult -->
  <testcase classname="Master.OrdersExecution1" name="@AfterMethod getResult" time="0.0">
    <skipped/>
  </testcase> <!-- @AfterMethod getResult -->
  <testcase classname="Master.OrdersExecution1" name="@AfterMethod getResult" time="0.0">
    <skipped/>
  </testcase> <!-- @AfterMethod getResult -->
  <testcase classname="Master.OrdersExecution1" name="@AfterMethod getResult" time="0.0">
    <skipped/>
  </testcase> <!-- @AfterMethod getResult -->
  <testcase classname="Master.OrdersExecution1" name="@AfterMethod getResult" time="0.0">
    <skipped/>
  </testcase> <!-- @AfterMethod getResult -->
  <testcase classname="Master.OrdersExecution1" name="@AfterMethod getResult" time="0.0">
    <skipped/>
  </testcase> <!-- @AfterMethod getResult -->
  <testcase classname="Master.OrdersExecution1" name="@AfterMethod getResult" time="0.0">
    <skipped/>
  </testcase> <!-- @AfterMethod getResult -->
  <testcase classname="Master.OrdersExecution1" name="@AfterMethod getResult" time="0.0">
    <skipped/>
  </testcase> <!-- @AfterMethod getResult -->
  <testcase classname="Master.OrdersExecution1" name="@AfterMethod getResult" time="0.0">
    <skipped/>
  </testcase> <!-- @AfterMethod getResult -->
  <testcase classname="Master.OrdersExecution1" name="@AfterMethod getResult" time="0.0">
    <skipped/>
  </testcase> <!-- @AfterMethod getResult -->
  <testcase classname="Master.OrdersExecution1" name="@AfterMethod getResult" time="0.0">
    <skipped/>
  </testcase> <!-- @AfterMethod getResult -->
  <testcase classname="Master.OrdersExecution1" name="@AfterMethod getResult" time="0.0">
    <skipped/>
  </testcase> <!-- @AfterMethod getResult -->
  <testcase classname="Master.OrdersExecution1" name="@AfterMethod getResult" time="0.0">
    <skipped/>
  </testcase> <!-- @AfterMethod getResult -->
  <testcase classname="Master.OrdersExecution1" name="@AfterMethod getResult" time="0.0">
    <skipped/>
  </testcase> <!-- @AfterMethod getResult -->
  <testcase classname="Master.OrdersExecution1" name="@AfterMethod getResult" time="0.0">
    <skipped/>
  </testcase> <!-- @AfterMethod getResult -->
  <testcase classname="Master.OrdersExecution1" name="@AfterMethod getResult" time="0.0">
    <skipped/>
  </testcase> <!-- @AfterMethod getResult -->
  <testcase classname="Master.OrdersExecution1" name="@AfterMethod getResult" time="0.0">
    <skipped/>
  </testcase> <!-- @AfterMethod getResult -->
  <testcase classname="Master.OrdersExecution1" name="@AfterMethod getResult" time="0.0">
    <skipped/>
  </testcase> <!-- @AfterMethod getResult -->
  <testcase classname="Master.OrdersExecution1" name="@AfterMethod getResult" time="0.0">
    <skipped/>
  </testcase> <!-- @AfterMethod getResult -->
  <testcase classname="Master.OrdersExecution1" name="@AfterMethod getResult" time="0.0">
    <skipped/>
  </testcase> <!-- @AfterMethod getResult -->
  <testcase classname="Master.OrdersExecution1" name="@AfterMethod getResult" time="0.0">
    <skipped/>
  </testcase> <!-- @AfterMethod getResult -->
  <testcase classname="Master.OrdersExecution1" name="@AfterMethod getResult" time="0.0">
    <skipped/>
  </testcase> <!-- @AfterMethod getResult -->
  <testcase classname="Master.OrdersExecution1" name="@AfterMethod getResult" time="0.0">
    <skipped/>
  </testcase> <!-- @AfterMethod getResult -->
  <testcase classname="Master.OrdersExecution1" name="@AfterMethod getResult" time="0.0">
    <skipped/>
  </testcase> <!-- @AfterMethod getResult -->
  <testcase classname="Master.OrdersExecution1" name="@AfterMethod getResult" time="0.0">
    <skipped/>
  </testcase> <!-- @AfterMethod getResult -->
  <testcase classname="Master.OrdersExecution1" name="@AfterMethod getResult" time="0.0">
    <skipped/>
  </testcase> <!-- @AfterMethod getResult -->
  <testcase classname="Master.OrdersExecution1" name="@AfterMethod getResult" time="0.0">
    <skipped/>
  </testcase> <!-- @AfterMethod getResult -->
  <testcase classname="Master.OrdersExecution1" name="@AfterTest teardown" time="0.0">
    <skipped/>
  </testcase> <!-- @AfterTest teardown -->
  <testcase classname="Master.OrdersExecution1" name="LoginApp" time="0.001">
    <skipped/>
  </testcase> <!-- LoginApp -->
  <testcase classname="Master.OrdersExecution1" name="OrdersListing_SearchOrderField_PlaceholderVerification" time="0.0">
    <skipped/>
  </testcase> <!-- OrdersListing_SearchOrderField_PlaceholderVerification -->
  <testcase classname="Master.OrdersExecution1" name="Settings_AutomaticSalesTaxChecked" time="0.0">
    <skipped/>
  </testcase> <!-- Settings_AutomaticSalesTaxChecked -->
  <testcase classname="Master.OrdersExecution1" name="Percentage_square_in_Orders_SummaryWidget_ToolTip_TextVerification" time="0.0">
    <skipped/>
  </testcase> <!-- Percentage_square_in_Orders_SummaryWidget_ToolTip_TextVerification -->
  <testcase classname="Master.OrdersExecution1" name="Percentage_circle_inOrdersSummary_Widget_ToolTip_TextVerification" time="0.0">
    <skipped/>
  </testcase> <!-- Percentage_circle_inOrdersSummary_Widget_ToolTip_TextVerification -->
  <testcase classname="Master.OrdersExecution1" name="PayWith_ElectronicFundsOption_DropdownValueVerification" time="0.0">
    <skipped/>
  </testcase> <!-- PayWith_ElectronicFundsOption_DropdownValueVerification -->
  <testcase classname="Master.OrdersExecution1" name="ShipVia_LoomisGroundOption_DropdownValueVerifcation" time="0.0">
    <skipped/>
  </testcase> <!-- ShipVia_LoomisGroundOption_DropdownValueVerifcation -->
  <testcase classname="Master.OrdersExecution1" name="OrderSaving_WithoutSalesPerson_ValidationVerification" time="0.0">
    <skipped/>
  </testcase> <!-- OrderSaving_WithoutSalesPerson_ValidationVerification -->
  <testcase classname="Master.OrdersExecution1" name="UploadDSTFileOrders_Orderlevel" time="0.0">
    <skipped/>
  </testcase> <!-- UploadDSTFileOrders_Orderlevel -->
  <testcase classname="Master.OrdersExecution1" name="InvalidFileUpload_ErrorMessageDisplayVerification" time="0.0">
    <skipped/>
  </testcase> <!-- InvalidFileUpload_ErrorMessageDisplayVerification -->
  <testcase classname="Master.OrdersExecution1" name="UploadSVGFileOrders_Orderlevel" time="0.0">
    <skipped/>
  </testcase> <!-- UploadSVGFileOrders_Orderlevel -->
  <testcase classname="Master.OrdersExecution1" name="Upload_AIExtensionFile" time="0.0">
    <skipped/>
  </testcase> <!-- Upload_AIExtensionFile -->
  <testcase classname="Master.OrdersExecution1" name="CustomProducts_SupplierSelectionDropdown_Verification" time="0.0">
    <skipped/>
  </testcase> <!-- CustomProducts_SupplierSelectionDropdown_Verification -->
  <testcase classname="Master.OrdersExecution1" name="VerifyCogWheelNotExistsFor_CustomProductsVerification" time="0.0">
    <skipped/>
  </testcase> <!-- VerifyCogWheelNotExistsFor_CustomProductsVerification -->
  <testcase classname="Master.OrdersExecution1" name="DeleteOrder_Orderlevel" time="0.0">
    <skipped/>
  </testcase> <!-- DeleteOrder_Orderlevel -->
  <testcase classname="Master.OrdersExecution1" name="CustomerFacingDoc_CPN_Visible_EnableFromSettings" time="0.0">
    <skipped/>
  </testcase> <!-- CustomerFacingDoc_CPN_Visible_EnableFromSettings -->
  <testcase classname="Master.OrdersExecution1" name="CreateQuote_BillingAddress_Verification" time="0.0">
    <skipped/>
  </testcase> <!-- CreateQuote_BillingAddress_Verification -->
  <testcase classname="Master.OrdersExecution1" name="CreateQuote_ShippingAddress_Verification" time="0.0">
    <skipped/>
  </testcase> <!-- CreateQuote_ShippingAddress_Verification -->
  <testcase classname="Master.OrdersExecution1" name="CreateQuote_AddingProductToQuote" time="0.0">
    <skipped/>
  </testcase> <!-- CreateQuote_AddingProductToQuote -->
  <testcase classname="Master.OrdersExecution1" name="CreateQuote_Verification" time="0.071">
    <skipped/>
  </testcase> <!-- CreateQuote_Verification -->
  <testcase classname="Master.OrdersExecution1" name="ShipAccountNo_Checkbox_Uncheck_ByDefaultVerification" time="0.0">
    <skipped/>
  </testcase> <!-- ShipAccountNo_Checkbox_Uncheck_ByDefaultVerification -->
  <testcase classname="Master.OrdersExecution1" name="ShipAccountNotVisible_Visible_Checkbox_UncheckForAccountNo" time="0.0">
    <skipped/>
  </testcase> <!-- ShipAccountNotVisible_Visible_Checkbox_UncheckForAccountNo -->
  <testcase classname="Master.OrdersExecution1" name="CPN_Number_QuoteDocPreview_Verification" time="0.0">
    <skipped/>
  </testcase> <!-- CPN_Number_QuoteDocPreview_Verification -->
  <testcase classname="Master.OrdersExecution1" name="VendorNotes_DecoratorNotes_Visible_checkbox_SelectedAtProductLevel_QuotePreviewVerification" time="0.0">
    <skipped/>
  </testcase> <!-- VendorNotes_DecoratorNotes_Visible_checkbox_SelectedAtProductLevel_QuotePreviewVerification -->
  <testcase classname="Master.OrdersExecution1" name="ShipAccountNo_Visibility_QuoteDocumentVerification" time="0.0">
    <skipped/>
  </testcase> <!-- ShipAccountNo_Visibility_QuoteDocumentVerification -->
  <testcase classname="Master.OrdersExecution1" name="AccountNo_Visible_Checkbox_Selected_Verification_AtProductLevel" time="0.0">
    <skipped/>
  </testcase> <!-- AccountNo_Visible_Checkbox_Selected_Verification_AtProductLevel -->
  <testcase classname="Master.OrdersExecution1" name="Quote_Download" time="0.0">
    <skipped/>
  </testcase> <!-- Quote_Download -->
  <testcase classname="Master.OrdersExecution1" name="CreateOrder_FromQuote_LinkedTransactionInvoice" time="0.0">
    <skipped/>
  </testcase> <!-- CreateOrder_FromQuote_LinkedTransactionInvoice -->
  <testcase classname="Master.OrdersExecution1" name="ShipAccountNo_Visibility_InvoiceDocumentVerification" time="0.0">
    <skipped/>
  </testcase> <!-- ShipAccountNo_Visibility_InvoiceDocumentVerification -->
  <testcase classname="Master.OrdersExecution1" name="CPN_NumberVisibilityAtInvoiceDoc_Verification" time="0.0">
    <skipped/>
  </testcase> <!-- CPN_NumberVisibilityAtInvoiceDoc_Verification -->
  <testcase classname="Master.OrdersExecution1" name="VendorNotes_DecoratorNotes_Visible_checkbox_SelectedAtProductLevel_InvoicePreviewVerification" time="0.0">
    <skipped/>
  </testcase> <!-- VendorNotes_DecoratorNotes_Visible_checkbox_SelectedAtProductLevel_InvoicePreviewVerification -->
  <testcase classname="Master.OrdersExecution1" name="LinkedTransaction_Navigation_To_OrderScreen" time="0.0">
    <skipped/>
  </testcase> <!-- LinkedTransaction_Navigation_To_OrderScreen -->
  <testcase classname="Master.OrdersExecution1" name="CreateOrder_Delete_Orderwith_Associated_Invoices" time="0.0">
    <skipped/>
  </testcase> <!-- CreateOrder_Delete_Orderwith_Associated_Invoices -->
  <testcase classname="Master.OrdersExecution1" name="ShipAccountNo_AcknowledgementDocumentVerification" time="0.0">
    <skipped/>
  </testcase> <!-- ShipAccountNo_AcknowledgementDocumentVerification -->
  <testcase classname="Master.OrdersExecution1" name="VendorNotes_DecoratorNotes_Visible_checkbox_SelectedAtProductLevel_AcknowledgementPreviewVerification" time="0.0">
    <skipped/>
  </testcase> <!-- VendorNotes_DecoratorNotes_Visible_checkbox_SelectedAtProductLevel_AcknowledgementPreviewVerification -->
  <testcase classname="Master.OrdersExecution1" name="CreateOrder_LinkedTransactions_Navigation_ToQuoteScreen" time="0.0">
    <skipped/>
  </testcase> <!-- CreateOrder_LinkedTransactions_Navigation_ToQuoteScreen -->
  <testcase classname="Master.OrdersExecution1" name="Enterpaymentpartial" time="0.0">
    <skipped/>
  </testcase> <!-- Enterpaymentpartial -->
  <testcase classname="Master.OrdersExecution1" name="DeleteInvoice_WithPaymentLeft" time="0.0">
    <skipped/>
  </testcase> <!-- DeleteInvoice_WithPaymentLeft -->
  <testcase classname="Master.OrdersExecution1" name="Full_Payment_Verify" time="0.0">
    <skipped/>
  </testcase> <!-- Full_Payment_Verify -->
  <testcase classname="Master.OrdersExecution1" name="Shipping_AddressEditing" time="0.0">
    <skipped/>
  </testcase> <!-- Shipping_AddressEditing -->
  <testcase classname="Master.OrdersExecution1" name="Partial_PaymentLink_Verification" time="0.0">
    <skipped/>
  </testcase> <!-- Partial_PaymentLink_Verification -->
  <testcase classname="Master.OrdersExecution1" name="Reorder_Verification" time="0.0">
    <skipped/>
  </testcase> <!-- Reorder_Verification -->
  <testcase classname="Master.OrdersExecution1" name="FieldsData_Verifications_AfterReorder" time="0.0">
    <skipped/>
  </testcase> <!-- FieldsData_Verifications_AfterReorder -->
  <testcase classname="Master.OrdersExecution1" name="New_InhandDate_AfterReorderVerification" time="0.0">
    <skipped/>
  </testcase> <!-- New_InhandDate_AfterReorderVerification -->
  <testcase classname="Master.OrdersExecution1" name="Linked_Transaction_ReOrder_Verifications" time="0.0">
    <skipped/>
  </testcase> <!-- Linked_Transaction_ReOrder_Verifications -->
  <testcase classname="Master.OrdersExecution1" name="InvoiceCreationBillingAddress" time="0.0">
    <skipped/>
  </testcase> <!-- InvoiceCreationBillingAddress -->
  <testcase classname="Master.OrdersExecution1" name="CreateInvoiceShippingAddress_Verification" time="0.0">
    <skipped/>
  </testcase> <!-- CreateInvoiceShippingAddress_Verification -->
  <testcase classname="Master.OrdersExecution1" name="Product_AddedTo_Invoice" time="0.0">
    <skipped/>
  </testcase> <!-- Product_AddedTo_Invoice -->
  <testcase classname="Master.OrdersExecution1" name="CreateInvoice" time="0.0">
    <skipped/>
  </testcase> <!-- CreateInvoice -->
  <testcase classname="Master.OrdersExecution1" name="CreateOrder_BillingAddressVerification" time="0.0">
    <skipped/>
  </testcase> <!-- CreateOrder_BillingAddressVerification -->
  <testcase classname="Master.OrdersExecution1" name="CreateOrder_ShippingAddressVerification" time="0.0">
    <skipped/>
  </testcase> <!-- CreateOrder_ShippingAddressVerification -->
  <testcase classname="Master.OrdersExecution1" name="CreateOrder_AcknowlodgementAddressVerification" time="0.0">
    <skipped/>
  </testcase> <!-- CreateOrder_AcknowlodgementAddressVerification -->
  <testcase classname="Master.OrdersExecution1" name="Net25_Net45_Net90_50PercentAdvance_50PercentUponCompletion_Net75_Terms_DropdownValuesVerification" time="0.0">
    <skipped/>
  </testcase> <!-- Net25_Net45_Net90_50PercentAdvance_50PercentUponCompletion_Net75_Terms_DropdownValuesVerification -->
  <testcase classname="Master.OrdersExecution1" name="FedExOvernight_FedExFLEXExpress_ShipVia_DropdownValuesVerification" time="0.0">
    <skipped/>
  </testcase> <!-- FedExOvernight_FedExFLEXExpress_ShipVia_DropdownValuesVerification -->
</testsuite> <!-- Test-class test 2 -->
