<?xml version="1.0" encoding="UTF-8"?>
<!-- Generated by org.testng.reporters.JUnitXMLReporter -->
<testsuite ignored="0" hostname="MACPK-WKS-0132" failures="0" tests="54" name="Some Workflow Tests 1 " time="11.961" errors="0" timestamp="17 Oct 2019 14:22:01 GMT">
  <testcase classname="Master.OrdersExecution1" name="@BeforeTest Startup" time="11.014">
    <failure type="org.openqa.selenium.NoSuchWindowException" message="no such window: target window already closed
from unknown error: web view not found
  (Session info: chrome=77.0.3865.120)
Build info: version: &amp;apos;3.6.0&amp;apos;, revision: &amp;apos;6fbf3ec767&amp;apos;, time: &amp;apos;2017-09-27T15:28:36.4Z&amp;apos;
System info: host: &amp;apos;MACPK-WKS-0132&amp;apos;, ip: &amp;apos;172.25.177.124&amp;apos;, os.name: &amp;apos;Windows 10&amp;apos;, os.arch: &amp;apos;amd64&amp;apos;, os.version: &amp;apos;10.0&amp;apos;, java.version: &amp;apos;12.0.2&amp;apos;
Driver info: org.openqa.selenium.chrome.ChromeDriver
Capabilities [{networkConnectionEnabled=false, chrome={chromedriverVersion=77.0.3865.40 (f484704e052e0b556f8030b65b953dce96503217-refs/branch-heads/3865@{#442}), userDataDir=C:\Users\MUHAMM~1.IFT\AppData\Local\Temp\scoped_dir7360_358594379}, timeouts={implicit=0, pageLoad=300000, script=30000}, pageLoadStrategy=normal, unhandledPromptBehavior=dismiss and notify, strictFileInteractability=false, platform=XP, proxy=Proxy(), goog:chromeOptions={debuggerAddress=localhost:50654}, acceptInsecureCerts=false, browserVersion=77.0.3865.120, browserName=chrome, javascriptEnabled=true, platformName=XP, setWindowRect=true}]
Session ID: ad3d75ed32cffd221aebd53fcd0ffda4">
      <![CDATA[org.openqa.selenium.NoSuchWindowException: no such window: target window already closed
from unknown error: web view not found
  (Session info: chrome=77.0.3865.120)
Build info: version: '3.6.0', revision: '6fbf3ec767', time: '2017-09-27T15:28:36.4Z'
System info: host: 'MACPK-WKS-0132', ip: '172.25.177.124', os.name: 'Windows 10', os.arch: 'amd64', os.version: '10.0', java.version: '12.0.2'
Driver info: org.openqa.selenium.chrome.ChromeDriver
Capabilities [{networkConnectionEnabled=false, chrome={chromedriverVersion=77.0.3865.40 (f484704e052e0b556f8030b65b953dce96503217-refs/branch-heads/3865@{#442}), userDataDir=C:\Users\MUHAMM~1.IFT\AppData\Local\Temp\scoped_dir7360_358594379}, timeouts={implicit=0, pageLoad=300000, script=30000}, pageLoadStrategy=normal, unhandledPromptBehavior=dismiss and notify, strictFileInteractability=false, platform=XP, proxy=Proxy(), goog:chromeOptions={debuggerAddress=localhost:50654}, acceptInsecureCerts=false, browserVersion=77.0.3865.120, browserName=chrome, javascriptEnabled=true, platformName=XP, setWindowRect=true}]
Session ID: ad3d75ed32cffd221aebd53fcd0ffda4
at java.base/jdk.internal.reflect.NativeConstructorAccessorImpl.newInstance0(Native Method)
at java.base/jdk.internal.reflect.NativeConstructorAccessorImpl.newInstance(NativeConstructorAccessorImpl.java:62)
at java.base/jdk.internal.reflect.DelegatingConstructorAccessorImpl.newInstance(DelegatingConstructorAccessorImpl.java:45)
at java.base/java.lang.reflect.Constructor.newInstanceWithCaller(Constructor.java:500)
at java.base/java.lang.reflect.Constructor.newInstance(Constructor.java:481)
at org.openqa.selenium.remote.http.W3CHttpResponseCodec.createException(W3CHttpResponseCodec.java:185)
at org.openqa.selenium.remote.http.W3CHttpResponseCodec.decode(W3CHttpResponseCodec.java:120)
at org.openqa.selenium.remote.http.W3CHttpResponseCodec.decode(W3CHttpResponseCodec.java:49)
at org.openqa.selenium.remote.HttpCommandExecutor.execute(HttpCommandExecutor.java:164)
at org.openqa.selenium.remote.service.DriverCommandExecutor.execute(DriverCommandExecutor.java:83)
at org.openqa.selenium.remote.RemoteWebDriver.execute(RemoteWebDriver.java:586)
at org.openqa.selenium.remote.RemoteWebDriver.execute(RemoteWebDriver.java:643)
at org.openqa.selenium.remote.RemoteWebDriver$RemoteWebDriverOptions$RemoteWindow.maximize(RemoteWebDriver.java:877)
at OrdersTestcases.BrowserInitiation.StartBrowser(BrowserInitiation.java:49)
at Master.OrdersExecution1.Startup(OrdersExecution1.java:50)
at java.base/jdk.internal.reflect.NativeMethodAccessorImpl.invoke0(Native Method)
at java.base/jdk.internal.reflect.NativeMethodAccessorImpl.invoke(NativeMethodAccessorImpl.java:62)
at java.base/jdk.internal.reflect.DelegatingMethodAccessorImpl.invoke(DelegatingMethodAccessorImpl.java:43)
at java.base/java.lang.reflect.Method.invoke(Method.java:567)
at org.testng.internal.MethodInvocationHelper.invokeMethod(MethodInvocationHelper.java:124)
at org.testng.internal.MethodInvocationHelper.invokeMethodConsideringTimeout(MethodInvocationHelper.java:59)
at org.testng.internal.Invoker.invokeConfigurationMethod(Invoker.java:458)
at org.testng.internal.Invoker.invokeConfigurations(Invoker.java:222)
at org.testng.internal.Invoker.invokeConfigurations(Invoker.java:142)
at org.testng.TestRunner.beforeRun(TestRunner.java:529)
at org.testng.TestRunner.run(TestRunner.java:497)
at org.testng.SuiteRunner.runTest(SuiteRunner.java:455)
at org.testng.SuiteRunner.runSequentially(SuiteRunner.java:450)
at org.testng.SuiteRunner.privateRun(SuiteRunner.java:415)
at org.testng.SuiteRunner.run(SuiteRunner.java:364)
at org.testng.SuiteRunnerWorker.runSuite(SuiteRunnerWorker.java:52)
at org.testng.SuiteRunnerWorker.run(SuiteRunnerWorker.java:84)
at org.testng.TestNG.runSuitesSequentially(TestNG.java:1208)
at org.testng.TestNG.runSuitesLocally(TestNG.java:1137)
at org.testng.TestNG.runSuites(TestNG.java:1049)
at org.testng.TestNG.run(TestNG.java:1017)
at org.testng.remote.AbstractRemoteTestNG.run(AbstractRemoteTestNG.java:115)
at org.testng.remote.RemoteTestNG.initAndRun(RemoteTestNG.java:251)
at org.testng.remote.RemoteTestNG.main(RemoteTestNG.java:77)
]]>
    </failure>
  </testcase> <!-- @BeforeTest Startup -->
  <testcase classname="Master.OrdersExecution1" name="@AfterMethod getResult" time="0.0">
    <skipped/>
  </testcase> <!-- @AfterMethod getResult -->
  <testcase classname="Master.OrdersExecution1" name="@AfterMethod getResult" time="0.0">
    <skipped/>
  </testcase> <!-- @AfterMethod getResult -->
  <testcase classname="Master.OrdersExecution1" name="@AfterMethod getResult" time="0.0">
    <skipped/>
  </testcase> <!-- @AfterMethod getResult -->
  <testcase classname="Master.OrdersExecution1" name="@AfterMethod getResult" time="0.0">
    <skipped/>
  </testcase> <!-- @AfterMethod getResult -->
  <testcase classname="Master.OrdersExecution1" name="@AfterMethod getResult" time="0.0">
    <skipped/>
  </testcase> <!-- @AfterMethod getResult -->
  <testcase classname="Master.OrdersExecution1" name="@AfterMethod getResult" time="0.0">
    <skipped/>
  </testcase> <!-- @AfterMethod getResult -->
  <testcase classname="Master.OrdersExecution1" name="@AfterMethod getResult" time="0.0">
    <skipped/>
  </testcase> <!-- @AfterMethod getResult -->
  <testcase classname="Master.OrdersExecution1" name="@AfterMethod getResult" time="0.0">
    <skipped/>
  </testcase> <!-- @AfterMethod getResult -->
  <testcase classname="Master.OrdersExecution1" name="@AfterMethod getResult" time="0.0">
    <skipped/>
  </testcase> <!-- @AfterMethod getResult -->
  <testcase classname="Master.OrdersExecution1" name="@AfterMethod getResult" time="0.0">
    <skipped/>
  </testcase> <!-- @AfterMethod getResult -->
  <testcase classname="Master.OrdersExecution1" name="@AfterMethod getResult" time="0.0">
    <skipped/>
  </testcase> <!-- @AfterMethod getResult -->
  <testcase classname="Master.OrdersExecution1" name="@AfterMethod getResult" time="0.0">
    <skipped/>
  </testcase> <!-- @AfterMethod getResult -->
  <testcase classname="Master.OrdersExecution1" name="@AfterMethod getResult" time="0.0">
    <skipped/>
  </testcase> <!-- @AfterMethod getResult -->
  <testcase classname="Master.OrdersExecution1" name="@AfterMethod getResult" time="0.0">
    <skipped/>
  </testcase> <!-- @AfterMethod getResult -->
  <testcase classname="Master.OrdersExecution1" name="@AfterMethod getResult" time="0.0">
    <skipped/>
  </testcase> <!-- @AfterMethod getResult -->
  <testcase classname="Master.OrdersExecution1" name="@AfterMethod getResult" time="0.0">
    <skipped/>
  </testcase> <!-- @AfterMethod getResult -->
  <testcase classname="Master.OrdersExecution1" name="@AfterMethod getResult" time="0.0">
    <skipped/>
  </testcase> <!-- @AfterMethod getResult -->
  <testcase classname="Master.OrdersExecution1" name="@AfterMethod getResult" time="0.0">
    <skipped/>
  </testcase> <!-- @AfterMethod getResult -->
  <testcase classname="Master.OrdersExecution1" name="@AfterMethod getResult" time="0.0">
    <skipped/>
  </testcase> <!-- @AfterMethod getResult -->
  <testcase classname="Master.OrdersExecution1" name="@AfterMethod getResult" time="0.0">
    <skipped/>
  </testcase> <!-- @AfterMethod getResult -->
  <testcase classname="Master.OrdersExecution1" name="@AfterMethod getResult" time="0.0">
    <skipped/>
  </testcase> <!-- @AfterMethod getResult -->
  <testcase classname="Master.OrdersExecution1" name="@AfterMethod getResult" time="0.0">
    <skipped/>
  </testcase> <!-- @AfterMethod getResult -->
  <testcase classname="Master.OrdersExecution1" name="@AfterMethod getResult" time="0.0">
    <skipped/>
  </testcase> <!-- @AfterMethod getResult -->
  <testcase classname="Master.OrdersExecution1" name="@AfterMethod getResult" time="0.0">
    <skipped/>
  </testcase> <!-- @AfterMethod getResult -->
  <testcase classname="Master.OrdersExecution1" name="@AfterMethod getResult" time="0.0">
    <skipped/>
  </testcase> <!-- @AfterMethod getResult -->
  <testcase classname="Master.OrdersExecution1" name="@AfterMethod getResult" time="0.0">
    <skipped/>
  </testcase> <!-- @AfterMethod getResult -->
  <testcase classname="Master.OrdersExecution1" name="@AfterMethod getResult" time="0.0">
    <skipped/>
  </testcase> <!-- @AfterMethod getResult -->
  <testcase classname="Master.OrdersExecution1" name="@AfterMethod getResult" time="0.0">
    <skipped/>
  </testcase> <!-- @AfterMethod getResult -->
  <testcase classname="Master.OrdersExecution1" name="@AfterMethod getResult" time="0.0">
    <skipped/>
  </testcase> <!-- @AfterMethod getResult -->
  <testcase classname="Master.OrdersExecution1" name="@AfterMethod getResult" time="0.0">
    <skipped/>
  </testcase> <!-- @AfterMethod getResult -->
  <testcase classname="Master.OrdersExecution1" name="@AfterMethod getResult" time="0.0">
    <skipped/>
  </testcase> <!-- @AfterMethod getResult -->
  <testcase classname="Master.OrdersExecution1" name="@AfterMethod getResult" time="0.0">
    <skipped/>
  </testcase> <!-- @AfterMethod getResult -->
  <testcase classname="Master.OrdersExecution1" name="@AfterMethod getResult" time="0.0">
    <skipped/>
  </testcase> <!-- @AfterMethod getResult -->
  <testcase classname="Master.OrdersExecution1" name="@AfterMethod getResult" time="0.0">
    <skipped/>
  </testcase> <!-- @AfterMethod getResult -->
  <testcase classname="Master.OrdersExecution1" name="@AfterMethod getResult" time="0.0">
    <skipped/>
  </testcase> <!-- @AfterMethod getResult -->
  <testcase classname="Master.OrdersExecution1" name="@AfterMethod getResult" time="0.0">
    <skipped/>
  </testcase> <!-- @AfterMethod getResult -->
  <testcase classname="Master.OrdersExecution1" name="@AfterMethod getResult" time="0.0">
    <skipped/>
  </testcase> <!-- @AfterMethod getResult -->
  <testcase classname="Master.OrdersExecution1" name="@AfterMethod getResult" time="0.0">
    <skipped/>
  </testcase> <!-- @AfterMethod getResult -->
  <testcase classname="Master.OrdersExecution1" name="@AfterMethod getResult" time="0.0">
    <skipped/>
  </testcase> <!-- @AfterMethod getResult -->
  <testcase classname="Master.OrdersExecution1" name="@AfterMethod getResult" time="0.0">
    <skipped/>
  </testcase> <!-- @AfterMethod getResult -->
  <testcase classname="Master.OrdersExecution1" name="@AfterMethod getResult" time="0.0">
    <skipped/>
  </testcase> <!-- @AfterMethod getResult -->
  <testcase classname="Master.OrdersExecution1" name="@AfterMethod getResult" time="0.0">
    <skipped/>
  </testcase> <!-- @AfterMethod getResult -->
  <testcase classname="Master.OrdersExecution1" name="@AfterMethod getResult" time="0.0">
    <skipped/>
  </testcase> <!-- @AfterMethod getResult -->
  <testcase classname="Master.OrdersExecution1" name="@AfterMethod getResult" time="0.0">
    <skipped/>
  </testcase> <!-- @AfterMethod getResult -->
  <testcase classname="Master.OrdersExecution1" name="@AfterMethod getResult" time="0.0">
    <skipped/>
  </testcase> <!-- @AfterMethod getResult -->
  <testcase classname="Master.OrdersExecution1" name="@AfterMethod getResult" time="0.0">
    <skipped/>
  </testcase> <!-- @AfterMethod getResult -->
  <testcase classname="Master.OrdersExecution1" name="@AfterMethod getResult" time="0.0">
    <skipped/>
  </testcase> <!-- @AfterMethod getResult -->
  <testcase classname="Master.OrdersExecution1" name="@AfterMethod getResult" time="0.0">
    <skipped/>
  </testcase> <!-- @AfterMethod getResult -->
  <testcase classname="Master.OrdersExecution1" name="@AfterMethod getResult" time="0.0">
    <skipped/>
  </testcase> <!-- @AfterMethod getResult -->
  <testcase classname="Master.OrdersExecution1" name="@AfterMethod getResult" time="0.0">
    <skipped/>
  </testcase> <!-- @AfterMethod getResult -->
  <testcase classname="Master.OrdersExecution1" name="@AfterMethod getResult" time="0.0">
    <skipped/>
  </testcase> <!-- @AfterMethod getResult -->
  <testcase classname="Master.OrdersExecution1" name="@AfterMethod getResult" time="0.0">
    <skipped/>
  </testcase> <!-- @AfterMethod getResult -->
  <testcase classname="Master.OrdersExecution1" name="@AfterMethod getResult" time="0.0">
    <skipped/>
  </testcase> <!-- @AfterMethod getResult -->
  <testcase classname="Master.OrdersExecution1" name="@AfterMethod getResult" time="0.0">
    <skipped/>
  </testcase> <!-- @AfterMethod getResult -->
  <testcase classname="Master.OrdersExecution1" name="@AfterTest teardown" time="0.0">
    <skipped/>
  </testcase> <!-- @AfterTest teardown -->
  <testcase classname="Master.OrdersExecution1" name="LoginApp" time="0.0">
    <skipped/>
  </testcase> <!-- LoginApp -->
  <testcase classname="Master.OrdersExecution1" name="OrdersListing_SearchOrderField_PlaceholderVerification" time="0.0">
    <skipped/>
  </testcase> <!-- OrdersListing_SearchOrderField_PlaceholderVerification -->
  <testcase classname="Master.OrdersExecution1" name="Settings_AutomaticSalesTaxChecked" time="0.0">
    <skipped/>
  </testcase> <!-- Settings_AutomaticSalesTaxChecked -->
  <testcase classname="Master.OrdersExecution1" name="Percentage_square_in_Orders_SummaryWidget_ToolTip_TextVerification" time="0.0">
    <skipped/>
  </testcase> <!-- Percentage_square_in_Orders_SummaryWidget_ToolTip_TextVerification -->
  <testcase classname="Master.OrdersExecution1" name="Percentage_circle_inOrdersSummary_Widget_ToolTip_TextVerification" time="0.0">
    <skipped/>
  </testcase> <!-- Percentage_circle_inOrdersSummary_Widget_ToolTip_TextVerification -->
  <testcase classname="Master.OrdersExecution1" name="PayWith_ElectronicFundsOption_DropdownValueVerification" time="0.0">
    <skipped/>
  </testcase> <!-- PayWith_ElectronicFundsOption_DropdownValueVerification -->
  <testcase classname="Master.OrdersExecution1" name="ShipVia_LoomisGroundOption_DropdownValueVerifcation" time="0.0">
    <skipped/>
  </testcase> <!-- ShipVia_LoomisGroundOption_DropdownValueVerifcation -->
  <testcase classname="Master.OrdersExecution1" name="OrderSaving_WithoutSalesPerson_ValidationVerification" time="0.0">
    <skipped/>
  </testcase> <!-- OrderSaving_WithoutSalesPerson_ValidationVerification -->
  <testcase classname="Master.OrdersExecution1" name="UploadDSTFileOrders_Orderlevel" time="0.0">
    <skipped/>
  </testcase> <!-- UploadDSTFileOrders_Orderlevel -->
  <testcase classname="Master.OrdersExecution1" name="InvalidFileUpload_ErrorMessageDisplayVerification" time="0.0">
    <skipped/>
  </testcase> <!-- InvalidFileUpload_ErrorMessageDisplayVerification -->
  <testcase classname="Master.OrdersExecution1" name="UploadSVGFileOrders_Orderlevel" time="0.0">
    <skipped/>
  </testcase> <!-- UploadSVGFileOrders_Orderlevel -->
  <testcase classname="Master.OrdersExecution1" name="Upload_AIExtensionFile" time="0.0">
    <skipped/>
  </testcase> <!-- Upload_AIExtensionFile -->
  <testcase classname="Master.OrdersExecution1" name="CustomProducts_SupplierSelectionDropdown_Verification" time="0.0">
    <skipped/>
  </testcase> <!-- CustomProducts_SupplierSelectionDropdown_Verification -->
  <testcase classname="Master.OrdersExecution1" name="VerifyCogWheelNotExistsFor_CustomProductsVerification" time="0.0">
    <skipped/>
  </testcase> <!-- VerifyCogWheelNotExistsFor_CustomProductsVerification -->
  <testcase classname="Master.OrdersExecution1" name="DeleteOrder_Orderlevel" time="0.0">
    <skipped/>
  </testcase> <!-- DeleteOrder_Orderlevel -->
  <testcase classname="Master.OrdersExecution1" name="CustomerFacingDoc_CPN_Visible_EnableFromSettings" time="0.0">
    <skipped/>
  </testcase> <!-- CustomerFacingDoc_CPN_Visible_EnableFromSettings -->
  <testcase classname="Master.OrdersExecution1" name="CreateQuote_BillingAddress_Verification" time="0.0">
    <skipped/>
  </testcase> <!-- CreateQuote_BillingAddress_Verification -->
  <testcase classname="Master.OrdersExecution1" name="CreateQuote_ShippingAddress_Verification" time="0.0">
    <skipped/>
  </testcase> <!-- CreateQuote_ShippingAddress_Verification -->
  <testcase classname="Master.OrdersExecution1" name="CreateQuote_AddingProductToQuote" time="0.0">
    <skipped/>
  </testcase> <!-- CreateQuote_AddingProductToQuote -->
  <testcase classname="Master.OrdersExecution1" name="CreateQuote_Verification" time="0.0">
    <skipped/>
  </testcase> <!-- CreateQuote_Verification -->
  <testcase classname="Master.OrdersExecution1" name="ShipAccountNo_Checkbox_Uncheck_ByDefaultVerification" time="0.0">
    <skipped/>
  </testcase> <!-- ShipAccountNo_Checkbox_Uncheck_ByDefaultVerification -->
  <testcase classname="Master.OrdersExecution1" name="ShipAccountNotVisible_Visible_Checkbox_UncheckForAccountNo" time="0.0">
    <skipped/>
  </testcase> <!-- ShipAccountNotVisible_Visible_Checkbox_UncheckForAccountNo -->
  <testcase classname="Master.OrdersExecution1" name="CPN_Number_QuoteDocPreview_Verification" time="0.0">
    <skipped/>
  </testcase> <!-- CPN_Number_QuoteDocPreview_Verification -->
  <testcase classname="Master.OrdersExecution1" name="VendorNotes_DecoratorNotes_Visible_checkbox_SelectedAtProductLevel_QuotePreviewVerification" time="0.0">
    <skipped/>
  </testcase> <!-- VendorNotes_DecoratorNotes_Visible_checkbox_SelectedAtProductLevel_QuotePreviewVerification -->
  <testcase classname="Master.OrdersExecution1" name="ShipAccountNo_Visibility_QuoteDocumentVerification" time="0.0">
    <skipped/>
  </testcase> <!-- ShipAccountNo_Visibility_QuoteDocumentVerification -->
  <testcase classname="Master.OrdersExecution1" name="AccountNo_Visible_Checkbox_Selected_Verification_AtProductLevel" time="0.0">
    <skipped/>
  </testcase> <!-- AccountNo_Visible_Checkbox_Selected_Verification_AtProductLevel -->
  <testcase classname="Master.OrdersExecution1" name="Quote_Download" time="0.0">
    <skipped/>
  </testcase> <!-- Quote_Download -->
  <testcase classname="Master.OrdersExecution1" name="CreateOrder_FromQuote_LinkedTransactionInvoice" time="0.0">
    <skipped/>
  </testcase> <!-- CreateOrder_FromQuote_LinkedTransactionInvoice -->
  <testcase classname="Master.OrdersExecution1" name="ShipAccountNo_Visibility_InvoiceDocumentVerification" time="0.0">
    <skipped/>
  </testcase> <!-- ShipAccountNo_Visibility_InvoiceDocumentVerification -->
  <testcase classname="Master.OrdersExecution1" name="CPN_NumberVisibilityAtInvoiceDoc_Verification" time="0.0">
    <skipped/>
  </testcase> <!-- CPN_NumberVisibilityAtInvoiceDoc_Verification -->
  <testcase classname="Master.OrdersExecution1" name="VendorNotes_DecoratorNotes_Visible_checkbox_SelectedAtProductLevel_InvoicePreviewVerification" time="0.0">
    <skipped/>
  </testcase> <!-- VendorNotes_DecoratorNotes_Visible_checkbox_SelectedAtProductLevel_InvoicePreviewVerification -->
  <testcase classname="Master.OrdersExecution1" name="LinkedTransaction_Navigation_To_OrderScreen" time="0.0">
    <skipped/>
  </testcase> <!-- LinkedTransaction_Navigation_To_OrderScreen -->
  <testcase classname="Master.OrdersExecution1" name="CreateOrder_Delete_Orderwith_Associated_Invoices" time="0.0">
    <skipped/>
  </testcase> <!-- CreateOrder_Delete_Orderwith_Associated_Invoices -->
  <testcase classname="Master.OrdersExecution1" name="ShipAccountNo_AcknowledgementDocumentVerification" time="0.0">
    <skipped/>
  </testcase> <!-- ShipAccountNo_AcknowledgementDocumentVerification -->
  <testcase classname="Master.OrdersExecution1" name="VendorNotes_DecoratorNotes_Visible_checkbox_SelectedAtProductLevel_AcknowledgementPreviewVerification" time="0.0">
    <skipped/>
  </testcase> <!-- VendorNotes_DecoratorNotes_Visible_checkbox_SelectedAtProductLevel_AcknowledgementPreviewVerification -->
  <testcase classname="Master.OrdersExecution1" name="CreateOrder_LinkedTransactions_Navigation_ToQuoteScreen" time="0.0">
    <skipped/>
  </testcase> <!-- CreateOrder_LinkedTransactions_Navigation_ToQuoteScreen -->
  <testcase classname="Master.OrdersExecution1" name="Enterpaymentpartial" time="0.0">
    <skipped/>
  </testcase> <!-- Enterpaymentpartial -->
  <testcase classname="Master.OrdersExecution1" name="DeleteInvoice_WithPaymentLeft" time="0.0">
    <skipped/>
  </testcase> <!-- DeleteInvoice_WithPaymentLeft -->
  <testcase classname="Master.OrdersExecution1" name="Full_Payment_Verify" time="0.0">
    <skipped/>
  </testcase> <!-- Full_Payment_Verify -->
  <testcase classname="Master.OrdersExecution1" name="Shipping_AddressEditing" time="0.0">
    <skipped/>
  </testcase> <!-- Shipping_AddressEditing -->
  <testcase classname="Master.OrdersExecution1" name="Partial_PaymentLink_Verification" time="0.0">
    <skipped/>
  </testcase> <!-- Partial_PaymentLink_Verification -->
  <testcase classname="Master.OrdersExecution1" name="Reorder_Verification" time="0.0">
    <skipped/>
  </testcase> <!-- Reorder_Verification -->
  <testcase classname="Master.OrdersExecution1" name="FieldsData_Verifications_AfterReorder" time="0.0">
    <skipped/>
  </testcase> <!-- FieldsData_Verifications_AfterReorder -->
  <testcase classname="Master.OrdersExecution1" name="New_InhandDate_AfterReorderVerification" time="0.0">
    <skipped/>
  </testcase> <!-- New_InhandDate_AfterReorderVerification -->
  <testcase classname="Master.OrdersExecution1" name="Linked_Transaction_ReOrder_Verifications" time="0.0">
    <skipped/>
  </testcase> <!-- Linked_Transaction_ReOrder_Verifications -->
  <testcase classname="Master.OrdersExecution1" name="InvoiceCreationBillingAddress" time="0.0">
    <skipped/>
  </testcase> <!-- InvoiceCreationBillingAddress -->
  <testcase classname="Master.OrdersExecution1" name="CreateInvoiceShippingAddress_Verification" time="0.0">
    <skipped/>
  </testcase> <!-- CreateInvoiceShippingAddress_Verification -->
  <testcase classname="Master.OrdersExecution1" name="Product_AddedTo_Invoice" time="0.0">
    <skipped/>
  </testcase> <!-- Product_AddedTo_Invoice -->
  <testcase classname="Master.OrdersExecution1" name="CreateInvoice" time="0.0">
    <skipped/>
  </testcase> <!-- CreateInvoice -->
  <testcase classname="Master.OrdersExecution1" name="CreateOrder_BillingAddressVerification" time="0.0">
    <skipped/>
  </testcase> <!-- CreateOrder_BillingAddressVerification -->
  <testcase classname="Master.OrdersExecution1" name="CreateOrder_ShippingAddressVerification" time="0.0">
    <skipped/>
  </testcase> <!-- CreateOrder_ShippingAddressVerification -->
  <testcase classname="Master.OrdersExecution1" name="CreateOrder_AcknowlodgementAddressVerification" time="0.0">
    <skipped/>
  </testcase> <!-- CreateOrder_AcknowlodgementAddressVerification -->
  <testcase classname="Master.OrdersExecution1" name="Net25_Net45_Net90_50PercentAdvance_50PercentUponCompletion_Net75_Terms_DropdownValuesVerification" time="0.0">
    <skipped/>
  </testcase> <!-- Net25_Net45_Net90_50PercentAdvance_50PercentUponCompletion_Net75_Terms_DropdownValuesVerification -->
  <testcase classname="Master.OrdersExecution1" name="FedExOvernight_FedExFLEXExpress_ShipVia_DropdownValuesVerification" time="0.0">
    <skipped/>
  </testcase> <!-- FedExOvernight_FedExFLEXExpress_ShipVia_DropdownValuesVerification -->
</testsuite> <!-- Some Workflow Tests 1  -->
