<?xml version="1.0" encoding="UTF-8"?>
<!-- Generated by org.testng.reporters.JUnitReportReporter -->
<testsuite hostname="MACPK-WKS-0132" failures="0" tests="54" name="Master.OrdersExecution1" time="1323.635" errors="2" timestamp="02 Nov 2019 09:04:01 GMT" skipped="0">
  <testcase classname="Master.OrdersExecution1" name="LoginApp" time="23.557"/>
  <testcase classname="Master.OrdersExecution1" name="OrdersListing_SearchOrderField_PlaceholderVerification" time="3.812"/>
  <testcase classname="Master.OrdersExecution1" name="Settings_AutomaticSalesTaxChecked" time="8.505"/>
  <testcase classname="Master.OrdersExecution1" name="Percentage_square_in_Orders_SummaryWidget_ToolTip_TextVerification" time="48.348">
    <error message="Unable to convert: {actions=[org.openqa.selenium.interactions.Sequence@213860b8]}" type="org.openqa.selenium.WebDriverException">
      <![CDATA[org.openqa.selenium.WebDriverException: Unable to convert: {actions=[org.openqa.selenium.interactions.Sequence@213860b8]}
at org.openqa.selenium.remote.BeanToJsonConverter.convert(BeanToJsonConverter.java:68)
at org.openqa.selenium.remote.http.AbstractHttpCommandCodec.encode(AbstractHttpCommandCodec.java:229)
at org.openqa.selenium.remote.http.AbstractHttpCommandCodec.encode(AbstractHttpCommandCodec.java:118)
at org.openqa.selenium.remote.HttpCommandExecutor.execute(HttpCommandExecutor.java:158)
at org.openqa.selenium.remote.service.DriverCommandExecutor.execute(DriverCommandExecutor.java:83)
at org.openqa.selenium.remote.RemoteWebDriver.execute(RemoteWebDriver.java:586)
at org.openqa.selenium.remote.RemoteWebDriver.perform(RemoteWebDriver.java:652)
at org.openqa.selenium.interactions.Actions$BuiltAction.perform(Actions.java:638)
at org.openqa.selenium.interactions.Actions.perform(Actions.java:594)
at Master.OrdersExecution1.Hover(OrdersExecution1.java:444)
at OrdersTestcases.Dasboard_Orders.Percentage_square_in_Orders_SummaryWidget_ToolTip_Text_Verification(Dasboard_Orders.java:28)
at Master.OrdersExecution1.Percentage_square_in_Orders_SummaryWidget_ToolTip_TextVerification(OrdersExecution1.java:73)
at java.base/jdk.internal.reflect.NativeMethodAccessorImpl.invoke0(Native Method)
at java.base/jdk.internal.reflect.NativeMethodAccessorImpl.invoke(NativeMethodAccessorImpl.java:62)
at java.base/jdk.internal.reflect.DelegatingMethodAccessorImpl.invoke(DelegatingMethodAccessorImpl.java:43)
at java.base/java.lang.reflect.Method.invoke(Method.java:567)
at org.testng.internal.MethodInvocationHelper.invokeMethod(MethodInvocationHelper.java:124)
at org.testng.internal.Invoker.invokeMethod(Invoker.java:583)
at org.testng.internal.Invoker.invokeTestMethod(Invoker.java:719)
at org.testng.internal.Invoker.invokeTestMethods(Invoker.java:989)
at org.testng.internal.TestMethodWorker.invokeTestMethods(TestMethodWorker.java:125)
at org.testng.internal.TestMethodWorker.run(TestMethodWorker.java:109)
at org.testng.TestRunner.privateRun(TestRunner.java:648)
at org.testng.TestRunner.run(TestRunner.java:505)
at org.testng.SuiteRunner.runTest(SuiteRunner.java:455)
at org.testng.SuiteRunner.runSequentially(SuiteRunner.java:450)
at org.testng.SuiteRunner.privateRun(SuiteRunner.java:415)
at org.testng.SuiteRunner.run(SuiteRunner.java:364)
at org.testng.SuiteRunnerWorker.runSuite(SuiteRunnerWorker.java:52)
at org.testng.SuiteRunnerWorker.run(SuiteRunnerWorker.java:84)
at org.testng.TestNG.runSuitesSequentially(TestNG.java:1208)
at org.testng.TestNG.runSuitesLocally(TestNG.java:1137)
at org.testng.TestNG.runSuites(TestNG.java:1049)
at org.testng.TestNG.run(TestNG.java:1017)
at org.testng.remote.AbstractRemoteTestNG.run(AbstractRemoteTestNG.java:115)
at org.testng.remote.RemoteTestNG.initAndRun(RemoteTestNG.java:251)
at org.testng.remote.RemoteTestNG.main(RemoteTestNG.java:77)
Caused by: org.openqa.selenium.WebDriverException: Unable to convert: {actions=[org.openqa.selenium.interactions.Sequence@213860b8]}
at org.openqa.selenium.remote.BeanToJsonConverter.convertObject(BeanToJsonConverter.java:87)
at org.openqa.selenium.remote.BeanToJsonConverter.convert(BeanToJsonConverter.java:65)
... 36 more
Caused by: org.openqa.selenium.WebDriverException: java.lang.reflect.InvocationTargetException
Build info: version: '3.6.0', revision: '6fbf3ec767', time: '2017-09-27T15:28:36.4Z'
System info: host: 'MACPK-WKS-0132', ip: '172.25.178.24', os.name: 'Windows 10', os.arch: 'amd64', os.version: '10.0', java.version: '12.0.2'
Driver info: driver.version: RemoteWebDriver
at org.openqa.selenium.remote.BeanToJsonConverter.convertObject(BeanToJsonConverter.java:202)
at org.openqa.selenium.remote.BeanToJsonConverter.convertObject(BeanToJsonConverter.java:154)
at org.openqa.selenium.remote.BeanToJsonConverter.convertObject(BeanToJsonConverter.java:142)
at org.openqa.selenium.remote.BeanToJsonConverter.convertObject(BeanToJsonConverter.java:85)
... 37 more
Caused by: java.lang.reflect.InvocationTargetException
at java.base/jdk.internal.reflect.NativeMethodAccessorImpl.invoke0(Native Method)
at java.base/jdk.internal.reflect.NativeMethodAccessorImpl.invoke(NativeMethodAccessorImpl.java:62)
at java.base/jdk.internal.reflect.DelegatingMethodAccessorImpl.invoke(DelegatingMethodAccessorImpl.java:43)
at java.base/java.lang.reflect.Method.invoke(Method.java:567)
at org.openqa.selenium.remote.BeanToJsonConverter.convertObject(BeanToJsonConverter.java:185)
... 40 more
Caused by: org.openqa.selenium.NoSuchElementException: no such element: Unable to locate element: {"method":"xpath","selector":"//i[contains(@ng-class,'percentChange ')]"}
  (Session info: chrome=78.0.3904.87)
For documentation on this error, please visit: http://seleniumhq.org/exceptions/no_such_element.html
Build info: version: '3.6.0', revision: '6fbf3ec767', time: '2017-09-27T15:28:36.4Z'
System info: host: 'MACPK-WKS-0132', ip: '172.25.178.24', os.name: 'Windows 10', os.arch: 'amd64', os.version: '10.0', java.version: '12.0.2'
Driver info: org.openqa.selenium.chrome.ChromeDriver
Capabilities [{networkConnectionEnabled=false, chrome={chromedriverVersion=78.0.3904.70 (edb9c9f3de0247fd912a77b7f6cae7447f6d3ad5-refs/branch-heads/3904@{#800}), userDataDir=C:\Users\MUHAMM~1.IFT\AppData\Local\Temp\scoped_dir5352_303976483}, timeouts={implicit=0, pageLoad=300000, script=30000}, pageLoadStrategy=normal, unhandledPromptBehavior=dismiss and notify, strictFileInteractability=false, platform=XP, proxy=Proxy(), goog:chromeOptions={debuggerAddress=localhost:64563}, acceptInsecureCerts=false, browserVersion=78.0.3904.87, browserName=chrome, javascriptEnabled=true, platformName=XP, setWindowRect=true}]
Session ID: ea7353f3f502e69a1f767a5fd40358e1
*** Element info: {Using=xpath, value=//i[contains(@ng-class,'percentChange ')]}
at java.base/jdk.internal.reflect.NativeConstructorAccessorImpl.newInstance0(Native Method)
at java.base/jdk.internal.reflect.NativeConstructorAccessorImpl.newInstance(NativeConstructorAccessorImpl.java:62)
at java.base/jdk.internal.reflect.DelegatingConstructorAccessorImpl.newInstance(DelegatingConstructorAccessorImpl.java:45)
at java.base/java.lang.reflect.Constructor.newInstanceWithCaller(Constructor.java:500)
at java.base/java.lang.reflect.Constructor.newInstance(Constructor.java:481)
at org.openqa.selenium.remote.http.W3CHttpResponseCodec.createException(W3CHttpResponseCodec.java:185)
at org.openqa.selenium.remote.http.W3CHttpResponseCodec.decode(W3CHttpResponseCodec.java:120)
at org.openqa.selenium.remote.http.W3CHttpResponseCodec.decode(W3CHttpResponseCodec.java:49)
at org.openqa.selenium.remote.HttpCommandExecutor.execute(HttpCommandExecutor.java:164)
at org.openqa.selenium.remote.service.DriverCommandExecutor.execute(DriverCommandExecutor.java:83)
at org.openqa.selenium.remote.RemoteWebDriver.execute(RemoteWebDriver.java:586)
at org.openqa.selenium.remote.RemoteWebDriver.findElement(RemoteWebDriver.java:356)
at org.openqa.selenium.remote.RemoteWebDriver.findElementByXPath(RemoteWebDriver.java:458)
at org.openqa.selenium.By$ByXPath.findElement(By.java:361)
at org.openqa.selenium.remote.RemoteWebDriver.findElement(RemoteWebDriver.java:348)
at org.openqa.selenium.support.pagefactory.DefaultElementLocator.findElement(DefaultElementLocator.java:69)
at org.openqa.selenium.support.pagefactory.internal.LocatingElementHandler.invoke(LocatingElementHandler.java:38)
at com.sun.proxy.$Proxy13.getWrappedElement(Unknown Source)
at org.openqa.selenium.interactions.PointerInput$Origin.asArg(PointerInput.java:203)
at org.openqa.selenium.interactions.PointerInput$Move.encode(PointerInput.java:154)
at org.openqa.selenium.interactions.Sequence.encode(Sequence.java:75)
at org.openqa.selenium.interactions.Sequence.toJson(Sequence.java:84)
... 45 more
]]>
    </error>
  </testcase> <!-- Percentage_square_in_Orders_SummaryWidget_ToolTip_TextVerification -->
  <testcase classname="Master.OrdersExecution1" name="Percentage_circle_inOrdersSummary_Widget_ToolTip_TextVerification" time="48.452">
    <error message="Unable to convert: {actions=[org.openqa.selenium.interactions.Sequence@48c3205a]}" type="org.openqa.selenium.WebDriverException">
      <![CDATA[org.openqa.selenium.WebDriverException: Unable to convert: {actions=[org.openqa.selenium.interactions.Sequence@48c3205a]}
at org.openqa.selenium.remote.BeanToJsonConverter.convert(BeanToJsonConverter.java:68)
at org.openqa.selenium.remote.http.AbstractHttpCommandCodec.encode(AbstractHttpCommandCodec.java:229)
at org.openqa.selenium.remote.http.AbstractHttpCommandCodec.encode(AbstractHttpCommandCodec.java:118)
at org.openqa.selenium.remote.HttpCommandExecutor.execute(HttpCommandExecutor.java:158)
at org.openqa.selenium.remote.service.DriverCommandExecutor.execute(DriverCommandExecutor.java:83)
at org.openqa.selenium.remote.RemoteWebDriver.execute(RemoteWebDriver.java:586)
at org.openqa.selenium.remote.RemoteWebDriver.perform(RemoteWebDriver.java:652)
at org.openqa.selenium.interactions.Actions$BuiltAction.perform(Actions.java:638)
at org.openqa.selenium.interactions.Actions.perform(Actions.java:594)
at Master.OrdersExecution1.Hover(OrdersExecution1.java:444)
at OrdersTestcases.Dasboard_Orders.Percentage_circle_inOrdersSummary_Widget_ToolTip_Text_Verification(Dasboard_Orders.java:56)
at Master.OrdersExecution1.Percentage_circle_inOrdersSummary_Widget_ToolTip_TextVerification(OrdersExecution1.java:79)
at java.base/jdk.internal.reflect.NativeMethodAccessorImpl.invoke0(Native Method)
at java.base/jdk.internal.reflect.NativeMethodAccessorImpl.invoke(NativeMethodAccessorImpl.java:62)
at java.base/jdk.internal.reflect.DelegatingMethodAccessorImpl.invoke(DelegatingMethodAccessorImpl.java:43)
at java.base/java.lang.reflect.Method.invoke(Method.java:567)
at org.testng.internal.MethodInvocationHelper.invokeMethod(MethodInvocationHelper.java:124)
at org.testng.internal.Invoker.invokeMethod(Invoker.java:583)
at org.testng.internal.Invoker.invokeTestMethod(Invoker.java:719)
at org.testng.internal.Invoker.invokeTestMethods(Invoker.java:989)
at org.testng.internal.TestMethodWorker.invokeTestMethods(TestMethodWorker.java:125)
at org.testng.internal.TestMethodWorker.run(TestMethodWorker.java:109)
at org.testng.TestRunner.privateRun(TestRunner.java:648)
at org.testng.TestRunner.run(TestRunner.java:505)
at org.testng.SuiteRunner.runTest(SuiteRunner.java:455)
at org.testng.SuiteRunner.runSequentially(SuiteRunner.java:450)
at org.testng.SuiteRunner.privateRun(SuiteRunner.java:415)
at org.testng.SuiteRunner.run(SuiteRunner.java:364)
at org.testng.SuiteRunnerWorker.runSuite(SuiteRunnerWorker.java:52)
at org.testng.SuiteRunnerWorker.run(SuiteRunnerWorker.java:84)
at org.testng.TestNG.runSuitesSequentially(TestNG.java:1208)
at org.testng.TestNG.runSuitesLocally(TestNG.java:1137)
at org.testng.TestNG.runSuites(TestNG.java:1049)
at org.testng.TestNG.run(TestNG.java:1017)
at org.testng.remote.AbstractRemoteTestNG.run(AbstractRemoteTestNG.java:115)
at org.testng.remote.RemoteTestNG.initAndRun(RemoteTestNG.java:251)
at org.testng.remote.RemoteTestNG.main(RemoteTestNG.java:77)
Caused by: org.openqa.selenium.WebDriverException: Unable to convert: {actions=[org.openqa.selenium.interactions.Sequence@48c3205a]}
at org.openqa.selenium.remote.BeanToJsonConverter.convertObject(BeanToJsonConverter.java:87)
at org.openqa.selenium.remote.BeanToJsonConverter.convert(BeanToJsonConverter.java:65)
... 36 more
Caused by: org.openqa.selenium.WebDriverException: java.lang.reflect.InvocationTargetException
Build info: version: '3.6.0', revision: '6fbf3ec767', time: '2017-09-27T15:28:36.4Z'
System info: host: 'MACPK-WKS-0132', ip: '172.25.178.24', os.name: 'Windows 10', os.arch: 'amd64', os.version: '10.0', java.version: '12.0.2'
Driver info: driver.version: RemoteWebDriver
at org.openqa.selenium.remote.BeanToJsonConverter.convertObject(BeanToJsonConverter.java:202)
at org.openqa.selenium.remote.BeanToJsonConverter.convertObject(BeanToJsonConverter.java:154)
at org.openqa.selenium.remote.BeanToJsonConverter.convertObject(BeanToJsonConverter.java:142)
at org.openqa.selenium.remote.BeanToJsonConverter.convertObject(BeanToJsonConverter.java:85)
... 37 more
Caused by: java.lang.reflect.InvocationTargetException
at java.base/jdk.internal.reflect.NativeMethodAccessorImpl.invoke0(Native Method)
at java.base/jdk.internal.reflect.NativeMethodAccessorImpl.invoke(NativeMethodAccessorImpl.java:62)
at java.base/jdk.internal.reflect.DelegatingMethodAccessorImpl.invoke(DelegatingMethodAccessorImpl.java:43)
at java.base/java.lang.reflect.Method.invoke(Method.java:567)
at org.openqa.selenium.remote.BeanToJsonConverter.convertObject(BeanToJsonConverter.java:185)
... 40 more
Caused by: org.openqa.selenium.NoSuchElementException: no such element: Unable to locate element: {"method":"xpath","selector":"//i[contains(@class,'fa fa-caret-up')]"}
  (Session info: chrome=78.0.3904.87)
For documentation on this error, please visit: http://seleniumhq.org/exceptions/no_such_element.html
Build info: version: '3.6.0', revision: '6fbf3ec767', time: '2017-09-27T15:28:36.4Z'
System info: host: 'MACPK-WKS-0132', ip: '172.25.178.24', os.name: 'Windows 10', os.arch: 'amd64', os.version: '10.0', java.version: '12.0.2'
Driver info: org.openqa.selenium.chrome.ChromeDriver
Capabilities [{networkConnectionEnabled=false, chrome={chromedriverVersion=78.0.3904.70 (edb9c9f3de0247fd912a77b7f6cae7447f6d3ad5-refs/branch-heads/3904@{#800}), userDataDir=C:\Users\MUHAMM~1.IFT\AppData\Local\Temp\scoped_dir5352_303976483}, timeouts={implicit=0, pageLoad=300000, script=30000}, pageLoadStrategy=normal, unhandledPromptBehavior=dismiss and notify, strictFileInteractability=false, platform=XP, proxy=Proxy(), goog:chromeOptions={debuggerAddress=localhost:64563}, acceptInsecureCerts=false, browserVersion=78.0.3904.87, browserName=chrome, javascriptEnabled=true, platformName=XP, setWindowRect=true}]
Session ID: ea7353f3f502e69a1f767a5fd40358e1
*** Element info: {Using=xpath, value=//i[contains(@class,'fa fa-caret-up')]}
at java.base/jdk.internal.reflect.NativeConstructorAccessorImpl.newInstance0(Native Method)
at java.base/jdk.internal.reflect.NativeConstructorAccessorImpl.newInstance(NativeConstructorAccessorImpl.java:62)
at java.base/jdk.internal.reflect.DelegatingConstructorAccessorImpl.newInstance(DelegatingConstructorAccessorImpl.java:45)
at java.base/java.lang.reflect.Constructor.newInstanceWithCaller(Constructor.java:500)
at java.base/java.lang.reflect.Constructor.newInstance(Constructor.java:481)
at org.openqa.selenium.remote.http.W3CHttpResponseCodec.createException(W3CHttpResponseCodec.java:185)
at org.openqa.selenium.remote.http.W3CHttpResponseCodec.decode(W3CHttpResponseCodec.java:120)
at org.openqa.selenium.remote.http.W3CHttpResponseCodec.decode(W3CHttpResponseCodec.java:49)
at org.openqa.selenium.remote.HttpCommandExecutor.execute(HttpCommandExecutor.java:164)
at org.openqa.selenium.remote.service.DriverCommandExecutor.execute(DriverCommandExecutor.java:83)
at org.openqa.selenium.remote.RemoteWebDriver.execute(RemoteWebDriver.java:586)
at org.openqa.selenium.remote.RemoteWebDriver.findElement(RemoteWebDriver.java:356)
at org.openqa.selenium.remote.RemoteWebDriver.findElementByXPath(RemoteWebDriver.java:458)
at org.openqa.selenium.By$ByXPath.findElement(By.java:361)
at org.openqa.selenium.remote.RemoteWebDriver.findElement(RemoteWebDriver.java:348)
at org.openqa.selenium.support.pagefactory.DefaultElementLocator.findElement(DefaultElementLocator.java:69)
at org.openqa.selenium.support.pagefactory.internal.LocatingElementHandler.invoke(LocatingElementHandler.java:38)
at com.sun.proxy.$Proxy13.getWrappedElement(Unknown Source)
at org.openqa.selenium.interactions.PointerInput$Origin.asArg(PointerInput.java:203)
at org.openqa.selenium.interactions.PointerInput$Move.encode(PointerInput.java:154)
at org.openqa.selenium.interactions.Sequence.encode(Sequence.java:75)
at org.openqa.selenium.interactions.Sequence.toJson(Sequence.java:84)
... 45 more
]]>
    </error>
  </testcase> <!-- Percentage_circle_inOrdersSummary_Widget_ToolTip_TextVerification -->
  <testcase classname="Master.OrdersExecution1" name="PayWith_ElectronicFundsOption_DropdownValueVerification" time="6.012"/>
  <testcase classname="Master.OrdersExecution1" name="ShipVia_LoomisGroundOption_DropdownValueVerifcation" time="0.228"/>
  <testcase classname="Master.OrdersExecution1" name="OrderSaving_WithoutSalesPerson_ValidationVerification" time="13.011"/>
  <testcase classname="Master.OrdersExecution1" name="UploadDSTFileOrders_Orderlevel" time="73.521"/>
  <testcase classname="Master.OrdersExecution1" name="InvalidFileUpload_ErrorMessageDisplayVerification" time="27.639"/>
  <testcase classname="Master.OrdersExecution1" name="UploadSVGFileOrders_Orderlevel" time="27.926"/>
  <testcase classname="Master.OrdersExecution1" name="Upload_AIExtensionFile" time="42.990"/>
  <testcase classname="Master.OrdersExecution1" name="CustomProducts_SupplierSelectionDropdown_Verification" time="4.312"/>
  <testcase classname="Master.OrdersExecution1" name="VerifyCogWheelNotExistsFor_CustomProductsVerification" time="48.436"/>
  <testcase classname="Master.OrdersExecution1" name="DeleteOrder_Orderlevel" time="7.275"/>
  <testcase classname="Master.OrdersExecution1" name="CustomerFacingDoc_CPN_Visible_EnableFromSettings" time="31.182"/>
  <testcase classname="Master.OrdersExecution1" name="CreateQuote_BillingAddress_Verification" time="30.121"/>
  <testcase classname="Master.OrdersExecution1" name="CreateQuote_ShippingAddress_Verification" time="0.287"/>
  <testcase classname="Master.OrdersExecution1" name="CreateQuote_AddingProductToQuote" time="5.240"/>
  <testcase classname="Master.OrdersExecution1" name="CreateQuote_Verification" time="68.542"/>
  <testcase classname="Master.OrdersExecution1" name="ShipAccountNo_Checkbox_Uncheck_ByDefaultVerification" time="0.119"/>
  <testcase classname="Master.OrdersExecution1" name="ShipAccountNotVisible_Visible_Checkbox_UncheckForAccountNo" time="99.690"/>
  <testcase classname="Master.OrdersExecution1" name="CPN_Number_QuoteDocPreview_Verification" time="2.189"/>
  <testcase classname="Master.OrdersExecution1" name="VendorNotes_DecoratorNotes_Visible_checkbox_SelectedAtProductLevel_QuotePreviewVerification" time="62.806"/>
  <testcase classname="Master.OrdersExecution1" name="ShipAccountNo_Visibility_QuoteDocumentVerification" time="30.264"/>
  <testcase classname="Master.OrdersExecution1" name="AccountNo_Visible_Checkbox_Selected_Verification_AtProductLevel" time="9.130"/>
  <testcase classname="Master.OrdersExecution1" name="Quote_Download" time="20.364"/>
  <testcase classname="Master.OrdersExecution1" name="CreateOrder_FromQuote_LinkedTransactionInvoice" time="71.676"/>
  <testcase classname="Master.OrdersExecution1" name="ShipAccountNo_Visibility_InvoiceDocumentVerification" time="11.770"/>
  <testcase classname="Master.OrdersExecution1" name="CPN_NumberVisibilityAtInvoiceDoc_Verification" time="0.108"/>
  <testcase classname="Master.OrdersExecution1" name="VendorNotes_DecoratorNotes_Visible_checkbox_SelectedAtProductLevel_InvoicePreviewVerification" time="3.310"/>
  <testcase classname="Master.OrdersExecution1" name="LinkedTransaction_Navigation_To_OrderScreen" time="9.311"/>
  <testcase classname="Master.OrdersExecution1" name="CreateOrder_Delete_Orderwith_Associated_Invoices" time="4.752"/>
  <testcase classname="Master.OrdersExecution1" name="ShipAccountNo_AcknowledgementDocumentVerification" time="32.891"/>
  <testcase classname="Master.OrdersExecution1" name="VendorNotes_DecoratorNotes_Visible_checkbox_SelectedAtProductLevel_AcknowledgementPreviewVerification" time="4.422"/>
  <testcase classname="Master.OrdersExecution1" name="CreateOrder_LinkedTransactions_Navigation_ToQuoteScreen" time="7.686"/>
  <testcase classname="Master.OrdersExecution1" name="Enterpaymentpartial" time="28.445"/>
  <testcase classname="Master.OrdersExecution1" name="DeleteInvoice_WithPaymentLeft" time="35.506"/>
  <testcase classname="Master.OrdersExecution1" name="Full_Payment_Verify" time="15.537"/>
  <testcase classname="Master.OrdersExecution1" name="Shipping_AddressEditing" time="28.778"/>
  <testcase classname="Master.OrdersExecution1" name="Partial_PaymentLink_Verification" time="39.690"/>
  <testcase classname="Master.OrdersExecution1" name="Reorder_Verification" time="42.593"/>
  <testcase classname="Master.OrdersExecution1" name="FieldsData_Verifications_AfterReorder" time="0.152"/>
  <testcase classname="Master.OrdersExecution1" name="New_InhandDate_AfterReorderVerification" time="118.483"/>
  <testcase classname="Master.OrdersExecution1" name="Linked_Transaction_ReOrder_Verifications" time="1.347"/>
  <testcase classname="Master.OrdersExecution1" name="InvoiceCreationBillingAddress" time="18.266"/>
  <testcase classname="Master.OrdersExecution1" name="CreateInvoiceShippingAddress_Verification" time="0.272"/>
  <testcase classname="Master.OrdersExecution1" name="Product_AddedTo_Invoice" time="12.754"/>
  <testcase classname="Master.OrdersExecution1" name="CreateInvoice" time="60.356"/>
  <testcase classname="Master.OrdersExecution1" name="CreateOrder_BillingAddressVerification" time="28.669"/>
  <testcase classname="Master.OrdersExecution1" name="CreateOrder_ShippingAddressVerification" time="0.101"/>
  <testcase classname="Master.OrdersExecution1" name="CreateOrder_AcknowlodgementAddressVerification" time="0.108"/>
  <testcase classname="Master.OrdersExecution1" name="Net25_Net45_Net90_50PercentAdvance_50PercentUponCompletion_Net75_Terms_DropdownValuesVerification" time="0.712"/>
  <testcase classname="Master.OrdersExecution1" name="FedExOvernight_FedExFLEXExpress_ShipVia_DropdownValuesVerification" time="1.982"/>
</testsuite> <!-- Master.OrdersExecution1 -->
